Simulator report for Kmeans_MuxMapAddr
Tue Nov 01 13:35:16 2016
Quartus II Version 9.1 Build 350 03/24/2010 Service Pack 2 SJ Web Edition


---------------------
; Table of Contents ;
---------------------
  1. Legal Notice
  2. Simulator Summary
  3. Simulator Settings
  4. Simulation Waveforms
  5. Coverage Summary
  6. Complete 1/0-Value Coverage
  7. Missing 1-Value Coverage
  8. Missing 0-Value Coverage
  9. Simulator INI Usage
 10. Simulator Messages



----------------
; Legal Notice ;
----------------
Copyright (C) 1991-2010 Altera Corporation
Your use of Altera Corporation's design tools, logic functions 
and other software and tools, and its AMPP partner logic 
functions, and any output files from any of the foregoing 
(including device programming or simulation files), and any 
associated documentation or information are expressly subject 
to the terms and conditions of the Altera Program License 
Subscription Agreement, Altera MegaCore Function License 
Agreement, or other applicable license agreement, including, 
without limitation, that your use is for the sole purpose of 
programming logic devices manufactured by Altera and sold by 
Altera or its authorized distributors.  Please refer to the 
applicable agreement for further details.



+--------------------------------------------+
; Simulator Summary                          ;
+-----------------------------+--------------+
; Type                        ; Value        ;
+-----------------------------+--------------+
; Simulation Start Time       ; 0 ps         ;
; Simulation End Time         ; 1.0 us       ;
; Simulation Netlist Size     ; 290 nodes    ;
; Simulation Coverage         ;      20.34 % ;
; Total Number of Transitions ; 1507         ;
; Simulation Breakpoints      ; 0            ;
; Family                      ; Cyclone II   ;
; Device                      ; EP2C35F672C6 ;
+-----------------------------+--------------+


+-------------------------------------------------------------------------------------------------------------------------+
; Simulator Settings                                                                                                      ;
+--------------------------------------------------------------------------------------------+------------+---------------+
; Option                                                                                     ; Setting    ; Default Value ;
+--------------------------------------------------------------------------------------------+------------+---------------+
; Simulation mode                                                                            ; Timing     ; Timing        ;
; Start time                                                                                 ; 0 ns       ; 0 ns          ;
; Simulation results format                                                                  ; CVWF       ;               ;
; Add pins automatically to simulation output waveforms                                      ; On         ; On            ;
; Check outputs                                                                              ; Off        ; Off           ;
; Report simulation coverage                                                                 ; On         ; On            ;
; Display complete 1/0 value coverage report                                                 ; On         ; On            ;
; Display missing 1-value coverage report                                                    ; On         ; On            ;
; Display missing 0-value coverage report                                                    ; On         ; On            ;
; Detect setup and hold time violations                                                      ; Off        ; Off           ;
; Detect glitches                                                                            ; Off        ; Off           ;
; Disable timing delays in Timing Simulation                                                 ; Off        ; Off           ;
; Generate Signal Activity File                                                              ; Off        ; Off           ;
; Generate VCD File for PowerPlay Power Analyzer                                             ; Off        ; Off           ;
; Group bus channels in simulation results                                                   ; Off        ; Off           ;
; Preserve fewer signal transitions to reduce memory requirements                            ; On         ; On            ;
; Trigger vector comparison with the specified mode                                          ; INPUT_EDGE ; INPUT_EDGE    ;
; Disable setup and hold time violations detection in input registers of bi-directional pins ; Off        ; Off           ;
; Overwrite Waveform Inputs With Simulation Outputs                                          ; Off        ;               ;
; Perform Glitch Filtering in Timing Simulation                                              ; Auto       ; Auto          ;
+--------------------------------------------------------------------------------------------+------------+---------------+


+----------------------+
; Simulation Waveforms ;
+----------------------+
Waveform report data cannot be output to ASCII.
Please use Quartus II to view the waveform report data.


+--------------------------------------------------------------------+
; Coverage Summary                                                   ;
+-----------------------------------------------------+--------------+
; Type                                                ; Value        ;
+-----------------------------------------------------+--------------+
; Total coverage as a percentage                      ;      20.34 % ;
; Total nodes checked                                 ; 290          ;
; Total output ports checked                          ; 290          ;
; Total output ports with complete 1/0-value coverage ; 59           ;
; Total output ports with no 1/0-value coverage       ; 227          ;
; Total output ports with no 1-value coverage         ; 227          ;
; Total output ports with no 0-value coverage         ; 231          ;
+-----------------------------------------------------+--------------+


The following table displays output ports that toggle between 1 and 0 during simulation.
+-----------------------------------------------------------------------------------------------------------+
; Complete 1/0-Value Coverage                                                                               ;
+----------------------------------------+-----------------------------------------------+------------------+
; Node Name                              ; Output Port Name                              ; Output Port Type ;
+----------------------------------------+-----------------------------------------------+------------------+
; |Kmeans_MuxMapAddr|Mux31~0             ; |Kmeans_MuxMapAddr|Mux31~0                    ; combout          ;
; |Kmeans_MuxMapAddr|Mux31~1             ; |Kmeans_MuxMapAddr|Mux31~1                    ; combout          ;
; |Kmeans_MuxMapAddr|Mux30~0             ; |Kmeans_MuxMapAddr|Mux30~0                    ; combout          ;
; |Kmeans_MuxMapAddr|Mux30~1             ; |Kmeans_MuxMapAddr|Mux30~1                    ; combout          ;
; |Kmeans_MuxMapAddr|Mux29~0             ; |Kmeans_MuxMapAddr|Mux29~0                    ; combout          ;
; |Kmeans_MuxMapAddr|Mux29~1             ; |Kmeans_MuxMapAddr|Mux29~1                    ; combout          ;
; |Kmeans_MuxMapAddr|Mux28~0             ; |Kmeans_MuxMapAddr|Mux28~0                    ; combout          ;
; |Kmeans_MuxMapAddr|Mux28~1             ; |Kmeans_MuxMapAddr|Mux28~1                    ; combout          ;
; |Kmeans_MuxMapAddr|Mux27~0             ; |Kmeans_MuxMapAddr|Mux27~0                    ; combout          ;
; |Kmeans_MuxMapAddr|Mux27~1             ; |Kmeans_MuxMapAddr|Mux27~1                    ; combout          ;
; |Kmeans_MuxMapAddr|Mux26~0             ; |Kmeans_MuxMapAddr|Mux26~0                    ; combout          ;
; |Kmeans_MuxMapAddr|Mux26~1             ; |Kmeans_MuxMapAddr|Mux26~1                    ; combout          ;
; |Kmeans_MuxMapAddr|Mux25~0             ; |Kmeans_MuxMapAddr|Mux25~0                    ; combout          ;
; |Kmeans_MuxMapAddr|Mux25~1             ; |Kmeans_MuxMapAddr|Mux25~1                    ; combout          ;
; |Kmeans_MuxMapAddr|Mux63~0             ; |Kmeans_MuxMapAddr|Mux63~0                    ; combout          ;
; |Kmeans_MuxMapAddr|Mux62~0             ; |Kmeans_MuxMapAddr|Mux62~0                    ; combout          ;
; |Kmeans_MuxMapAddr|Mux61~0             ; |Kmeans_MuxMapAddr|Mux61~0                    ; combout          ;
; |Kmeans_MuxMapAddr|Mux60~0             ; |Kmeans_MuxMapAddr|Mux60~0                    ; combout          ;
; |Kmeans_MuxMapAddr|Mux59~0             ; |Kmeans_MuxMapAddr|Mux59~0                    ; combout          ;
; |Kmeans_MuxMapAddr|Mux58~0             ; |Kmeans_MuxMapAddr|Mux58~0                    ; combout          ;
; |Kmeans_MuxMapAddr|Mux57~0             ; |Kmeans_MuxMapAddr|Mux57~0                    ; combout          ;
; |Kmeans_MuxMapAddr|mapAddr_A[0]        ; |Kmeans_MuxMapAddr|mapAddr_A[0]               ; padio            ;
; |Kmeans_MuxMapAddr|mapAddr_A[1]        ; |Kmeans_MuxMapAddr|mapAddr_A[1]               ; padio            ;
; |Kmeans_MuxMapAddr|mapAddr_A[2]        ; |Kmeans_MuxMapAddr|mapAddr_A[2]               ; padio            ;
; |Kmeans_MuxMapAddr|mapAddr_A[3]        ; |Kmeans_MuxMapAddr|mapAddr_A[3]               ; padio            ;
; |Kmeans_MuxMapAddr|mapAddr_A[4]        ; |Kmeans_MuxMapAddr|mapAddr_A[4]               ; padio            ;
; |Kmeans_MuxMapAddr|mapAddr_A[5]        ; |Kmeans_MuxMapAddr|mapAddr_A[5]               ; padio            ;
; |Kmeans_MuxMapAddr|mapAddr_A[6]        ; |Kmeans_MuxMapAddr|mapAddr_A[6]               ; padio            ;
; |Kmeans_MuxMapAddr|mapAddr_B[0]        ; |Kmeans_MuxMapAddr|mapAddr_B[0]               ; padio            ;
; |Kmeans_MuxMapAddr|mapAddr_B[1]        ; |Kmeans_MuxMapAddr|mapAddr_B[1]               ; padio            ;
; |Kmeans_MuxMapAddr|mapAddr_B[2]        ; |Kmeans_MuxMapAddr|mapAddr_B[2]               ; padio            ;
; |Kmeans_MuxMapAddr|mapAddr_B[3]        ; |Kmeans_MuxMapAddr|mapAddr_B[3]               ; padio            ;
; |Kmeans_MuxMapAddr|mapAddr_B[4]        ; |Kmeans_MuxMapAddr|mapAddr_B[4]               ; padio            ;
; |Kmeans_MuxMapAddr|mapAddr_B[5]        ; |Kmeans_MuxMapAddr|mapAddr_B[5]               ; padio            ;
; |Kmeans_MuxMapAddr|mapAddr_B[6]        ; |Kmeans_MuxMapAddr|mapAddr_B[6]               ; padio            ;
; |Kmeans_MuxMapAddr|mapControlCalc_A[0] ; |Kmeans_MuxMapAddr|mapControlCalc_A[0]~corein ; combout          ;
; |Kmeans_MuxMapAddr|mapInit[0]          ; |Kmeans_MuxMapAddr|mapInit[0]~corein          ; combout          ;
; |Kmeans_MuxMapAddr|op[0]               ; |Kmeans_MuxMapAddr|op[0]~corein               ; combout          ;
; |Kmeans_MuxMapAddr|op[1]               ; |Kmeans_MuxMapAddr|op[1]~corein               ; combout          ;
; |Kmeans_MuxMapAddr|mapCalc[0]          ; |Kmeans_MuxMapAddr|mapCalc[0]~corein          ; combout          ;
; |Kmeans_MuxMapAddr|mapControlCalc_A[1] ; |Kmeans_MuxMapAddr|mapControlCalc_A[1]~corein ; combout          ;
; |Kmeans_MuxMapAddr|mapInit[1]          ; |Kmeans_MuxMapAddr|mapInit[1]~corein          ; combout          ;
; |Kmeans_MuxMapAddr|mapCalc[1]          ; |Kmeans_MuxMapAddr|mapCalc[1]~corein          ; combout          ;
; |Kmeans_MuxMapAddr|mapControlCalc_A[2] ; |Kmeans_MuxMapAddr|mapControlCalc_A[2]~corein ; combout          ;
; |Kmeans_MuxMapAddr|mapInit[2]          ; |Kmeans_MuxMapAddr|mapInit[2]~corein          ; combout          ;
; |Kmeans_MuxMapAddr|mapCalc[2]          ; |Kmeans_MuxMapAddr|mapCalc[2]~corein          ; combout          ;
; |Kmeans_MuxMapAddr|mapControlCalc_A[3] ; |Kmeans_MuxMapAddr|mapControlCalc_A[3]~corein ; combout          ;
; |Kmeans_MuxMapAddr|mapInit[3]          ; |Kmeans_MuxMapAddr|mapInit[3]~corein          ; combout          ;
; |Kmeans_MuxMapAddr|mapCalc[3]          ; |Kmeans_MuxMapAddr|mapCalc[3]~corein          ; combout          ;
; |Kmeans_MuxMapAddr|mapControlCalc_A[4] ; |Kmeans_MuxMapAddr|mapControlCalc_A[4]~corein ; combout          ;
; |Kmeans_MuxMapAddr|mapInit[4]          ; |Kmeans_MuxMapAddr|mapInit[4]~corein          ; combout          ;
; |Kmeans_MuxMapAddr|mapCalc[4]          ; |Kmeans_MuxMapAddr|mapCalc[4]~corein          ; combout          ;
; |Kmeans_MuxMapAddr|mapInit[5]          ; |Kmeans_MuxMapAddr|mapInit[5]~corein          ; combout          ;
; |Kmeans_MuxMapAddr|mapControlCalc_B[0] ; |Kmeans_MuxMapAddr|mapControlCalc_B[0]~corein ; combout          ;
; |Kmeans_MuxMapAddr|mapControlCalc_B[1] ; |Kmeans_MuxMapAddr|mapControlCalc_B[1]~corein ; combout          ;
; |Kmeans_MuxMapAddr|mapControlCalc_B[2] ; |Kmeans_MuxMapAddr|mapControlCalc_B[2]~corein ; combout          ;
; |Kmeans_MuxMapAddr|mapControlCalc_B[3] ; |Kmeans_MuxMapAddr|mapControlCalc_B[3]~corein ; combout          ;
; |Kmeans_MuxMapAddr|mapControlCalc_B[4] ; |Kmeans_MuxMapAddr|mapControlCalc_B[4]~corein ; combout          ;
; |Kmeans_MuxMapAddr|mapControlCalc_B[5] ; |Kmeans_MuxMapAddr|mapControlCalc_B[5]~corein ; combout          ;
+----------------------------------------+-----------------------------------------------+------------------+


The following table displays output ports that do not toggle to 1 during simulation.
+-------------------------------------------------------------------------------------------------------------+
; Missing 1-Value Coverage                                                                                    ;
+-----------------------------------------+------------------------------------------------+------------------+
; Node Name                               ; Output Port Name                               ; Output Port Type ;
+-----------------------------------------+------------------------------------------------+------------------+
; |Kmeans_MuxMapAddr|Mux24~0              ; |Kmeans_MuxMapAddr|Mux24~0                     ; combout          ;
; |Kmeans_MuxMapAddr|Mux24~1              ; |Kmeans_MuxMapAddr|Mux24~1                     ; combout          ;
; |Kmeans_MuxMapAddr|Mux23~0              ; |Kmeans_MuxMapAddr|Mux23~0                     ; combout          ;
; |Kmeans_MuxMapAddr|Mux23~1              ; |Kmeans_MuxMapAddr|Mux23~1                     ; combout          ;
; |Kmeans_MuxMapAddr|Mux22~0              ; |Kmeans_MuxMapAddr|Mux22~0                     ; combout          ;
; |Kmeans_MuxMapAddr|Mux22~1              ; |Kmeans_MuxMapAddr|Mux22~1                     ; combout          ;
; |Kmeans_MuxMapAddr|Mux21~0              ; |Kmeans_MuxMapAddr|Mux21~0                     ; combout          ;
; |Kmeans_MuxMapAddr|Mux21~1              ; |Kmeans_MuxMapAddr|Mux21~1                     ; combout          ;
; |Kmeans_MuxMapAddr|Mux20~0              ; |Kmeans_MuxMapAddr|Mux20~0                     ; combout          ;
; |Kmeans_MuxMapAddr|Mux20~1              ; |Kmeans_MuxMapAddr|Mux20~1                     ; combout          ;
; |Kmeans_MuxMapAddr|Mux19~0              ; |Kmeans_MuxMapAddr|Mux19~0                     ; combout          ;
; |Kmeans_MuxMapAddr|Mux19~1              ; |Kmeans_MuxMapAddr|Mux19~1                     ; combout          ;
; |Kmeans_MuxMapAddr|Mux18~0              ; |Kmeans_MuxMapAddr|Mux18~0                     ; combout          ;
; |Kmeans_MuxMapAddr|Mux18~1              ; |Kmeans_MuxMapAddr|Mux18~1                     ; combout          ;
; |Kmeans_MuxMapAddr|Mux17~0              ; |Kmeans_MuxMapAddr|Mux17~0                     ; combout          ;
; |Kmeans_MuxMapAddr|Mux17~1              ; |Kmeans_MuxMapAddr|Mux17~1                     ; combout          ;
; |Kmeans_MuxMapAddr|Mux16~0              ; |Kmeans_MuxMapAddr|Mux16~0                     ; combout          ;
; |Kmeans_MuxMapAddr|Mux16~1              ; |Kmeans_MuxMapAddr|Mux16~1                     ; combout          ;
; |Kmeans_MuxMapAddr|Mux15~0              ; |Kmeans_MuxMapAddr|Mux15~0                     ; combout          ;
; |Kmeans_MuxMapAddr|Mux15~1              ; |Kmeans_MuxMapAddr|Mux15~1                     ; combout          ;
; |Kmeans_MuxMapAddr|Mux14~0              ; |Kmeans_MuxMapAddr|Mux14~0                     ; combout          ;
; |Kmeans_MuxMapAddr|Mux14~1              ; |Kmeans_MuxMapAddr|Mux14~1                     ; combout          ;
; |Kmeans_MuxMapAddr|Mux13~0              ; |Kmeans_MuxMapAddr|Mux13~0                     ; combout          ;
; |Kmeans_MuxMapAddr|Mux13~1              ; |Kmeans_MuxMapAddr|Mux13~1                     ; combout          ;
; |Kmeans_MuxMapAddr|Mux12~0              ; |Kmeans_MuxMapAddr|Mux12~0                     ; combout          ;
; |Kmeans_MuxMapAddr|Mux12~1              ; |Kmeans_MuxMapAddr|Mux12~1                     ; combout          ;
; |Kmeans_MuxMapAddr|Mux11~0              ; |Kmeans_MuxMapAddr|Mux11~0                     ; combout          ;
; |Kmeans_MuxMapAddr|Mux11~1              ; |Kmeans_MuxMapAddr|Mux11~1                     ; combout          ;
; |Kmeans_MuxMapAddr|Mux10~0              ; |Kmeans_MuxMapAddr|Mux10~0                     ; combout          ;
; |Kmeans_MuxMapAddr|Mux10~1              ; |Kmeans_MuxMapAddr|Mux10~1                     ; combout          ;
; |Kmeans_MuxMapAddr|Mux9~0               ; |Kmeans_MuxMapAddr|Mux9~0                      ; combout          ;
; |Kmeans_MuxMapAddr|Mux9~1               ; |Kmeans_MuxMapAddr|Mux9~1                      ; combout          ;
; |Kmeans_MuxMapAddr|Mux8~0               ; |Kmeans_MuxMapAddr|Mux8~0                      ; combout          ;
; |Kmeans_MuxMapAddr|Mux8~1               ; |Kmeans_MuxMapAddr|Mux8~1                      ; combout          ;
; |Kmeans_MuxMapAddr|Mux7~0               ; |Kmeans_MuxMapAddr|Mux7~0                      ; combout          ;
; |Kmeans_MuxMapAddr|Mux7~1               ; |Kmeans_MuxMapAddr|Mux7~1                      ; combout          ;
; |Kmeans_MuxMapAddr|Mux6~0               ; |Kmeans_MuxMapAddr|Mux6~0                      ; combout          ;
; |Kmeans_MuxMapAddr|Mux6~1               ; |Kmeans_MuxMapAddr|Mux6~1                      ; combout          ;
; |Kmeans_MuxMapAddr|Mux5~0               ; |Kmeans_MuxMapAddr|Mux5~0                      ; combout          ;
; |Kmeans_MuxMapAddr|Mux5~1               ; |Kmeans_MuxMapAddr|Mux5~1                      ; combout          ;
; |Kmeans_MuxMapAddr|Mux4~0               ; |Kmeans_MuxMapAddr|Mux4~0                      ; combout          ;
; |Kmeans_MuxMapAddr|Mux4~1               ; |Kmeans_MuxMapAddr|Mux4~1                      ; combout          ;
; |Kmeans_MuxMapAddr|Mux3~0               ; |Kmeans_MuxMapAddr|Mux3~0                      ; combout          ;
; |Kmeans_MuxMapAddr|Mux3~1               ; |Kmeans_MuxMapAddr|Mux3~1                      ; combout          ;
; |Kmeans_MuxMapAddr|Mux2~0               ; |Kmeans_MuxMapAddr|Mux2~0                      ; combout          ;
; |Kmeans_MuxMapAddr|Mux2~1               ; |Kmeans_MuxMapAddr|Mux2~1                      ; combout          ;
; |Kmeans_MuxMapAddr|Mux1~0               ; |Kmeans_MuxMapAddr|Mux1~0                      ; combout          ;
; |Kmeans_MuxMapAddr|Mux1~1               ; |Kmeans_MuxMapAddr|Mux1~1                      ; combout          ;
; |Kmeans_MuxMapAddr|Mux0~0               ; |Kmeans_MuxMapAddr|Mux0~0                      ; combout          ;
; |Kmeans_MuxMapAddr|Mux0~1               ; |Kmeans_MuxMapAddr|Mux0~1                      ; combout          ;
; |Kmeans_MuxMapAddr|Mux56~0              ; |Kmeans_MuxMapAddr|Mux56~0                     ; combout          ;
; |Kmeans_MuxMapAddr|Mux55~0              ; |Kmeans_MuxMapAddr|Mux55~0                     ; combout          ;
; |Kmeans_MuxMapAddr|Mux54~0              ; |Kmeans_MuxMapAddr|Mux54~0                     ; combout          ;
; |Kmeans_MuxMapAddr|Mux53~0              ; |Kmeans_MuxMapAddr|Mux53~0                     ; combout          ;
; |Kmeans_MuxMapAddr|Mux52~0              ; |Kmeans_MuxMapAddr|Mux52~0                     ; combout          ;
; |Kmeans_MuxMapAddr|Mux51~0              ; |Kmeans_MuxMapAddr|Mux51~0                     ; combout          ;
; |Kmeans_MuxMapAddr|Mux50~0              ; |Kmeans_MuxMapAddr|Mux50~0                     ; combout          ;
; |Kmeans_MuxMapAddr|Mux49~0              ; |Kmeans_MuxMapAddr|Mux49~0                     ; combout          ;
; |Kmeans_MuxMapAddr|Mux48~0              ; |Kmeans_MuxMapAddr|Mux48~0                     ; combout          ;
; |Kmeans_MuxMapAddr|Mux47~0              ; |Kmeans_MuxMapAddr|Mux47~0                     ; combout          ;
; |Kmeans_MuxMapAddr|Mux46~0              ; |Kmeans_MuxMapAddr|Mux46~0                     ; combout          ;
; |Kmeans_MuxMapAddr|Mux45~0              ; |Kmeans_MuxMapAddr|Mux45~0                     ; combout          ;
; |Kmeans_MuxMapAddr|Mux44~0              ; |Kmeans_MuxMapAddr|Mux44~0                     ; combout          ;
; |Kmeans_MuxMapAddr|Mux43~0              ; |Kmeans_MuxMapAddr|Mux43~0                     ; combout          ;
; |Kmeans_MuxMapAddr|Mux42~0              ; |Kmeans_MuxMapAddr|Mux42~0                     ; combout          ;
; |Kmeans_MuxMapAddr|Mux41~0              ; |Kmeans_MuxMapAddr|Mux41~0                     ; combout          ;
; |Kmeans_MuxMapAddr|Mux40~0              ; |Kmeans_MuxMapAddr|Mux40~0                     ; combout          ;
; |Kmeans_MuxMapAddr|Mux39~0              ; |Kmeans_MuxMapAddr|Mux39~0                     ; combout          ;
; |Kmeans_MuxMapAddr|Mux38~0              ; |Kmeans_MuxMapAddr|Mux38~0                     ; combout          ;
; |Kmeans_MuxMapAddr|Mux37~0              ; |Kmeans_MuxMapAddr|Mux37~0                     ; combout          ;
; |Kmeans_MuxMapAddr|Mux36~0              ; |Kmeans_MuxMapAddr|Mux36~0                     ; combout          ;
; |Kmeans_MuxMapAddr|Mux35~0              ; |Kmeans_MuxMapAddr|Mux35~0                     ; combout          ;
; |Kmeans_MuxMapAddr|Mux34~0              ; |Kmeans_MuxMapAddr|Mux34~0                     ; combout          ;
; |Kmeans_MuxMapAddr|Mux33~0              ; |Kmeans_MuxMapAddr|Mux33~0                     ; combout          ;
; |Kmeans_MuxMapAddr|Mux32~0              ; |Kmeans_MuxMapAddr|Mux32~0                     ; combout          ;
; |Kmeans_MuxMapAddr|mapAddr_A[7]         ; |Kmeans_MuxMapAddr|mapAddr_A[7]                ; padio            ;
; |Kmeans_MuxMapAddr|mapAddr_A[8]         ; |Kmeans_MuxMapAddr|mapAddr_A[8]                ; padio            ;
; |Kmeans_MuxMapAddr|mapAddr_A[9]         ; |Kmeans_MuxMapAddr|mapAddr_A[9]                ; padio            ;
; |Kmeans_MuxMapAddr|mapAddr_A[10]        ; |Kmeans_MuxMapAddr|mapAddr_A[10]               ; padio            ;
; |Kmeans_MuxMapAddr|mapAddr_A[11]        ; |Kmeans_MuxMapAddr|mapAddr_A[11]               ; padio            ;
; |Kmeans_MuxMapAddr|mapAddr_A[12]        ; |Kmeans_MuxMapAddr|mapAddr_A[12]               ; padio            ;
; |Kmeans_MuxMapAddr|mapAddr_A[13]        ; |Kmeans_MuxMapAddr|mapAddr_A[13]               ; padio            ;
; |Kmeans_MuxMapAddr|mapAddr_A[14]        ; |Kmeans_MuxMapAddr|mapAddr_A[14]               ; padio            ;
; |Kmeans_MuxMapAddr|mapAddr_A[15]        ; |Kmeans_MuxMapAddr|mapAddr_A[15]               ; padio            ;
; |Kmeans_MuxMapAddr|mapAddr_A[16]        ; |Kmeans_MuxMapAddr|mapAddr_A[16]               ; padio            ;
; |Kmeans_MuxMapAddr|mapAddr_A[17]        ; |Kmeans_MuxMapAddr|mapAddr_A[17]               ; padio            ;
; |Kmeans_MuxMapAddr|mapAddr_A[18]        ; |Kmeans_MuxMapAddr|mapAddr_A[18]               ; padio            ;
; |Kmeans_MuxMapAddr|mapAddr_A[19]        ; |Kmeans_MuxMapAddr|mapAddr_A[19]               ; padio            ;
; |Kmeans_MuxMapAddr|mapAddr_A[20]        ; |Kmeans_MuxMapAddr|mapAddr_A[20]               ; padio            ;
; |Kmeans_MuxMapAddr|mapAddr_A[21]        ; |Kmeans_MuxMapAddr|mapAddr_A[21]               ; padio            ;
; |Kmeans_MuxMapAddr|mapAddr_A[22]        ; |Kmeans_MuxMapAddr|mapAddr_A[22]               ; padio            ;
; |Kmeans_MuxMapAddr|mapAddr_A[23]        ; |Kmeans_MuxMapAddr|mapAddr_A[23]               ; padio            ;
; |Kmeans_MuxMapAddr|mapAddr_A[24]        ; |Kmeans_MuxMapAddr|mapAddr_A[24]               ; padio            ;
; |Kmeans_MuxMapAddr|mapAddr_A[25]        ; |Kmeans_MuxMapAddr|mapAddr_A[25]               ; padio            ;
; |Kmeans_MuxMapAddr|mapAddr_A[26]        ; |Kmeans_MuxMapAddr|mapAddr_A[26]               ; padio            ;
; |Kmeans_MuxMapAddr|mapAddr_A[27]        ; |Kmeans_MuxMapAddr|mapAddr_A[27]               ; padio            ;
; |Kmeans_MuxMapAddr|mapAddr_A[28]        ; |Kmeans_MuxMapAddr|mapAddr_A[28]               ; padio            ;
; |Kmeans_MuxMapAddr|mapAddr_A[29]        ; |Kmeans_MuxMapAddr|mapAddr_A[29]               ; padio            ;
; |Kmeans_MuxMapAddr|mapAddr_A[30]        ; |Kmeans_MuxMapAddr|mapAddr_A[30]               ; padio            ;
; |Kmeans_MuxMapAddr|mapAddr_A[31]        ; |Kmeans_MuxMapAddr|mapAddr_A[31]               ; padio            ;
; |Kmeans_MuxMapAddr|mapAddr_B[7]         ; |Kmeans_MuxMapAddr|mapAddr_B[7]                ; padio            ;
; |Kmeans_MuxMapAddr|mapAddr_B[8]         ; |Kmeans_MuxMapAddr|mapAddr_B[8]                ; padio            ;
; |Kmeans_MuxMapAddr|mapAddr_B[9]         ; |Kmeans_MuxMapAddr|mapAddr_B[9]                ; padio            ;
; |Kmeans_MuxMapAddr|mapAddr_B[10]        ; |Kmeans_MuxMapAddr|mapAddr_B[10]               ; padio            ;
; |Kmeans_MuxMapAddr|mapAddr_B[11]        ; |Kmeans_MuxMapAddr|mapAddr_B[11]               ; padio            ;
; |Kmeans_MuxMapAddr|mapAddr_B[12]        ; |Kmeans_MuxMapAddr|mapAddr_B[12]               ; padio            ;
; |Kmeans_MuxMapAddr|mapAddr_B[13]        ; |Kmeans_MuxMapAddr|mapAddr_B[13]               ; padio            ;
; |Kmeans_MuxMapAddr|mapAddr_B[14]        ; |Kmeans_MuxMapAddr|mapAddr_B[14]               ; padio            ;
; |Kmeans_MuxMapAddr|mapAddr_B[15]        ; |Kmeans_MuxMapAddr|mapAddr_B[15]               ; padio            ;
; |Kmeans_MuxMapAddr|mapAddr_B[16]        ; |Kmeans_MuxMapAddr|mapAddr_B[16]               ; padio            ;
; |Kmeans_MuxMapAddr|mapAddr_B[17]        ; |Kmeans_MuxMapAddr|mapAddr_B[17]               ; padio            ;
; |Kmeans_MuxMapAddr|mapAddr_B[18]        ; |Kmeans_MuxMapAddr|mapAddr_B[18]               ; padio            ;
; |Kmeans_MuxMapAddr|mapAddr_B[19]        ; |Kmeans_MuxMapAddr|mapAddr_B[19]               ; padio            ;
; |Kmeans_MuxMapAddr|mapAddr_B[20]        ; |Kmeans_MuxMapAddr|mapAddr_B[20]               ; padio            ;
; |Kmeans_MuxMapAddr|mapAddr_B[21]        ; |Kmeans_MuxMapAddr|mapAddr_B[21]               ; padio            ;
; |Kmeans_MuxMapAddr|mapAddr_B[22]        ; |Kmeans_MuxMapAddr|mapAddr_B[22]               ; padio            ;
; |Kmeans_MuxMapAddr|mapAddr_B[23]        ; |Kmeans_MuxMapAddr|mapAddr_B[23]               ; padio            ;
; |Kmeans_MuxMapAddr|mapAddr_B[24]        ; |Kmeans_MuxMapAddr|mapAddr_B[24]               ; padio            ;
; |Kmeans_MuxMapAddr|mapAddr_B[25]        ; |Kmeans_MuxMapAddr|mapAddr_B[25]               ; padio            ;
; |Kmeans_MuxMapAddr|mapAddr_B[26]        ; |Kmeans_MuxMapAddr|mapAddr_B[26]               ; padio            ;
; |Kmeans_MuxMapAddr|mapAddr_B[27]        ; |Kmeans_MuxMapAddr|mapAddr_B[27]               ; padio            ;
; |Kmeans_MuxMapAddr|mapAddr_B[28]        ; |Kmeans_MuxMapAddr|mapAddr_B[28]               ; padio            ;
; |Kmeans_MuxMapAddr|mapAddr_B[29]        ; |Kmeans_MuxMapAddr|mapAddr_B[29]               ; padio            ;
; |Kmeans_MuxMapAddr|mapAddr_B[30]        ; |Kmeans_MuxMapAddr|mapAddr_B[30]               ; padio            ;
; |Kmeans_MuxMapAddr|mapAddr_B[31]        ; |Kmeans_MuxMapAddr|mapAddr_B[31]               ; padio            ;
; |Kmeans_MuxMapAddr|mapControlCalc_A[6]  ; |Kmeans_MuxMapAddr|mapControlCalc_A[6]~corein  ; combout          ;
; |Kmeans_MuxMapAddr|mapCalc[6]           ; |Kmeans_MuxMapAddr|mapCalc[6]~corein           ; combout          ;
; |Kmeans_MuxMapAddr|mapControlCalc_A[7]  ; |Kmeans_MuxMapAddr|mapControlCalc_A[7]~corein  ; combout          ;
; |Kmeans_MuxMapAddr|mapInit[7]           ; |Kmeans_MuxMapAddr|mapInit[7]~corein           ; combout          ;
; |Kmeans_MuxMapAddr|mapCalc[7]           ; |Kmeans_MuxMapAddr|mapCalc[7]~corein           ; combout          ;
; |Kmeans_MuxMapAddr|mapControlCalc_A[8]  ; |Kmeans_MuxMapAddr|mapControlCalc_A[8]~corein  ; combout          ;
; |Kmeans_MuxMapAddr|mapInit[8]           ; |Kmeans_MuxMapAddr|mapInit[8]~corein           ; combout          ;
; |Kmeans_MuxMapAddr|mapCalc[8]           ; |Kmeans_MuxMapAddr|mapCalc[8]~corein           ; combout          ;
; |Kmeans_MuxMapAddr|mapControlCalc_A[9]  ; |Kmeans_MuxMapAddr|mapControlCalc_A[9]~corein  ; combout          ;
; |Kmeans_MuxMapAddr|mapInit[9]           ; |Kmeans_MuxMapAddr|mapInit[9]~corein           ; combout          ;
; |Kmeans_MuxMapAddr|mapCalc[9]           ; |Kmeans_MuxMapAddr|mapCalc[9]~corein           ; combout          ;
; |Kmeans_MuxMapAddr|mapControlCalc_A[10] ; |Kmeans_MuxMapAddr|mapControlCalc_A[10]~corein ; combout          ;
; |Kmeans_MuxMapAddr|mapInit[10]          ; |Kmeans_MuxMapAddr|mapInit[10]~corein          ; combout          ;
; |Kmeans_MuxMapAddr|mapCalc[10]          ; |Kmeans_MuxMapAddr|mapCalc[10]~corein          ; combout          ;
; |Kmeans_MuxMapAddr|mapControlCalc_A[11] ; |Kmeans_MuxMapAddr|mapControlCalc_A[11]~corein ; combout          ;
; |Kmeans_MuxMapAddr|mapInit[11]          ; |Kmeans_MuxMapAddr|mapInit[11]~corein          ; combout          ;
; |Kmeans_MuxMapAddr|mapCalc[11]          ; |Kmeans_MuxMapAddr|mapCalc[11]~corein          ; combout          ;
; |Kmeans_MuxMapAddr|mapControlCalc_A[12] ; |Kmeans_MuxMapAddr|mapControlCalc_A[12]~corein ; combout          ;
; |Kmeans_MuxMapAddr|mapInit[12]          ; |Kmeans_MuxMapAddr|mapInit[12]~corein          ; combout          ;
; |Kmeans_MuxMapAddr|mapCalc[12]          ; |Kmeans_MuxMapAddr|mapCalc[12]~corein          ; combout          ;
; |Kmeans_MuxMapAddr|mapControlCalc_A[13] ; |Kmeans_MuxMapAddr|mapControlCalc_A[13]~corein ; combout          ;
; |Kmeans_MuxMapAddr|mapInit[13]          ; |Kmeans_MuxMapAddr|mapInit[13]~corein          ; combout          ;
; |Kmeans_MuxMapAddr|mapCalc[13]          ; |Kmeans_MuxMapAddr|mapCalc[13]~corein          ; combout          ;
; |Kmeans_MuxMapAddr|mapControlCalc_A[14] ; |Kmeans_MuxMapAddr|mapControlCalc_A[14]~corein ; combout          ;
; |Kmeans_MuxMapAddr|mapInit[14]          ; |Kmeans_MuxMapAddr|mapInit[14]~corein          ; combout          ;
; |Kmeans_MuxMapAddr|mapCalc[14]          ; |Kmeans_MuxMapAddr|mapCalc[14]~corein          ; combout          ;
; |Kmeans_MuxMapAddr|mapControlCalc_A[15] ; |Kmeans_MuxMapAddr|mapControlCalc_A[15]~corein ; combout          ;
; |Kmeans_MuxMapAddr|mapInit[15]          ; |Kmeans_MuxMapAddr|mapInit[15]~corein          ; combout          ;
; |Kmeans_MuxMapAddr|mapCalc[15]          ; |Kmeans_MuxMapAddr|mapCalc[15]~corein          ; combout          ;
; |Kmeans_MuxMapAddr|mapControlCalc_A[16] ; |Kmeans_MuxMapAddr|mapControlCalc_A[16]~corein ; combout          ;
; |Kmeans_MuxMapAddr|mapInit[16]          ; |Kmeans_MuxMapAddr|mapInit[16]~corein          ; combout          ;
; |Kmeans_MuxMapAddr|mapCalc[16]          ; |Kmeans_MuxMapAddr|mapCalc[16]~corein          ; combout          ;
; |Kmeans_MuxMapAddr|mapControlCalc_A[17] ; |Kmeans_MuxMapAddr|mapControlCalc_A[17]~corein ; combout          ;
; |Kmeans_MuxMapAddr|mapInit[17]          ; |Kmeans_MuxMapAddr|mapInit[17]~corein          ; combout          ;
; |Kmeans_MuxMapAddr|mapCalc[17]          ; |Kmeans_MuxMapAddr|mapCalc[17]~corein          ; combout          ;
; |Kmeans_MuxMapAddr|mapControlCalc_A[18] ; |Kmeans_MuxMapAddr|mapControlCalc_A[18]~corein ; combout          ;
; |Kmeans_MuxMapAddr|mapInit[18]          ; |Kmeans_MuxMapAddr|mapInit[18]~corein          ; combout          ;
; |Kmeans_MuxMapAddr|mapCalc[18]          ; |Kmeans_MuxMapAddr|mapCalc[18]~corein          ; combout          ;
; |Kmeans_MuxMapAddr|mapControlCalc_A[19] ; |Kmeans_MuxMapAddr|mapControlCalc_A[19]~corein ; combout          ;
; |Kmeans_MuxMapAddr|mapInit[19]          ; |Kmeans_MuxMapAddr|mapInit[19]~corein          ; combout          ;
; |Kmeans_MuxMapAddr|mapCalc[19]          ; |Kmeans_MuxMapAddr|mapCalc[19]~corein          ; combout          ;
; |Kmeans_MuxMapAddr|mapControlCalc_A[20] ; |Kmeans_MuxMapAddr|mapControlCalc_A[20]~corein ; combout          ;
; |Kmeans_MuxMapAddr|mapInit[20]          ; |Kmeans_MuxMapAddr|mapInit[20]~corein          ; combout          ;
; |Kmeans_MuxMapAddr|mapCalc[20]          ; |Kmeans_MuxMapAddr|mapCalc[20]~corein          ; combout          ;
; |Kmeans_MuxMapAddr|mapControlCalc_A[21] ; |Kmeans_MuxMapAddr|mapControlCalc_A[21]~corein ; combout          ;
; |Kmeans_MuxMapAddr|mapInit[21]          ; |Kmeans_MuxMapAddr|mapInit[21]~corein          ; combout          ;
; |Kmeans_MuxMapAddr|mapCalc[21]          ; |Kmeans_MuxMapAddr|mapCalc[21]~corein          ; combout          ;
; |Kmeans_MuxMapAddr|mapControlCalc_A[22] ; |Kmeans_MuxMapAddr|mapControlCalc_A[22]~corein ; combout          ;
; |Kmeans_MuxMapAddr|mapInit[22]          ; |Kmeans_MuxMapAddr|mapInit[22]~corein          ; combout          ;
; |Kmeans_MuxMapAddr|mapCalc[22]          ; |Kmeans_MuxMapAddr|mapCalc[22]~corein          ; combout          ;
; |Kmeans_MuxMapAddr|mapControlCalc_A[23] ; |Kmeans_MuxMapAddr|mapControlCalc_A[23]~corein ; combout          ;
; |Kmeans_MuxMapAddr|mapInit[23]          ; |Kmeans_MuxMapAddr|mapInit[23]~corein          ; combout          ;
; |Kmeans_MuxMapAddr|mapCalc[23]          ; |Kmeans_MuxMapAddr|mapCalc[23]~corein          ; combout          ;
; |Kmeans_MuxMapAddr|mapControlCalc_A[24] ; |Kmeans_MuxMapAddr|mapControlCalc_A[24]~corein ; combout          ;
; |Kmeans_MuxMapAddr|mapInit[24]          ; |Kmeans_MuxMapAddr|mapInit[24]~corein          ; combout          ;
; |Kmeans_MuxMapAddr|mapCalc[24]          ; |Kmeans_MuxMapAddr|mapCalc[24]~corein          ; combout          ;
; |Kmeans_MuxMapAddr|mapControlCalc_A[25] ; |Kmeans_MuxMapAddr|mapControlCalc_A[25]~corein ; combout          ;
; |Kmeans_MuxMapAddr|mapInit[25]          ; |Kmeans_MuxMapAddr|mapInit[25]~corein          ; combout          ;
; |Kmeans_MuxMapAddr|mapCalc[25]          ; |Kmeans_MuxMapAddr|mapCalc[25]~corein          ; combout          ;
; |Kmeans_MuxMapAddr|mapControlCalc_A[26] ; |Kmeans_MuxMapAddr|mapControlCalc_A[26]~corein ; combout          ;
; |Kmeans_MuxMapAddr|mapInit[26]          ; |Kmeans_MuxMapAddr|mapInit[26]~corein          ; combout          ;
; |Kmeans_MuxMapAddr|mapCalc[26]          ; |Kmeans_MuxMapAddr|mapCalc[26]~corein          ; combout          ;
; |Kmeans_MuxMapAddr|mapControlCalc_A[27] ; |Kmeans_MuxMapAddr|mapControlCalc_A[27]~corein ; combout          ;
; |Kmeans_MuxMapAddr|mapInit[27]          ; |Kmeans_MuxMapAddr|mapInit[27]~corein          ; combout          ;
; |Kmeans_MuxMapAddr|mapCalc[27]          ; |Kmeans_MuxMapAddr|mapCalc[27]~corein          ; combout          ;
; |Kmeans_MuxMapAddr|mapControlCalc_A[28] ; |Kmeans_MuxMapAddr|mapControlCalc_A[28]~corein ; combout          ;
; |Kmeans_MuxMapAddr|mapInit[28]          ; |Kmeans_MuxMapAddr|mapInit[28]~corein          ; combout          ;
; |Kmeans_MuxMapAddr|mapCalc[28]          ; |Kmeans_MuxMapAddr|mapCalc[28]~corein          ; combout          ;
; |Kmeans_MuxMapAddr|mapControlCalc_A[29] ; |Kmeans_MuxMapAddr|mapControlCalc_A[29]~corein ; combout          ;
; |Kmeans_MuxMapAddr|mapInit[29]          ; |Kmeans_MuxMapAddr|mapInit[29]~corein          ; combout          ;
; |Kmeans_MuxMapAddr|mapCalc[29]          ; |Kmeans_MuxMapAddr|mapCalc[29]~corein          ; combout          ;
; |Kmeans_MuxMapAddr|mapControlCalc_A[30] ; |Kmeans_MuxMapAddr|mapControlCalc_A[30]~corein ; combout          ;
; |Kmeans_MuxMapAddr|mapInit[30]          ; |Kmeans_MuxMapAddr|mapInit[30]~corein          ; combout          ;
; |Kmeans_MuxMapAddr|mapCalc[30]          ; |Kmeans_MuxMapAddr|mapCalc[30]~corein          ; combout          ;
; |Kmeans_MuxMapAddr|mapControlCalc_A[31] ; |Kmeans_MuxMapAddr|mapControlCalc_A[31]~corein ; combout          ;
; |Kmeans_MuxMapAddr|mapInit[31]          ; |Kmeans_MuxMapAddr|mapInit[31]~corein          ; combout          ;
; |Kmeans_MuxMapAddr|mapCalc[31]          ; |Kmeans_MuxMapAddr|mapCalc[31]~corein          ; combout          ;
; |Kmeans_MuxMapAddr|mapControlCalc_B[7]  ; |Kmeans_MuxMapAddr|mapControlCalc_B[7]~corein  ; combout          ;
; |Kmeans_MuxMapAddr|mapControlCalc_B[8]  ; |Kmeans_MuxMapAddr|mapControlCalc_B[8]~corein  ; combout          ;
; |Kmeans_MuxMapAddr|mapControlCalc_B[9]  ; |Kmeans_MuxMapAddr|mapControlCalc_B[9]~corein  ; combout          ;
; |Kmeans_MuxMapAddr|mapControlCalc_B[10] ; |Kmeans_MuxMapAddr|mapControlCalc_B[10]~corein ; combout          ;
; |Kmeans_MuxMapAddr|mapControlCalc_B[11] ; |Kmeans_MuxMapAddr|mapControlCalc_B[11]~corein ; combout          ;
; |Kmeans_MuxMapAddr|mapControlCalc_B[12] ; |Kmeans_MuxMapAddr|mapControlCalc_B[12]~corein ; combout          ;
; |Kmeans_MuxMapAddr|mapControlCalc_B[13] ; |Kmeans_MuxMapAddr|mapControlCalc_B[13]~corein ; combout          ;
; |Kmeans_MuxMapAddr|mapControlCalc_B[14] ; |Kmeans_MuxMapAddr|mapControlCalc_B[14]~corein ; combout          ;
; |Kmeans_MuxMapAddr|mapControlCalc_B[15] ; |Kmeans_MuxMapAddr|mapControlCalc_B[15]~corein ; combout          ;
; |Kmeans_MuxMapAddr|mapControlCalc_B[16] ; |Kmeans_MuxMapAddr|mapControlCalc_B[16]~corein ; combout          ;
; |Kmeans_MuxMapAddr|mapControlCalc_B[17] ; |Kmeans_MuxMapAddr|mapControlCalc_B[17]~corein ; combout          ;
; |Kmeans_MuxMapAddr|mapControlCalc_B[18] ; |Kmeans_MuxMapAddr|mapControlCalc_B[18]~corein ; combout          ;
; |Kmeans_MuxMapAddr|mapControlCalc_B[19] ; |Kmeans_MuxMapAddr|mapControlCalc_B[19]~corein ; combout          ;
; |Kmeans_MuxMapAddr|mapControlCalc_B[20] ; |Kmeans_MuxMapAddr|mapControlCalc_B[20]~corein ; combout          ;
; |Kmeans_MuxMapAddr|mapControlCalc_B[21] ; |Kmeans_MuxMapAddr|mapControlCalc_B[21]~corein ; combout          ;
; |Kmeans_MuxMapAddr|mapControlCalc_B[22] ; |Kmeans_MuxMapAddr|mapControlCalc_B[22]~corein ; combout          ;
; |Kmeans_MuxMapAddr|mapControlCalc_B[23] ; |Kmeans_MuxMapAddr|mapControlCalc_B[23]~corein ; combout          ;
; |Kmeans_MuxMapAddr|mapControlCalc_B[24] ; |Kmeans_MuxMapAddr|mapControlCalc_B[24]~corein ; combout          ;
; |Kmeans_MuxMapAddr|mapControlCalc_B[25] ; |Kmeans_MuxMapAddr|mapControlCalc_B[25]~corein ; combout          ;
; |Kmeans_MuxMapAddr|mapControlCalc_B[26] ; |Kmeans_MuxMapAddr|mapControlCalc_B[26]~corein ; combout          ;
; |Kmeans_MuxMapAddr|mapControlCalc_B[27] ; |Kmeans_MuxMapAddr|mapControlCalc_B[27]~corein ; combout          ;
; |Kmeans_MuxMapAddr|mapControlCalc_B[28] ; |Kmeans_MuxMapAddr|mapControlCalc_B[28]~corein ; combout          ;
; |Kmeans_MuxMapAddr|mapControlCalc_B[29] ; |Kmeans_MuxMapAddr|mapControlCalc_B[29]~corein ; combout          ;
; |Kmeans_MuxMapAddr|mapControlCalc_B[30] ; |Kmeans_MuxMapAddr|mapControlCalc_B[30]~corein ; combout          ;
; |Kmeans_MuxMapAddr|mapControlCalc_B[31] ; |Kmeans_MuxMapAddr|mapControlCalc_B[31]~corein ; combout          ;
+-----------------------------------------+------------------------------------------------+------------------+


The following table displays output ports that do not toggle to 0 during simulation.
+-------------------------------------------------------------------------------------------------------------+
; Missing 0-Value Coverage                                                                                    ;
+-----------------------------------------+------------------------------------------------+------------------+
; Node Name                               ; Output Port Name                               ; Output Port Type ;
+-----------------------------------------+------------------------------------------------+------------------+
; |Kmeans_MuxMapAddr|Mux24~0              ; |Kmeans_MuxMapAddr|Mux24~0                     ; combout          ;
; |Kmeans_MuxMapAddr|Mux24~1              ; |Kmeans_MuxMapAddr|Mux24~1                     ; combout          ;
; |Kmeans_MuxMapAddr|Mux23~0              ; |Kmeans_MuxMapAddr|Mux23~0                     ; combout          ;
; |Kmeans_MuxMapAddr|Mux23~1              ; |Kmeans_MuxMapAddr|Mux23~1                     ; combout          ;
; |Kmeans_MuxMapAddr|Mux22~0              ; |Kmeans_MuxMapAddr|Mux22~0                     ; combout          ;
; |Kmeans_MuxMapAddr|Mux22~1              ; |Kmeans_MuxMapAddr|Mux22~1                     ; combout          ;
; |Kmeans_MuxMapAddr|Mux21~0              ; |Kmeans_MuxMapAddr|Mux21~0                     ; combout          ;
; |Kmeans_MuxMapAddr|Mux21~1              ; |Kmeans_MuxMapAddr|Mux21~1                     ; combout          ;
; |Kmeans_MuxMapAddr|Mux20~0              ; |Kmeans_MuxMapAddr|Mux20~0                     ; combout          ;
; |Kmeans_MuxMapAddr|Mux20~1              ; |Kmeans_MuxMapAddr|Mux20~1                     ; combout          ;
; |Kmeans_MuxMapAddr|Mux19~0              ; |Kmeans_MuxMapAddr|Mux19~0                     ; combout          ;
; |Kmeans_MuxMapAddr|Mux19~1              ; |Kmeans_MuxMapAddr|Mux19~1                     ; combout          ;
; |Kmeans_MuxMapAddr|Mux18~0              ; |Kmeans_MuxMapAddr|Mux18~0                     ; combout          ;
; |Kmeans_MuxMapAddr|Mux18~1              ; |Kmeans_MuxMapAddr|Mux18~1                     ; combout          ;
; |Kmeans_MuxMapAddr|Mux17~0              ; |Kmeans_MuxMapAddr|Mux17~0                     ; combout          ;
; |Kmeans_MuxMapAddr|Mux17~1              ; |Kmeans_MuxMapAddr|Mux17~1                     ; combout          ;
; |Kmeans_MuxMapAddr|Mux16~0              ; |Kmeans_MuxMapAddr|Mux16~0                     ; combout          ;
; |Kmeans_MuxMapAddr|Mux16~1              ; |Kmeans_MuxMapAddr|Mux16~1                     ; combout          ;
; |Kmeans_MuxMapAddr|Mux15~0              ; |Kmeans_MuxMapAddr|Mux15~0                     ; combout          ;
; |Kmeans_MuxMapAddr|Mux15~1              ; |Kmeans_MuxMapAddr|Mux15~1                     ; combout          ;
; |Kmeans_MuxMapAddr|Mux14~0              ; |Kmeans_MuxMapAddr|Mux14~0                     ; combout          ;
; |Kmeans_MuxMapAddr|Mux14~1              ; |Kmeans_MuxMapAddr|Mux14~1                     ; combout          ;
; |Kmeans_MuxMapAddr|Mux13~0              ; |Kmeans_MuxMapAddr|Mux13~0                     ; combout          ;
; |Kmeans_MuxMapAddr|Mux13~1              ; |Kmeans_MuxMapAddr|Mux13~1                     ; combout          ;
; |Kmeans_MuxMapAddr|Mux12~0              ; |Kmeans_MuxMapAddr|Mux12~0                     ; combout          ;
; |Kmeans_MuxMapAddr|Mux12~1              ; |Kmeans_MuxMapAddr|Mux12~1                     ; combout          ;
; |Kmeans_MuxMapAddr|Mux11~0              ; |Kmeans_MuxMapAddr|Mux11~0                     ; combout          ;
; |Kmeans_MuxMapAddr|Mux11~1              ; |Kmeans_MuxMapAddr|Mux11~1                     ; combout          ;
; |Kmeans_MuxMapAddr|Mux10~0              ; |Kmeans_MuxMapAddr|Mux10~0                     ; combout          ;
; |Kmeans_MuxMapAddr|Mux10~1              ; |Kmeans_MuxMapAddr|Mux10~1                     ; combout          ;
; |Kmeans_MuxMapAddr|Mux9~0               ; |Kmeans_MuxMapAddr|Mux9~0                      ; combout          ;
; |Kmeans_MuxMapAddr|Mux9~1               ; |Kmeans_MuxMapAddr|Mux9~1                      ; combout          ;
; |Kmeans_MuxMapAddr|Mux8~0               ; |Kmeans_MuxMapAddr|Mux8~0                      ; combout          ;
; |Kmeans_MuxMapAddr|Mux8~1               ; |Kmeans_MuxMapAddr|Mux8~1                      ; combout          ;
; |Kmeans_MuxMapAddr|Mux7~0               ; |Kmeans_MuxMapAddr|Mux7~0                      ; combout          ;
; |Kmeans_MuxMapAddr|Mux7~1               ; |Kmeans_MuxMapAddr|Mux7~1                      ; combout          ;
; |Kmeans_MuxMapAddr|Mux6~0               ; |Kmeans_MuxMapAddr|Mux6~0                      ; combout          ;
; |Kmeans_MuxMapAddr|Mux6~1               ; |Kmeans_MuxMapAddr|Mux6~1                      ; combout          ;
; |Kmeans_MuxMapAddr|Mux5~0               ; |Kmeans_MuxMapAddr|Mux5~0                      ; combout          ;
; |Kmeans_MuxMapAddr|Mux5~1               ; |Kmeans_MuxMapAddr|Mux5~1                      ; combout          ;
; |Kmeans_MuxMapAddr|Mux4~0               ; |Kmeans_MuxMapAddr|Mux4~0                      ; combout          ;
; |Kmeans_MuxMapAddr|Mux4~1               ; |Kmeans_MuxMapAddr|Mux4~1                      ; combout          ;
; |Kmeans_MuxMapAddr|Mux3~0               ; |Kmeans_MuxMapAddr|Mux3~0                      ; combout          ;
; |Kmeans_MuxMapAddr|Mux3~1               ; |Kmeans_MuxMapAddr|Mux3~1                      ; combout          ;
; |Kmeans_MuxMapAddr|Mux2~0               ; |Kmeans_MuxMapAddr|Mux2~0                      ; combout          ;
; |Kmeans_MuxMapAddr|Mux2~1               ; |Kmeans_MuxMapAddr|Mux2~1                      ; combout          ;
; |Kmeans_MuxMapAddr|Mux1~0               ; |Kmeans_MuxMapAddr|Mux1~0                      ; combout          ;
; |Kmeans_MuxMapAddr|Mux1~1               ; |Kmeans_MuxMapAddr|Mux1~1                      ; combout          ;
; |Kmeans_MuxMapAddr|Mux0~0               ; |Kmeans_MuxMapAddr|Mux0~0                      ; combout          ;
; |Kmeans_MuxMapAddr|Mux0~1               ; |Kmeans_MuxMapAddr|Mux0~1                      ; combout          ;
; |Kmeans_MuxMapAddr|Mux56~0              ; |Kmeans_MuxMapAddr|Mux56~0                     ; combout          ;
; |Kmeans_MuxMapAddr|Mux55~0              ; |Kmeans_MuxMapAddr|Mux55~0                     ; combout          ;
; |Kmeans_MuxMapAddr|Mux54~0              ; |Kmeans_MuxMapAddr|Mux54~0                     ; combout          ;
; |Kmeans_MuxMapAddr|Mux53~0              ; |Kmeans_MuxMapAddr|Mux53~0                     ; combout          ;
; |Kmeans_MuxMapAddr|Mux52~0              ; |Kmeans_MuxMapAddr|Mux52~0                     ; combout          ;
; |Kmeans_MuxMapAddr|Mux51~0              ; |Kmeans_MuxMapAddr|Mux51~0                     ; combout          ;
; |Kmeans_MuxMapAddr|Mux50~0              ; |Kmeans_MuxMapAddr|Mux50~0                     ; combout          ;
; |Kmeans_MuxMapAddr|Mux49~0              ; |Kmeans_MuxMapAddr|Mux49~0                     ; combout          ;
; |Kmeans_MuxMapAddr|Mux48~0              ; |Kmeans_MuxMapAddr|Mux48~0                     ; combout          ;
; |Kmeans_MuxMapAddr|Mux47~0              ; |Kmeans_MuxMapAddr|Mux47~0                     ; combout          ;
; |Kmeans_MuxMapAddr|Mux46~0              ; |Kmeans_MuxMapAddr|Mux46~0                     ; combout          ;
; |Kmeans_MuxMapAddr|Mux45~0              ; |Kmeans_MuxMapAddr|Mux45~0                     ; combout          ;
; |Kmeans_MuxMapAddr|Mux44~0              ; |Kmeans_MuxMapAddr|Mux44~0                     ; combout          ;
; |Kmeans_MuxMapAddr|Mux43~0              ; |Kmeans_MuxMapAddr|Mux43~0                     ; combout          ;
; |Kmeans_MuxMapAddr|Mux42~0              ; |Kmeans_MuxMapAddr|Mux42~0                     ; combout          ;
; |Kmeans_MuxMapAddr|Mux41~0              ; |Kmeans_MuxMapAddr|Mux41~0                     ; combout          ;
; |Kmeans_MuxMapAddr|Mux40~0              ; |Kmeans_MuxMapAddr|Mux40~0                     ; combout          ;
; |Kmeans_MuxMapAddr|Mux39~0              ; |Kmeans_MuxMapAddr|Mux39~0                     ; combout          ;
; |Kmeans_MuxMapAddr|Mux38~0              ; |Kmeans_MuxMapAddr|Mux38~0                     ; combout          ;
; |Kmeans_MuxMapAddr|Mux37~0              ; |Kmeans_MuxMapAddr|Mux37~0                     ; combout          ;
; |Kmeans_MuxMapAddr|Mux36~0              ; |Kmeans_MuxMapAddr|Mux36~0                     ; combout          ;
; |Kmeans_MuxMapAddr|Mux35~0              ; |Kmeans_MuxMapAddr|Mux35~0                     ; combout          ;
; |Kmeans_MuxMapAddr|Mux34~0              ; |Kmeans_MuxMapAddr|Mux34~0                     ; combout          ;
; |Kmeans_MuxMapAddr|Mux33~0              ; |Kmeans_MuxMapAddr|Mux33~0                     ; combout          ;
; |Kmeans_MuxMapAddr|Mux32~0              ; |Kmeans_MuxMapAddr|Mux32~0                     ; combout          ;
; |Kmeans_MuxMapAddr|mapAddr_A[7]         ; |Kmeans_MuxMapAddr|mapAddr_A[7]                ; padio            ;
; |Kmeans_MuxMapAddr|mapAddr_A[8]         ; |Kmeans_MuxMapAddr|mapAddr_A[8]                ; padio            ;
; |Kmeans_MuxMapAddr|mapAddr_A[9]         ; |Kmeans_MuxMapAddr|mapAddr_A[9]                ; padio            ;
; |Kmeans_MuxMapAddr|mapAddr_A[10]        ; |Kmeans_MuxMapAddr|mapAddr_A[10]               ; padio            ;
; |Kmeans_MuxMapAddr|mapAddr_A[11]        ; |Kmeans_MuxMapAddr|mapAddr_A[11]               ; padio            ;
; |Kmeans_MuxMapAddr|mapAddr_A[12]        ; |Kmeans_MuxMapAddr|mapAddr_A[12]               ; padio            ;
; |Kmeans_MuxMapAddr|mapAddr_A[13]        ; |Kmeans_MuxMapAddr|mapAddr_A[13]               ; padio            ;
; |Kmeans_MuxMapAddr|mapAddr_A[14]        ; |Kmeans_MuxMapAddr|mapAddr_A[14]               ; padio            ;
; |Kmeans_MuxMapAddr|mapAddr_A[15]        ; |Kmeans_MuxMapAddr|mapAddr_A[15]               ; padio            ;
; |Kmeans_MuxMapAddr|mapAddr_A[16]        ; |Kmeans_MuxMapAddr|mapAddr_A[16]               ; padio            ;
; |Kmeans_MuxMapAddr|mapAddr_A[17]        ; |Kmeans_MuxMapAddr|mapAddr_A[17]               ; padio            ;
; |Kmeans_MuxMapAddr|mapAddr_A[18]        ; |Kmeans_MuxMapAddr|mapAddr_A[18]               ; padio            ;
; |Kmeans_MuxMapAddr|mapAddr_A[19]        ; |Kmeans_MuxMapAddr|mapAddr_A[19]               ; padio            ;
; |Kmeans_MuxMapAddr|mapAddr_A[20]        ; |Kmeans_MuxMapAddr|mapAddr_A[20]               ; padio            ;
; |Kmeans_MuxMapAddr|mapAddr_A[21]        ; |Kmeans_MuxMapAddr|mapAddr_A[21]               ; padio            ;
; |Kmeans_MuxMapAddr|mapAddr_A[22]        ; |Kmeans_MuxMapAddr|mapAddr_A[22]               ; padio            ;
; |Kmeans_MuxMapAddr|mapAddr_A[23]        ; |Kmeans_MuxMapAddr|mapAddr_A[23]               ; padio            ;
; |Kmeans_MuxMapAddr|mapAddr_A[24]        ; |Kmeans_MuxMapAddr|mapAddr_A[24]               ; padio            ;
; |Kmeans_MuxMapAddr|mapAddr_A[25]        ; |Kmeans_MuxMapAddr|mapAddr_A[25]               ; padio            ;
; |Kmeans_MuxMapAddr|mapAddr_A[26]        ; |Kmeans_MuxMapAddr|mapAddr_A[26]               ; padio            ;
; |Kmeans_MuxMapAddr|mapAddr_A[27]        ; |Kmeans_MuxMapAddr|mapAddr_A[27]               ; padio            ;
; |Kmeans_MuxMapAddr|mapAddr_A[28]        ; |Kmeans_MuxMapAddr|mapAddr_A[28]               ; padio            ;
; |Kmeans_MuxMapAddr|mapAddr_A[29]        ; |Kmeans_MuxMapAddr|mapAddr_A[29]               ; padio            ;
; |Kmeans_MuxMapAddr|mapAddr_A[30]        ; |Kmeans_MuxMapAddr|mapAddr_A[30]               ; padio            ;
; |Kmeans_MuxMapAddr|mapAddr_A[31]        ; |Kmeans_MuxMapAddr|mapAddr_A[31]               ; padio            ;
; |Kmeans_MuxMapAddr|mapAddr_B[7]         ; |Kmeans_MuxMapAddr|mapAddr_B[7]                ; padio            ;
; |Kmeans_MuxMapAddr|mapAddr_B[8]         ; |Kmeans_MuxMapAddr|mapAddr_B[8]                ; padio            ;
; |Kmeans_MuxMapAddr|mapAddr_B[9]         ; |Kmeans_MuxMapAddr|mapAddr_B[9]                ; padio            ;
; |Kmeans_MuxMapAddr|mapAddr_B[10]        ; |Kmeans_MuxMapAddr|mapAddr_B[10]               ; padio            ;
; |Kmeans_MuxMapAddr|mapAddr_B[11]        ; |Kmeans_MuxMapAddr|mapAddr_B[11]               ; padio            ;
; |Kmeans_MuxMapAddr|mapAddr_B[12]        ; |Kmeans_MuxMapAddr|mapAddr_B[12]               ; padio            ;
; |Kmeans_MuxMapAddr|mapAddr_B[13]        ; |Kmeans_MuxMapAddr|mapAddr_B[13]               ; padio            ;
; |Kmeans_MuxMapAddr|mapAddr_B[14]        ; |Kmeans_MuxMapAddr|mapAddr_B[14]               ; padio            ;
; |Kmeans_MuxMapAddr|mapAddr_B[15]        ; |Kmeans_MuxMapAddr|mapAddr_B[15]               ; padio            ;
; |Kmeans_MuxMapAddr|mapAddr_B[16]        ; |Kmeans_MuxMapAddr|mapAddr_B[16]               ; padio            ;
; |Kmeans_MuxMapAddr|mapAddr_B[17]        ; |Kmeans_MuxMapAddr|mapAddr_B[17]               ; padio            ;
; |Kmeans_MuxMapAddr|mapAddr_B[18]        ; |Kmeans_MuxMapAddr|mapAddr_B[18]               ; padio            ;
; |Kmeans_MuxMapAddr|mapAddr_B[19]        ; |Kmeans_MuxMapAddr|mapAddr_B[19]               ; padio            ;
; |Kmeans_MuxMapAddr|mapAddr_B[20]        ; |Kmeans_MuxMapAddr|mapAddr_B[20]               ; padio            ;
; |Kmeans_MuxMapAddr|mapAddr_B[21]        ; |Kmeans_MuxMapAddr|mapAddr_B[21]               ; padio            ;
; |Kmeans_MuxMapAddr|mapAddr_B[22]        ; |Kmeans_MuxMapAddr|mapAddr_B[22]               ; padio            ;
; |Kmeans_MuxMapAddr|mapAddr_B[23]        ; |Kmeans_MuxMapAddr|mapAddr_B[23]               ; padio            ;
; |Kmeans_MuxMapAddr|mapAddr_B[24]        ; |Kmeans_MuxMapAddr|mapAddr_B[24]               ; padio            ;
; |Kmeans_MuxMapAddr|mapAddr_B[25]        ; |Kmeans_MuxMapAddr|mapAddr_B[25]               ; padio            ;
; |Kmeans_MuxMapAddr|mapAddr_B[26]        ; |Kmeans_MuxMapAddr|mapAddr_B[26]               ; padio            ;
; |Kmeans_MuxMapAddr|mapAddr_B[27]        ; |Kmeans_MuxMapAddr|mapAddr_B[27]               ; padio            ;
; |Kmeans_MuxMapAddr|mapAddr_B[28]        ; |Kmeans_MuxMapAddr|mapAddr_B[28]               ; padio            ;
; |Kmeans_MuxMapAddr|mapAddr_B[29]        ; |Kmeans_MuxMapAddr|mapAddr_B[29]               ; padio            ;
; |Kmeans_MuxMapAddr|mapAddr_B[30]        ; |Kmeans_MuxMapAddr|mapAddr_B[30]               ; padio            ;
; |Kmeans_MuxMapAddr|mapAddr_B[31]        ; |Kmeans_MuxMapAddr|mapAddr_B[31]               ; padio            ;
; |Kmeans_MuxMapAddr|mapControlCalc_A[5]  ; |Kmeans_MuxMapAddr|mapControlCalc_A[5]~corein  ; combout          ;
; |Kmeans_MuxMapAddr|mapCalc[5]           ; |Kmeans_MuxMapAddr|mapCalc[5]~corein           ; combout          ;
; |Kmeans_MuxMapAddr|mapControlCalc_A[6]  ; |Kmeans_MuxMapAddr|mapControlCalc_A[6]~corein  ; combout          ;
; |Kmeans_MuxMapAddr|mapInit[6]           ; |Kmeans_MuxMapAddr|mapInit[6]~corein           ; combout          ;
; |Kmeans_MuxMapAddr|mapCalc[6]           ; |Kmeans_MuxMapAddr|mapCalc[6]~corein           ; combout          ;
; |Kmeans_MuxMapAddr|mapControlCalc_A[7]  ; |Kmeans_MuxMapAddr|mapControlCalc_A[7]~corein  ; combout          ;
; |Kmeans_MuxMapAddr|mapInit[7]           ; |Kmeans_MuxMapAddr|mapInit[7]~corein           ; combout          ;
; |Kmeans_MuxMapAddr|mapCalc[7]           ; |Kmeans_MuxMapAddr|mapCalc[7]~corein           ; combout          ;
; |Kmeans_MuxMapAddr|mapControlCalc_A[8]  ; |Kmeans_MuxMapAddr|mapControlCalc_A[8]~corein  ; combout          ;
; |Kmeans_MuxMapAddr|mapInit[8]           ; |Kmeans_MuxMapAddr|mapInit[8]~corein           ; combout          ;
; |Kmeans_MuxMapAddr|mapCalc[8]           ; |Kmeans_MuxMapAddr|mapCalc[8]~corein           ; combout          ;
; |Kmeans_MuxMapAddr|mapControlCalc_A[9]  ; |Kmeans_MuxMapAddr|mapControlCalc_A[9]~corein  ; combout          ;
; |Kmeans_MuxMapAddr|mapInit[9]           ; |Kmeans_MuxMapAddr|mapInit[9]~corein           ; combout          ;
; |Kmeans_MuxMapAddr|mapCalc[9]           ; |Kmeans_MuxMapAddr|mapCalc[9]~corein           ; combout          ;
; |Kmeans_MuxMapAddr|mapControlCalc_A[10] ; |Kmeans_MuxMapAddr|mapControlCalc_A[10]~corein ; combout          ;
; |Kmeans_MuxMapAddr|mapInit[10]          ; |Kmeans_MuxMapAddr|mapInit[10]~corein          ; combout          ;
; |Kmeans_MuxMapAddr|mapCalc[10]          ; |Kmeans_MuxMapAddr|mapCalc[10]~corein          ; combout          ;
; |Kmeans_MuxMapAddr|mapControlCalc_A[11] ; |Kmeans_MuxMapAddr|mapControlCalc_A[11]~corein ; combout          ;
; |Kmeans_MuxMapAddr|mapInit[11]          ; |Kmeans_MuxMapAddr|mapInit[11]~corein          ; combout          ;
; |Kmeans_MuxMapAddr|mapCalc[11]          ; |Kmeans_MuxMapAddr|mapCalc[11]~corein          ; combout          ;
; |Kmeans_MuxMapAddr|mapControlCalc_A[12] ; |Kmeans_MuxMapAddr|mapControlCalc_A[12]~corein ; combout          ;
; |Kmeans_MuxMapAddr|mapInit[12]          ; |Kmeans_MuxMapAddr|mapInit[12]~corein          ; combout          ;
; |Kmeans_MuxMapAddr|mapCalc[12]          ; |Kmeans_MuxMapAddr|mapCalc[12]~corein          ; combout          ;
; |Kmeans_MuxMapAddr|mapControlCalc_A[13] ; |Kmeans_MuxMapAddr|mapControlCalc_A[13]~corein ; combout          ;
; |Kmeans_MuxMapAddr|mapInit[13]          ; |Kmeans_MuxMapAddr|mapInit[13]~corein          ; combout          ;
; |Kmeans_MuxMapAddr|mapCalc[13]          ; |Kmeans_MuxMapAddr|mapCalc[13]~corein          ; combout          ;
; |Kmeans_MuxMapAddr|mapControlCalc_A[14] ; |Kmeans_MuxMapAddr|mapControlCalc_A[14]~corein ; combout          ;
; |Kmeans_MuxMapAddr|mapInit[14]          ; |Kmeans_MuxMapAddr|mapInit[14]~corein          ; combout          ;
; |Kmeans_MuxMapAddr|mapCalc[14]          ; |Kmeans_MuxMapAddr|mapCalc[14]~corein          ; combout          ;
; |Kmeans_MuxMapAddr|mapControlCalc_A[15] ; |Kmeans_MuxMapAddr|mapControlCalc_A[15]~corein ; combout          ;
; |Kmeans_MuxMapAddr|mapInit[15]          ; |Kmeans_MuxMapAddr|mapInit[15]~corein          ; combout          ;
; |Kmeans_MuxMapAddr|mapCalc[15]          ; |Kmeans_MuxMapAddr|mapCalc[15]~corein          ; combout          ;
; |Kmeans_MuxMapAddr|mapControlCalc_A[16] ; |Kmeans_MuxMapAddr|mapControlCalc_A[16]~corein ; combout          ;
; |Kmeans_MuxMapAddr|mapInit[16]          ; |Kmeans_MuxMapAddr|mapInit[16]~corein          ; combout          ;
; |Kmeans_MuxMapAddr|mapCalc[16]          ; |Kmeans_MuxMapAddr|mapCalc[16]~corein          ; combout          ;
; |Kmeans_MuxMapAddr|mapControlCalc_A[17] ; |Kmeans_MuxMapAddr|mapControlCalc_A[17]~corein ; combout          ;
; |Kmeans_MuxMapAddr|mapInit[17]          ; |Kmeans_MuxMapAddr|mapInit[17]~corein          ; combout          ;
; |Kmeans_MuxMapAddr|mapCalc[17]          ; |Kmeans_MuxMapAddr|mapCalc[17]~corein          ; combout          ;
; |Kmeans_MuxMapAddr|mapControlCalc_A[18] ; |Kmeans_MuxMapAddr|mapControlCalc_A[18]~corein ; combout          ;
; |Kmeans_MuxMapAddr|mapInit[18]          ; |Kmeans_MuxMapAddr|mapInit[18]~corein          ; combout          ;
; |Kmeans_MuxMapAddr|mapCalc[18]          ; |Kmeans_MuxMapAddr|mapCalc[18]~corein          ; combout          ;
; |Kmeans_MuxMapAddr|mapControlCalc_A[19] ; |Kmeans_MuxMapAddr|mapControlCalc_A[19]~corein ; combout          ;
; |Kmeans_MuxMapAddr|mapInit[19]          ; |Kmeans_MuxMapAddr|mapInit[19]~corein          ; combout          ;
; |Kmeans_MuxMapAddr|mapCalc[19]          ; |Kmeans_MuxMapAddr|mapCalc[19]~corein          ; combout          ;
; |Kmeans_MuxMapAddr|mapControlCalc_A[20] ; |Kmeans_MuxMapAddr|mapControlCalc_A[20]~corein ; combout          ;
; |Kmeans_MuxMapAddr|mapInit[20]          ; |Kmeans_MuxMapAddr|mapInit[20]~corein          ; combout          ;
; |Kmeans_MuxMapAddr|mapCalc[20]          ; |Kmeans_MuxMapAddr|mapCalc[20]~corein          ; combout          ;
; |Kmeans_MuxMapAddr|mapControlCalc_A[21] ; |Kmeans_MuxMapAddr|mapControlCalc_A[21]~corein ; combout          ;
; |Kmeans_MuxMapAddr|mapInit[21]          ; |Kmeans_MuxMapAddr|mapInit[21]~corein          ; combout          ;
; |Kmeans_MuxMapAddr|mapCalc[21]          ; |Kmeans_MuxMapAddr|mapCalc[21]~corein          ; combout          ;
; |Kmeans_MuxMapAddr|mapControlCalc_A[22] ; |Kmeans_MuxMapAddr|mapControlCalc_A[22]~corein ; combout          ;
; |Kmeans_MuxMapAddr|mapInit[22]          ; |Kmeans_MuxMapAddr|mapInit[22]~corein          ; combout          ;
; |Kmeans_MuxMapAddr|mapCalc[22]          ; |Kmeans_MuxMapAddr|mapCalc[22]~corein          ; combout          ;
; |Kmeans_MuxMapAddr|mapControlCalc_A[23] ; |Kmeans_MuxMapAddr|mapControlCalc_A[23]~corein ; combout          ;
; |Kmeans_MuxMapAddr|mapInit[23]          ; |Kmeans_MuxMapAddr|mapInit[23]~corein          ; combout          ;
; |Kmeans_MuxMapAddr|mapCalc[23]          ; |Kmeans_MuxMapAddr|mapCalc[23]~corein          ; combout          ;
; |Kmeans_MuxMapAddr|mapControlCalc_A[24] ; |Kmeans_MuxMapAddr|mapControlCalc_A[24]~corein ; combout          ;
; |Kmeans_MuxMapAddr|mapInit[24]          ; |Kmeans_MuxMapAddr|mapInit[24]~corein          ; combout          ;
; |Kmeans_MuxMapAddr|mapCalc[24]          ; |Kmeans_MuxMapAddr|mapCalc[24]~corein          ; combout          ;
; |Kmeans_MuxMapAddr|mapControlCalc_A[25] ; |Kmeans_MuxMapAddr|mapControlCalc_A[25]~corein ; combout          ;
; |Kmeans_MuxMapAddr|mapInit[25]          ; |Kmeans_MuxMapAddr|mapInit[25]~corein          ; combout          ;
; |Kmeans_MuxMapAddr|mapCalc[25]          ; |Kmeans_MuxMapAddr|mapCalc[25]~corein          ; combout          ;
; |Kmeans_MuxMapAddr|mapControlCalc_A[26] ; |Kmeans_MuxMapAddr|mapControlCalc_A[26]~corein ; combout          ;
; |Kmeans_MuxMapAddr|mapInit[26]          ; |Kmeans_MuxMapAddr|mapInit[26]~corein          ; combout          ;
; |Kmeans_MuxMapAddr|mapCalc[26]          ; |Kmeans_MuxMapAddr|mapCalc[26]~corein          ; combout          ;
; |Kmeans_MuxMapAddr|mapControlCalc_A[27] ; |Kmeans_MuxMapAddr|mapControlCalc_A[27]~corein ; combout          ;
; |Kmeans_MuxMapAddr|mapInit[27]          ; |Kmeans_MuxMapAddr|mapInit[27]~corein          ; combout          ;
; |Kmeans_MuxMapAddr|mapCalc[27]          ; |Kmeans_MuxMapAddr|mapCalc[27]~corein          ; combout          ;
; |Kmeans_MuxMapAddr|mapControlCalc_A[28] ; |Kmeans_MuxMapAddr|mapControlCalc_A[28]~corein ; combout          ;
; |Kmeans_MuxMapAddr|mapInit[28]          ; |Kmeans_MuxMapAddr|mapInit[28]~corein          ; combout          ;
; |Kmeans_MuxMapAddr|mapCalc[28]          ; |Kmeans_MuxMapAddr|mapCalc[28]~corein          ; combout          ;
; |Kmeans_MuxMapAddr|mapControlCalc_A[29] ; |Kmeans_MuxMapAddr|mapControlCalc_A[29]~corein ; combout          ;
; |Kmeans_MuxMapAddr|mapInit[29]          ; |Kmeans_MuxMapAddr|mapInit[29]~corein          ; combout          ;
; |Kmeans_MuxMapAddr|mapCalc[29]          ; |Kmeans_MuxMapAddr|mapCalc[29]~corein          ; combout          ;
; |Kmeans_MuxMapAddr|mapControlCalc_A[30] ; |Kmeans_MuxMapAddr|mapControlCalc_A[30]~corein ; combout          ;
; |Kmeans_MuxMapAddr|mapInit[30]          ; |Kmeans_MuxMapAddr|mapInit[30]~corein          ; combout          ;
; |Kmeans_MuxMapAddr|mapCalc[30]          ; |Kmeans_MuxMapAddr|mapCalc[30]~corein          ; combout          ;
; |Kmeans_MuxMapAddr|mapControlCalc_A[31] ; |Kmeans_MuxMapAddr|mapControlCalc_A[31]~corein ; combout          ;
; |Kmeans_MuxMapAddr|mapInit[31]          ; |Kmeans_MuxMapAddr|mapInit[31]~corein          ; combout          ;
; |Kmeans_MuxMapAddr|mapCalc[31]          ; |Kmeans_MuxMapAddr|mapCalc[31]~corein          ; combout          ;
; |Kmeans_MuxMapAddr|mapControlCalc_B[6]  ; |Kmeans_MuxMapAddr|mapControlCalc_B[6]~corein  ; combout          ;
; |Kmeans_MuxMapAddr|mapControlCalc_B[7]  ; |Kmeans_MuxMapAddr|mapControlCalc_B[7]~corein  ; combout          ;
; |Kmeans_MuxMapAddr|mapControlCalc_B[8]  ; |Kmeans_MuxMapAddr|mapControlCalc_B[8]~corein  ; combout          ;
; |Kmeans_MuxMapAddr|mapControlCalc_B[9]  ; |Kmeans_MuxMapAddr|mapControlCalc_B[9]~corein  ; combout          ;
; |Kmeans_MuxMapAddr|mapControlCalc_B[10] ; |Kmeans_MuxMapAddr|mapControlCalc_B[10]~corein ; combout          ;
; |Kmeans_MuxMapAddr|mapControlCalc_B[11] ; |Kmeans_MuxMapAddr|mapControlCalc_B[11]~corein ; combout          ;
; |Kmeans_MuxMapAddr|mapControlCalc_B[12] ; |Kmeans_MuxMapAddr|mapControlCalc_B[12]~corein ; combout          ;
; |Kmeans_MuxMapAddr|mapControlCalc_B[13] ; |Kmeans_MuxMapAddr|mapControlCalc_B[13]~corein ; combout          ;
; |Kmeans_MuxMapAddr|mapControlCalc_B[14] ; |Kmeans_MuxMapAddr|mapControlCalc_B[14]~corein ; combout          ;
; |Kmeans_MuxMapAddr|mapControlCalc_B[15] ; |Kmeans_MuxMapAddr|mapControlCalc_B[15]~corein ; combout          ;
; |Kmeans_MuxMapAddr|mapControlCalc_B[16] ; |Kmeans_MuxMapAddr|mapControlCalc_B[16]~corein ; combout          ;
; |Kmeans_MuxMapAddr|mapControlCalc_B[17] ; |Kmeans_MuxMapAddr|mapControlCalc_B[17]~corein ; combout          ;
; |Kmeans_MuxMapAddr|mapControlCalc_B[18] ; |Kmeans_MuxMapAddr|mapControlCalc_B[18]~corein ; combout          ;
; |Kmeans_MuxMapAddr|mapControlCalc_B[19] ; |Kmeans_MuxMapAddr|mapControlCalc_B[19]~corein ; combout          ;
; |Kmeans_MuxMapAddr|mapControlCalc_B[20] ; |Kmeans_MuxMapAddr|mapControlCalc_B[20]~corein ; combout          ;
; |Kmeans_MuxMapAddr|mapControlCalc_B[21] ; |Kmeans_MuxMapAddr|mapControlCalc_B[21]~corein ; combout          ;
; |Kmeans_MuxMapAddr|mapControlCalc_B[22] ; |Kmeans_MuxMapAddr|mapControlCalc_B[22]~corein ; combout          ;
; |Kmeans_MuxMapAddr|mapControlCalc_B[23] ; |Kmeans_MuxMapAddr|mapControlCalc_B[23]~corein ; combout          ;
; |Kmeans_MuxMapAddr|mapControlCalc_B[24] ; |Kmeans_MuxMapAddr|mapControlCalc_B[24]~corein ; combout          ;
; |Kmeans_MuxMapAddr|mapControlCalc_B[25] ; |Kmeans_MuxMapAddr|mapControlCalc_B[25]~corein ; combout          ;
; |Kmeans_MuxMapAddr|mapControlCalc_B[26] ; |Kmeans_MuxMapAddr|mapControlCalc_B[26]~corein ; combout          ;
; |Kmeans_MuxMapAddr|mapControlCalc_B[27] ; |Kmeans_MuxMapAddr|mapControlCalc_B[27]~corein ; combout          ;
; |Kmeans_MuxMapAddr|mapControlCalc_B[28] ; |Kmeans_MuxMapAddr|mapControlCalc_B[28]~corein ; combout          ;
; |Kmeans_MuxMapAddr|mapControlCalc_B[29] ; |Kmeans_MuxMapAddr|mapControlCalc_B[29]~corein ; combout          ;
; |Kmeans_MuxMapAddr|mapControlCalc_B[30] ; |Kmeans_MuxMapAddr|mapControlCalc_B[30]~corein ; combout          ;
; |Kmeans_MuxMapAddr|mapControlCalc_B[31] ; |Kmeans_MuxMapAddr|mapControlCalc_B[31]~corein ; combout          ;
+-----------------------------------------+------------------------------------------------+------------------+


+---------------------+
; Simulator INI Usage ;
+--------+------------+
; Option ; Usage      ;
+--------+------------+


+--------------------+
; Simulator Messages ;
+--------------------+
Info: *******************************************************************
Info: Running Quartus II Simulator
    Info: Version 9.1 Build 350 03/24/2010 Service Pack 2 SJ Web Edition
    Info: Processing started: Tue Nov 01 13:35:16 2016
Info: Command: quartus_sim --read_settings_files=on --write_settings_files=off Kmeans_MuxMapAddr -c Kmeans_MuxMapAddr
Info: Using vector source file "Z:/Lucas/Kmeans_Processador/Kmeans_MuxMapAddr/Kmeans_MuxMapAddr.vwf"
Info: Option to preserve fewer signal transitions to reduce memory requirements is enabled
    Info: Simulation has been partitioned into sub-simulations according to the maximum transition count determined by the engine. Transitions from memory will be flushed out to disk at the end of each sub-simulation to reduce memory requirements.
Info: Simulation partitioned into 1 sub-simulations
Info: Simulation coverage is      20.34 %
Info: Number of transitions in simulation is 1507
Info: Quartus II Simulator was successful. 0 errors, 0 warnings
    Info: Peak virtual memory: 156 megabytes
    Info: Processing ended: Tue Nov 01 13:35:16 2016
    Info: Elapsed time: 00:00:00
    Info: Total CPU time (on all processors): 00:00:00


