Simulator report for Kmeans_MemoryInitialize
Tue Jan 17 19:41:42 2017
Quartus II Version 9.1 Build 350 03/24/2010 Service Pack 2 SJ Web Edition


---------------------
; Table of Contents ;
---------------------
  1. Legal Notice
  2. Simulator Summary
  3. Simulator Settings
  4. Simulation Waveforms
  5. Coverage Summary
  6. Complete 1/0-Value Coverage
  7. Missing 1-Value Coverage
  8. Missing 0-Value Coverage
  9. Simulator INI Usage
 10. Simulator Messages



----------------
; Legal Notice ;
----------------
Copyright (C) 1991-2010 Altera Corporation
Your use of Altera Corporation's design tools, logic functions 
and other software and tools, and its AMPP partner logic 
functions, and any output files from any of the foregoing 
(including device programming or simulation files), and any 
associated documentation or information are expressly subject 
to the terms and conditions of the Altera Program License 
Subscription Agreement, Altera MegaCore Function License 
Agreement, or other applicable license agreement, including, 
without limitation, that your use is for the sole purpose of 
programming logic devices manufactured by Altera and sold by 
Altera or its authorized distributors.  Please refer to the 
applicable agreement for further details.



+--------------------------------------------+
; Simulator Summary                          ;
+-----------------------------+--------------+
; Type                        ; Value        ;
+-----------------------------+--------------+
; Simulation Start Time       ; 0 ps         ;
; Simulation End Time         ; 1.0 us       ;
; Simulation Netlist Size     ; 288 nodes    ;
; Simulation Coverage         ;      21.61 % ;
; Total Number of Transitions ; 253          ;
; Simulation Breakpoints      ; 0            ;
; Family                      ; Cyclone III  ;
+-----------------------------+--------------+


+-------------------------------------------------------------------------------------------------------------------------+
; Simulator Settings                                                                                                      ;
+--------------------------------------------------------------------------------------------+------------+---------------+
; Option                                                                                     ; Setting    ; Default Value ;
+--------------------------------------------------------------------------------------------+------------+---------------+
; Simulation mode                                                                            ; Functional ; Timing        ;
; Start time                                                                                 ; 0 ns       ; 0 ns          ;
; Simulation results format                                                                  ; CVWF       ;               ;
; Add pins automatically to simulation output waveforms                                      ; On         ; On            ;
; Check outputs                                                                              ; Off        ; Off           ;
; Report simulation coverage                                                                 ; On         ; On            ;
; Display complete 1/0 value coverage report                                                 ; On         ; On            ;
; Display missing 1-value coverage report                                                    ; On         ; On            ;
; Display missing 0-value coverage report                                                    ; On         ; On            ;
; Detect setup and hold time violations                                                      ; Off        ; Off           ;
; Detect glitches                                                                            ; Off        ; Off           ;
; Disable timing delays in Timing Simulation                                                 ; Off        ; Off           ;
; Generate Signal Activity File                                                              ; Off        ; Off           ;
; Generate VCD File for PowerPlay Power Analyzer                                             ; Off        ; Off           ;
; Group bus channels in simulation results                                                   ; Off        ; Off           ;
; Preserve fewer signal transitions to reduce memory requirements                            ; On         ; On            ;
; Trigger vector comparison with the specified mode                                          ; INPUT_EDGE ; INPUT_EDGE    ;
; Disable setup and hold time violations detection in input registers of bi-directional pins ; Off        ; Off           ;
; Overwrite Waveform Inputs With Simulation Outputs                                          ; On         ;               ;
; Perform Glitch Filtering in Timing Simulation                                              ; Auto       ; Auto          ;
; Interconnect Delay Model Type                                                              ; Transport  ; Transport     ;
; Cell Delay Model Type                                                                      ; Transport  ; Transport     ;
+--------------------------------------------------------------------------------------------+------------+---------------+


+----------------------+
; Simulation Waveforms ;
+----------------------+
Waveform report data cannot be output to ASCII.
Please use Quartus II to view the waveform report data.


+--------------------------------------------------------------------+
; Coverage Summary                                                   ;
+-----------------------------------------------------+--------------+
; Type                                                ; Value        ;
+-----------------------------------------------------+--------------+
; Total coverage as a percentage                      ;      21.61 % ;
; Total nodes checked                                 ; 288          ;
; Total output ports checked                          ; 273          ;
; Total output ports with complete 1/0-value coverage ; 59           ;
; Total output ports with no 1/0-value coverage       ; 209          ;
; Total output ports with no 1-value coverage         ; 210          ;
; Total output ports with no 0-value coverage         ; 213          ;
+-----------------------------------------------------+--------------+


The following table displays output ports that toggle between 1 and 0 during simulation.
+----------------------------------------------------------------------------------------------------------+
; Complete 1/0-Value Coverage                                                                              ;
+-------------------------------------------+-------------------------------------------+------------------+
; Node Name                                 ; Output Port Name                          ; Output Port Type ;
+-------------------------------------------+-------------------------------------------+------------------+
; |Kmeans_MemoryInitialize|s_addr_Ram[0]    ; |Kmeans_MemoryInitialize|s_addr_Ram[0]    ; regout           ;
; |Kmeans_MemoryInitialize|s_addr_Ram[0]~0  ; |Kmeans_MemoryInitialize|s_addr_Ram[0]~0  ; out              ;
; |Kmeans_MemoryInitialize|s_addr_Rom~28    ; |Kmeans_MemoryInitialize|s_addr_Rom~28    ; out              ;
; |Kmeans_MemoryInitialize|s_addr_Rom~29    ; |Kmeans_MemoryInitialize|s_addr_Rom~29    ; out              ;
; |Kmeans_MemoryInitialize|s_addr_Ram~28    ; |Kmeans_MemoryInitialize|s_addr_Ram~28    ; out              ;
; |Kmeans_MemoryInitialize|s_addr_Ram~29    ; |Kmeans_MemoryInitialize|s_addr_Ram~29    ; out              ;
; |Kmeans_MemoryInitialize|s_countData~12   ; |Kmeans_MemoryInitialize|s_countData~12   ; out              ;
; |Kmeans_MemoryInitialize|s_countData~13   ; |Kmeans_MemoryInitialize|s_countData~13   ; out              ;
; |Kmeans_MemoryInitialize|s_countData~14   ; |Kmeans_MemoryInitialize|s_countData~14   ; out              ;
; |Kmeans_MemoryInitialize|s_addr_Rom[1]~13 ; |Kmeans_MemoryInitialize|s_addr_Rom[1]~13 ; out              ;
; |Kmeans_MemoryInitialize|s_addr_Rom[0]~14 ; |Kmeans_MemoryInitialize|s_addr_Rom[0]~14 ; out              ;
; |Kmeans_MemoryInitialize|s_addr_Ram[1]~14 ; |Kmeans_MemoryInitialize|s_addr_Ram[1]~14 ; out              ;
; |Kmeans_MemoryInitialize|s_addr_Rom[0]    ; |Kmeans_MemoryInitialize|s_addr_Rom[0]    ; regout           ;
; |Kmeans_MemoryInitialize|s_countData[0]   ; |Kmeans_MemoryInitialize|s_countData[0]   ; regout           ;
; |Kmeans_MemoryInitialize|s_countData[1]   ; |Kmeans_MemoryInitialize|s_countData[1]   ; regout           ;
; |Kmeans_MemoryInitialize|s_blockState[0]  ; |Kmeans_MemoryInitialize|s_blockState[0]  ; regout           ;
; |Kmeans_MemoryInitialize|s_blockState[1]  ; |Kmeans_MemoryInitialize|s_blockState[1]  ; regout           ;
; |Kmeans_MemoryInitialize|clk              ; |Kmeans_MemoryInitialize|clk              ; out              ;
; |Kmeans_MemoryInitialize|nrst             ; |Kmeans_MemoryInitialize|nrst             ; out              ;
; |Kmeans_MemoryInitialize|o_countData[0]   ; |Kmeans_MemoryInitialize|o_countData[0]   ; pin_out          ;
; |Kmeans_MemoryInitialize|o_countData[1]   ; |Kmeans_MemoryInitialize|o_countData[1]   ; pin_out          ;
; |Kmeans_MemoryInitialize|addr_Rom[0]      ; |Kmeans_MemoryInitialize|addr_Rom[0]      ; pin_out          ;
; |Kmeans_MemoryInitialize|addr_Ram[0]      ; |Kmeans_MemoryInitialize|addr_Ram[0]      ; pin_out          ;
; |Kmeans_MemoryInitialize|next_State[0]    ; |Kmeans_MemoryInitialize|next_State[0]    ; pin_out          ;
; |Kmeans_MemoryInitialize|next_State[1]    ; |Kmeans_MemoryInitialize|next_State[1]    ; pin_out          ;
; |Kmeans_MemoryInitialize|LessThan0~0      ; |Kmeans_MemoryInitialize|LessThan0~0      ; out0             ;
; |Kmeans_MemoryInitialize|LessThan0~1      ; |Kmeans_MemoryInitialize|LessThan0~1      ; out0             ;
; |Kmeans_MemoryInitialize|LessThan0~2      ; |Kmeans_MemoryInitialize|LessThan0~2      ; out0             ;
; |Kmeans_MemoryInitialize|LessThan0~3      ; |Kmeans_MemoryInitialize|LessThan0~3      ; out0             ;
; |Kmeans_MemoryInitialize|LessThan0~4      ; |Kmeans_MemoryInitialize|LessThan0~4      ; out0             ;
; |Kmeans_MemoryInitialize|LessThan0~6      ; |Kmeans_MemoryInitialize|LessThan0~6      ; out0             ;
; |Kmeans_MemoryInitialize|LessThan0~8      ; |Kmeans_MemoryInitialize|LessThan0~8      ; out0             ;
; |Kmeans_MemoryInitialize|LessThan0~10     ; |Kmeans_MemoryInitialize|LessThan0~10     ; out0             ;
; |Kmeans_MemoryInitialize|LessThan0~12     ; |Kmeans_MemoryInitialize|LessThan0~12     ; out0             ;
; |Kmeans_MemoryInitialize|LessThan0~14     ; |Kmeans_MemoryInitialize|LessThan0~14     ; out0             ;
; |Kmeans_MemoryInitialize|LessThan0~16     ; |Kmeans_MemoryInitialize|LessThan0~16     ; out0             ;
; |Kmeans_MemoryInitialize|LessThan0~18     ; |Kmeans_MemoryInitialize|LessThan0~18     ; out0             ;
; |Kmeans_MemoryInitialize|LessThan0~20     ; |Kmeans_MemoryInitialize|LessThan0~20     ; out0             ;
; |Kmeans_MemoryInitialize|LessThan0~22     ; |Kmeans_MemoryInitialize|LessThan0~22     ; out0             ;
; |Kmeans_MemoryInitialize|LessThan0~24     ; |Kmeans_MemoryInitialize|LessThan0~24     ; out0             ;
; |Kmeans_MemoryInitialize|LessThan0~26     ; |Kmeans_MemoryInitialize|LessThan0~26     ; out0             ;
; |Kmeans_MemoryInitialize|LessThan0~28     ; |Kmeans_MemoryInitialize|LessThan0~28     ; out0             ;
; |Kmeans_MemoryInitialize|LessThan0~30     ; |Kmeans_MemoryInitialize|LessThan0~30     ; out0             ;
; |Kmeans_MemoryInitialize|LessThan0~32     ; |Kmeans_MemoryInitialize|LessThan0~32     ; out0             ;
; |Kmeans_MemoryInitialize|LessThan0~34     ; |Kmeans_MemoryInitialize|LessThan0~34     ; out0             ;
; |Kmeans_MemoryInitialize|LessThan0~36     ; |Kmeans_MemoryInitialize|LessThan0~36     ; out0             ;
; |Kmeans_MemoryInitialize|LessThan0~38     ; |Kmeans_MemoryInitialize|LessThan0~38     ; out0             ;
; |Kmeans_MemoryInitialize|LessThan0~40     ; |Kmeans_MemoryInitialize|LessThan0~40     ; out0             ;
; |Kmeans_MemoryInitialize|LessThan0~42     ; |Kmeans_MemoryInitialize|LessThan0~42     ; out0             ;
; |Kmeans_MemoryInitialize|LessThan0~44     ; |Kmeans_MemoryInitialize|LessThan0~44     ; out0             ;
; |Kmeans_MemoryInitialize|LessThan0~46     ; |Kmeans_MemoryInitialize|LessThan0~46     ; out0             ;
; |Kmeans_MemoryInitialize|LessThan0~48     ; |Kmeans_MemoryInitialize|LessThan0~48     ; out0             ;
; |Kmeans_MemoryInitialize|LessThan0~50     ; |Kmeans_MemoryInitialize|LessThan0~50     ; out0             ;
; |Kmeans_MemoryInitialize|LessThan0~52     ; |Kmeans_MemoryInitialize|LessThan0~52     ; out0             ;
; |Kmeans_MemoryInitialize|LessThan0~54     ; |Kmeans_MemoryInitialize|LessThan0~54     ; out0             ;
; |Kmeans_MemoryInitialize|LessThan0~56     ; |Kmeans_MemoryInitialize|LessThan0~56     ; out0             ;
; |Kmeans_MemoryInitialize|Add0~0           ; |Kmeans_MemoryInitialize|Add0~0           ; out0             ;
; |Kmeans_MemoryInitialize|Add0~1           ; |Kmeans_MemoryInitialize|Add0~1           ; out0             ;
; |Kmeans_MemoryInitialize|Add0~2           ; |Kmeans_MemoryInitialize|Add0~2           ; out0             ;
+-------------------------------------------+-------------------------------------------+------------------+


The following table displays output ports that do not toggle to 1 during simulation.
+----------------------------------------------------------------------------------------------------------------+
; Missing 1-Value Coverage                                                                                       ;
+----------------------------------------------+----------------------------------------------+------------------+
; Node Name                                    ; Output Port Name                             ; Output Port Type ;
+----------------------------------------------+----------------------------------------------+------------------+
; |Kmeans_MemoryInitialize|s_addr_Rom~15       ; |Kmeans_MemoryInitialize|s_addr_Rom~15       ; out              ;
; |Kmeans_MemoryInitialize|s_addr_Rom~16       ; |Kmeans_MemoryInitialize|s_addr_Rom~16       ; out              ;
; |Kmeans_MemoryInitialize|s_addr_Rom~17       ; |Kmeans_MemoryInitialize|s_addr_Rom~17       ; out              ;
; |Kmeans_MemoryInitialize|s_addr_Rom~18       ; |Kmeans_MemoryInitialize|s_addr_Rom~18       ; out              ;
; |Kmeans_MemoryInitialize|s_addr_Rom~19       ; |Kmeans_MemoryInitialize|s_addr_Rom~19       ; out              ;
; |Kmeans_MemoryInitialize|s_addr_Rom~20       ; |Kmeans_MemoryInitialize|s_addr_Rom~20       ; out              ;
; |Kmeans_MemoryInitialize|s_addr_Rom~21       ; |Kmeans_MemoryInitialize|s_addr_Rom~21       ; out              ;
; |Kmeans_MemoryInitialize|s_addr_Rom~22       ; |Kmeans_MemoryInitialize|s_addr_Rom~22       ; out              ;
; |Kmeans_MemoryInitialize|s_addr_Rom~23       ; |Kmeans_MemoryInitialize|s_addr_Rom~23       ; out              ;
; |Kmeans_MemoryInitialize|s_addr_Rom~24       ; |Kmeans_MemoryInitialize|s_addr_Rom~24       ; out              ;
; |Kmeans_MemoryInitialize|s_addr_Rom~25       ; |Kmeans_MemoryInitialize|s_addr_Rom~25       ; out              ;
; |Kmeans_MemoryInitialize|s_addr_Rom~26       ; |Kmeans_MemoryInitialize|s_addr_Rom~26       ; out              ;
; |Kmeans_MemoryInitialize|s_addr_Rom~27       ; |Kmeans_MemoryInitialize|s_addr_Rom~27       ; out              ;
; |Kmeans_MemoryInitialize|s_addr_Ram~15       ; |Kmeans_MemoryInitialize|s_addr_Ram~15       ; out              ;
; |Kmeans_MemoryInitialize|s_addr_Ram~16       ; |Kmeans_MemoryInitialize|s_addr_Ram~16       ; out              ;
; |Kmeans_MemoryInitialize|s_addr_Ram~17       ; |Kmeans_MemoryInitialize|s_addr_Ram~17       ; out              ;
; |Kmeans_MemoryInitialize|s_addr_Ram~18       ; |Kmeans_MemoryInitialize|s_addr_Ram~18       ; out              ;
; |Kmeans_MemoryInitialize|s_addr_Ram~19       ; |Kmeans_MemoryInitialize|s_addr_Ram~19       ; out              ;
; |Kmeans_MemoryInitialize|s_addr_Ram~20       ; |Kmeans_MemoryInitialize|s_addr_Ram~20       ; out              ;
; |Kmeans_MemoryInitialize|s_addr_Ram~21       ; |Kmeans_MemoryInitialize|s_addr_Ram~21       ; out              ;
; |Kmeans_MemoryInitialize|s_addr_Ram~22       ; |Kmeans_MemoryInitialize|s_addr_Ram~22       ; out              ;
; |Kmeans_MemoryInitialize|s_addr_Ram~23       ; |Kmeans_MemoryInitialize|s_addr_Ram~23       ; out              ;
; |Kmeans_MemoryInitialize|s_addr_Ram~24       ; |Kmeans_MemoryInitialize|s_addr_Ram~24       ; out              ;
; |Kmeans_MemoryInitialize|s_addr_Ram~25       ; |Kmeans_MemoryInitialize|s_addr_Ram~25       ; out              ;
; |Kmeans_MemoryInitialize|s_addr_Ram~26       ; |Kmeans_MemoryInitialize|s_addr_Ram~26       ; out              ;
; |Kmeans_MemoryInitialize|s_addr_Ram~27       ; |Kmeans_MemoryInitialize|s_addr_Ram~27       ; out              ;
; |Kmeans_MemoryInitialize|s_countData~0       ; |Kmeans_MemoryInitialize|s_countData~0       ; out              ;
; |Kmeans_MemoryInitialize|s_countData~1       ; |Kmeans_MemoryInitialize|s_countData~1       ; out              ;
; |Kmeans_MemoryInitialize|s_countData~2       ; |Kmeans_MemoryInitialize|s_countData~2       ; out              ;
; |Kmeans_MemoryInitialize|s_countData~3       ; |Kmeans_MemoryInitialize|s_countData~3       ; out              ;
; |Kmeans_MemoryInitialize|s_countData~4       ; |Kmeans_MemoryInitialize|s_countData~4       ; out              ;
; |Kmeans_MemoryInitialize|s_countData~5       ; |Kmeans_MemoryInitialize|s_countData~5       ; out              ;
; |Kmeans_MemoryInitialize|s_countData~6       ; |Kmeans_MemoryInitialize|s_countData~6       ; out              ;
; |Kmeans_MemoryInitialize|s_countData~7       ; |Kmeans_MemoryInitialize|s_countData~7       ; out              ;
; |Kmeans_MemoryInitialize|s_countData~8       ; |Kmeans_MemoryInitialize|s_countData~8       ; out              ;
; |Kmeans_MemoryInitialize|s_countData~9       ; |Kmeans_MemoryInitialize|s_countData~9       ; out              ;
; |Kmeans_MemoryInitialize|s_countData~10      ; |Kmeans_MemoryInitialize|s_countData~10      ; out              ;
; |Kmeans_MemoryInitialize|s_countData~11      ; |Kmeans_MemoryInitialize|s_countData~11      ; out              ;
; |Kmeans_MemoryInitialize|s_addr_Rom[14]~0    ; |Kmeans_MemoryInitialize|s_addr_Rom[14]~0    ; out              ;
; |Kmeans_MemoryInitialize|s_addr_Rom[13]~1    ; |Kmeans_MemoryInitialize|s_addr_Rom[13]~1    ; out              ;
; |Kmeans_MemoryInitialize|s_addr_Rom[12]~2    ; |Kmeans_MemoryInitialize|s_addr_Rom[12]~2    ; out              ;
; |Kmeans_MemoryInitialize|s_addr_Rom[11]~3    ; |Kmeans_MemoryInitialize|s_addr_Rom[11]~3    ; out              ;
; |Kmeans_MemoryInitialize|s_addr_Rom[10]~4    ; |Kmeans_MemoryInitialize|s_addr_Rom[10]~4    ; out              ;
; |Kmeans_MemoryInitialize|s_addr_Rom[9]~5     ; |Kmeans_MemoryInitialize|s_addr_Rom[9]~5     ; out              ;
; |Kmeans_MemoryInitialize|s_addr_Rom[8]~6     ; |Kmeans_MemoryInitialize|s_addr_Rom[8]~6     ; out              ;
; |Kmeans_MemoryInitialize|s_addr_Rom[7]~7     ; |Kmeans_MemoryInitialize|s_addr_Rom[7]~7     ; out              ;
; |Kmeans_MemoryInitialize|s_addr_Rom[6]~8     ; |Kmeans_MemoryInitialize|s_addr_Rom[6]~8     ; out              ;
; |Kmeans_MemoryInitialize|s_addr_Rom[5]~9     ; |Kmeans_MemoryInitialize|s_addr_Rom[5]~9     ; out              ;
; |Kmeans_MemoryInitialize|s_addr_Rom[4]~10    ; |Kmeans_MemoryInitialize|s_addr_Rom[4]~10    ; out              ;
; |Kmeans_MemoryInitialize|s_addr_Rom[3]~11    ; |Kmeans_MemoryInitialize|s_addr_Rom[3]~11    ; out              ;
; |Kmeans_MemoryInitialize|s_addr_Rom[2]~12    ; |Kmeans_MemoryInitialize|s_addr_Rom[2]~12    ; out              ;
; |Kmeans_MemoryInitialize|s_addr_Ram[14]~1    ; |Kmeans_MemoryInitialize|s_addr_Ram[14]~1    ; out              ;
; |Kmeans_MemoryInitialize|s_addr_Ram[13]~2    ; |Kmeans_MemoryInitialize|s_addr_Ram[13]~2    ; out              ;
; |Kmeans_MemoryInitialize|s_addr_Ram[12]~3    ; |Kmeans_MemoryInitialize|s_addr_Ram[12]~3    ; out              ;
; |Kmeans_MemoryInitialize|s_addr_Ram[11]~4    ; |Kmeans_MemoryInitialize|s_addr_Ram[11]~4    ; out              ;
; |Kmeans_MemoryInitialize|s_addr_Ram[10]~5    ; |Kmeans_MemoryInitialize|s_addr_Ram[10]~5    ; out              ;
; |Kmeans_MemoryInitialize|s_addr_Ram[9]~6     ; |Kmeans_MemoryInitialize|s_addr_Ram[9]~6     ; out              ;
; |Kmeans_MemoryInitialize|s_addr_Ram[8]~7     ; |Kmeans_MemoryInitialize|s_addr_Ram[8]~7     ; out              ;
; |Kmeans_MemoryInitialize|s_addr_Ram[7]~8     ; |Kmeans_MemoryInitialize|s_addr_Ram[7]~8     ; out              ;
; |Kmeans_MemoryInitialize|s_addr_Ram[6]~9     ; |Kmeans_MemoryInitialize|s_addr_Ram[6]~9     ; out              ;
; |Kmeans_MemoryInitialize|s_addr_Ram[5]~10    ; |Kmeans_MemoryInitialize|s_addr_Ram[5]~10    ; out              ;
; |Kmeans_MemoryInitialize|s_addr_Ram[4]~11    ; |Kmeans_MemoryInitialize|s_addr_Ram[4]~11    ; out              ;
; |Kmeans_MemoryInitialize|s_addr_Ram[3]~12    ; |Kmeans_MemoryInitialize|s_addr_Ram[3]~12    ; out              ;
; |Kmeans_MemoryInitialize|s_addr_Ram[2]~13    ; |Kmeans_MemoryInitialize|s_addr_Ram[2]~13    ; out              ;
; |Kmeans_MemoryInitialize|s_addr_Ram[2]       ; |Kmeans_MemoryInitialize|s_addr_Ram[2]       ; regout           ;
; |Kmeans_MemoryInitialize|s_addr_Ram[3]       ; |Kmeans_MemoryInitialize|s_addr_Ram[3]       ; regout           ;
; |Kmeans_MemoryInitialize|s_addr_Ram[4]       ; |Kmeans_MemoryInitialize|s_addr_Ram[4]       ; regout           ;
; |Kmeans_MemoryInitialize|s_addr_Ram[5]       ; |Kmeans_MemoryInitialize|s_addr_Ram[5]       ; regout           ;
; |Kmeans_MemoryInitialize|s_addr_Ram[6]       ; |Kmeans_MemoryInitialize|s_addr_Ram[6]       ; regout           ;
; |Kmeans_MemoryInitialize|s_addr_Ram[7]       ; |Kmeans_MemoryInitialize|s_addr_Ram[7]       ; regout           ;
; |Kmeans_MemoryInitialize|s_addr_Ram[8]       ; |Kmeans_MemoryInitialize|s_addr_Ram[8]       ; regout           ;
; |Kmeans_MemoryInitialize|s_addr_Ram[9]       ; |Kmeans_MemoryInitialize|s_addr_Ram[9]       ; regout           ;
; |Kmeans_MemoryInitialize|s_addr_Ram[10]      ; |Kmeans_MemoryInitialize|s_addr_Ram[10]      ; regout           ;
; |Kmeans_MemoryInitialize|s_addr_Ram[11]      ; |Kmeans_MemoryInitialize|s_addr_Ram[11]      ; regout           ;
; |Kmeans_MemoryInitialize|s_addr_Ram[12]      ; |Kmeans_MemoryInitialize|s_addr_Ram[12]      ; regout           ;
; |Kmeans_MemoryInitialize|s_addr_Ram[13]      ; |Kmeans_MemoryInitialize|s_addr_Ram[13]      ; regout           ;
; |Kmeans_MemoryInitialize|s_addr_Ram[14]      ; |Kmeans_MemoryInitialize|s_addr_Ram[14]      ; regout           ;
; |Kmeans_MemoryInitialize|s_addr_Rom[2]       ; |Kmeans_MemoryInitialize|s_addr_Rom[2]       ; regout           ;
; |Kmeans_MemoryInitialize|s_addr_Rom[3]       ; |Kmeans_MemoryInitialize|s_addr_Rom[3]       ; regout           ;
; |Kmeans_MemoryInitialize|s_addr_Rom[4]       ; |Kmeans_MemoryInitialize|s_addr_Rom[4]       ; regout           ;
; |Kmeans_MemoryInitialize|s_addr_Rom[5]       ; |Kmeans_MemoryInitialize|s_addr_Rom[5]       ; regout           ;
; |Kmeans_MemoryInitialize|s_addr_Rom[6]       ; |Kmeans_MemoryInitialize|s_addr_Rom[6]       ; regout           ;
; |Kmeans_MemoryInitialize|s_addr_Rom[7]       ; |Kmeans_MemoryInitialize|s_addr_Rom[7]       ; regout           ;
; |Kmeans_MemoryInitialize|s_addr_Rom[8]       ; |Kmeans_MemoryInitialize|s_addr_Rom[8]       ; regout           ;
; |Kmeans_MemoryInitialize|s_addr_Rom[9]       ; |Kmeans_MemoryInitialize|s_addr_Rom[9]       ; regout           ;
; |Kmeans_MemoryInitialize|s_addr_Rom[10]      ; |Kmeans_MemoryInitialize|s_addr_Rom[10]      ; regout           ;
; |Kmeans_MemoryInitialize|s_addr_Rom[11]      ; |Kmeans_MemoryInitialize|s_addr_Rom[11]      ; regout           ;
; |Kmeans_MemoryInitialize|s_addr_Rom[12]      ; |Kmeans_MemoryInitialize|s_addr_Rom[12]      ; regout           ;
; |Kmeans_MemoryInitialize|s_addr_Rom[13]      ; |Kmeans_MemoryInitialize|s_addr_Rom[13]      ; regout           ;
; |Kmeans_MemoryInitialize|s_addr_Rom[14]      ; |Kmeans_MemoryInitialize|s_addr_Rom[14]      ; regout           ;
; |Kmeans_MemoryInitialize|s_countData[2]      ; |Kmeans_MemoryInitialize|s_countData[2]      ; regout           ;
; |Kmeans_MemoryInitialize|s_countData[3]      ; |Kmeans_MemoryInitialize|s_countData[3]      ; regout           ;
; |Kmeans_MemoryInitialize|s_countData[4]      ; |Kmeans_MemoryInitialize|s_countData[4]      ; regout           ;
; |Kmeans_MemoryInitialize|s_countData[5]      ; |Kmeans_MemoryInitialize|s_countData[5]      ; regout           ;
; |Kmeans_MemoryInitialize|s_countData[6]      ; |Kmeans_MemoryInitialize|s_countData[6]      ; regout           ;
; |Kmeans_MemoryInitialize|s_countData[7]      ; |Kmeans_MemoryInitialize|s_countData[7]      ; regout           ;
; |Kmeans_MemoryInitialize|s_countData[8]      ; |Kmeans_MemoryInitialize|s_countData[8]      ; regout           ;
; |Kmeans_MemoryInitialize|s_countData[9]      ; |Kmeans_MemoryInitialize|s_countData[9]      ; regout           ;
; |Kmeans_MemoryInitialize|s_countData[10]     ; |Kmeans_MemoryInitialize|s_countData[10]     ; regout           ;
; |Kmeans_MemoryInitialize|s_countData[11]     ; |Kmeans_MemoryInitialize|s_countData[11]     ; regout           ;
; |Kmeans_MemoryInitialize|s_countData[12]     ; |Kmeans_MemoryInitialize|s_countData[12]     ; regout           ;
; |Kmeans_MemoryInitialize|s_countData[13]     ; |Kmeans_MemoryInitialize|s_countData[13]     ; regout           ;
; |Kmeans_MemoryInitialize|s_countData[14]     ; |Kmeans_MemoryInitialize|s_countData[14]     ; regout           ;
; |Kmeans_MemoryInitialize|nPontos[0]          ; |Kmeans_MemoryInitialize|nPontos[0]          ; out              ;
; |Kmeans_MemoryInitialize|nPontos[1]          ; |Kmeans_MemoryInitialize|nPontos[1]          ; out              ;
; |Kmeans_MemoryInitialize|nPontos[2]          ; |Kmeans_MemoryInitialize|nPontos[2]          ; out              ;
; |Kmeans_MemoryInitialize|nPontos[3]          ; |Kmeans_MemoryInitialize|nPontos[3]          ; out              ;
; |Kmeans_MemoryInitialize|nPontos[4]          ; |Kmeans_MemoryInitialize|nPontos[4]          ; out              ;
; |Kmeans_MemoryInitialize|nPontos[5]          ; |Kmeans_MemoryInitialize|nPontos[5]          ; out              ;
; |Kmeans_MemoryInitialize|nPontos[6]          ; |Kmeans_MemoryInitialize|nPontos[6]          ; out              ;
; |Kmeans_MemoryInitialize|nPontos[7]          ; |Kmeans_MemoryInitialize|nPontos[7]          ; out              ;
; |Kmeans_MemoryInitialize|nPontos[8]          ; |Kmeans_MemoryInitialize|nPontos[8]          ; out              ;
; |Kmeans_MemoryInitialize|nPontos[9]          ; |Kmeans_MemoryInitialize|nPontos[9]          ; out              ;
; |Kmeans_MemoryInitialize|nPontos[10]         ; |Kmeans_MemoryInitialize|nPontos[10]         ; out              ;
; |Kmeans_MemoryInitialize|nPontos[11]         ; |Kmeans_MemoryInitialize|nPontos[11]         ; out              ;
; |Kmeans_MemoryInitialize|nPontos[12]         ; |Kmeans_MemoryInitialize|nPontos[12]         ; out              ;
; |Kmeans_MemoryInitialize|nPontos[13]         ; |Kmeans_MemoryInitialize|nPontos[13]         ; out              ;
; |Kmeans_MemoryInitialize|nPontos[14]         ; |Kmeans_MemoryInitialize|nPontos[14]         ; out              ;
; |Kmeans_MemoryInitialize|en_MemoryInitialize ; |Kmeans_MemoryInitialize|en_MemoryInitialize ; out              ;
; |Kmeans_MemoryInitialize|o_countData[2]      ; |Kmeans_MemoryInitialize|o_countData[2]      ; pin_out          ;
; |Kmeans_MemoryInitialize|o_countData[3]      ; |Kmeans_MemoryInitialize|o_countData[3]      ; pin_out          ;
; |Kmeans_MemoryInitialize|o_countData[4]      ; |Kmeans_MemoryInitialize|o_countData[4]      ; pin_out          ;
; |Kmeans_MemoryInitialize|o_countData[5]      ; |Kmeans_MemoryInitialize|o_countData[5]      ; pin_out          ;
; |Kmeans_MemoryInitialize|o_countData[6]      ; |Kmeans_MemoryInitialize|o_countData[6]      ; pin_out          ;
; |Kmeans_MemoryInitialize|o_countData[7]      ; |Kmeans_MemoryInitialize|o_countData[7]      ; pin_out          ;
; |Kmeans_MemoryInitialize|o_countData[8]      ; |Kmeans_MemoryInitialize|o_countData[8]      ; pin_out          ;
; |Kmeans_MemoryInitialize|o_countData[9]      ; |Kmeans_MemoryInitialize|o_countData[9]      ; pin_out          ;
; |Kmeans_MemoryInitialize|o_countData[10]     ; |Kmeans_MemoryInitialize|o_countData[10]     ; pin_out          ;
; |Kmeans_MemoryInitialize|o_countData[11]     ; |Kmeans_MemoryInitialize|o_countData[11]     ; pin_out          ;
; |Kmeans_MemoryInitialize|o_countData[12]     ; |Kmeans_MemoryInitialize|o_countData[12]     ; pin_out          ;
; |Kmeans_MemoryInitialize|o_countData[13]     ; |Kmeans_MemoryInitialize|o_countData[13]     ; pin_out          ;
; |Kmeans_MemoryInitialize|o_countData[14]     ; |Kmeans_MemoryInitialize|o_countData[14]     ; pin_out          ;
; |Kmeans_MemoryInitialize|addr_Rom[2]         ; |Kmeans_MemoryInitialize|addr_Rom[2]         ; pin_out          ;
; |Kmeans_MemoryInitialize|addr_Rom[3]         ; |Kmeans_MemoryInitialize|addr_Rom[3]         ; pin_out          ;
; |Kmeans_MemoryInitialize|addr_Rom[4]         ; |Kmeans_MemoryInitialize|addr_Rom[4]         ; pin_out          ;
; |Kmeans_MemoryInitialize|addr_Rom[5]         ; |Kmeans_MemoryInitialize|addr_Rom[5]         ; pin_out          ;
; |Kmeans_MemoryInitialize|addr_Rom[6]         ; |Kmeans_MemoryInitialize|addr_Rom[6]         ; pin_out          ;
; |Kmeans_MemoryInitialize|addr_Rom[7]         ; |Kmeans_MemoryInitialize|addr_Rom[7]         ; pin_out          ;
; |Kmeans_MemoryInitialize|addr_Rom[8]         ; |Kmeans_MemoryInitialize|addr_Rom[8]         ; pin_out          ;
; |Kmeans_MemoryInitialize|addr_Rom[9]         ; |Kmeans_MemoryInitialize|addr_Rom[9]         ; pin_out          ;
; |Kmeans_MemoryInitialize|addr_Rom[10]        ; |Kmeans_MemoryInitialize|addr_Rom[10]        ; pin_out          ;
; |Kmeans_MemoryInitialize|addr_Rom[11]        ; |Kmeans_MemoryInitialize|addr_Rom[11]        ; pin_out          ;
; |Kmeans_MemoryInitialize|addr_Rom[12]        ; |Kmeans_MemoryInitialize|addr_Rom[12]        ; pin_out          ;
; |Kmeans_MemoryInitialize|addr_Rom[13]        ; |Kmeans_MemoryInitialize|addr_Rom[13]        ; pin_out          ;
; |Kmeans_MemoryInitialize|addr_Rom[14]        ; |Kmeans_MemoryInitialize|addr_Rom[14]        ; pin_out          ;
; |Kmeans_MemoryInitialize|addr_Ram[2]         ; |Kmeans_MemoryInitialize|addr_Ram[2]         ; pin_out          ;
; |Kmeans_MemoryInitialize|addr_Ram[3]         ; |Kmeans_MemoryInitialize|addr_Ram[3]         ; pin_out          ;
; |Kmeans_MemoryInitialize|addr_Ram[4]         ; |Kmeans_MemoryInitialize|addr_Ram[4]         ; pin_out          ;
; |Kmeans_MemoryInitialize|addr_Ram[5]         ; |Kmeans_MemoryInitialize|addr_Ram[5]         ; pin_out          ;
; |Kmeans_MemoryInitialize|addr_Ram[6]         ; |Kmeans_MemoryInitialize|addr_Ram[6]         ; pin_out          ;
; |Kmeans_MemoryInitialize|addr_Ram[7]         ; |Kmeans_MemoryInitialize|addr_Ram[7]         ; pin_out          ;
; |Kmeans_MemoryInitialize|addr_Ram[8]         ; |Kmeans_MemoryInitialize|addr_Ram[8]         ; pin_out          ;
; |Kmeans_MemoryInitialize|addr_Ram[9]         ; |Kmeans_MemoryInitialize|addr_Ram[9]         ; pin_out          ;
; |Kmeans_MemoryInitialize|addr_Ram[10]        ; |Kmeans_MemoryInitialize|addr_Ram[10]        ; pin_out          ;
; |Kmeans_MemoryInitialize|addr_Ram[11]        ; |Kmeans_MemoryInitialize|addr_Ram[11]        ; pin_out          ;
; |Kmeans_MemoryInitialize|addr_Ram[12]        ; |Kmeans_MemoryInitialize|addr_Ram[12]        ; pin_out          ;
; |Kmeans_MemoryInitialize|addr_Ram[13]        ; |Kmeans_MemoryInitialize|addr_Ram[13]        ; pin_out          ;
; |Kmeans_MemoryInitialize|addr_Ram[14]        ; |Kmeans_MemoryInitialize|addr_Ram[14]        ; pin_out          ;
; |Kmeans_MemoryInitialize|next_State[2]       ; |Kmeans_MemoryInitialize|next_State[2]       ; pin_out          ;
; |Kmeans_MemoryInitialize|next_State[3]       ; |Kmeans_MemoryInitialize|next_State[3]       ; pin_out          ;
; |Kmeans_MemoryInitialize|LessThan0~5         ; |Kmeans_MemoryInitialize|LessThan0~5         ; out0             ;
; |Kmeans_MemoryInitialize|LessThan0~7         ; |Kmeans_MemoryInitialize|LessThan0~7         ; out0             ;
; |Kmeans_MemoryInitialize|LessThan0~9         ; |Kmeans_MemoryInitialize|LessThan0~9         ; out0             ;
; |Kmeans_MemoryInitialize|LessThan0~11        ; |Kmeans_MemoryInitialize|LessThan0~11        ; out0             ;
; |Kmeans_MemoryInitialize|LessThan0~13        ; |Kmeans_MemoryInitialize|LessThan0~13        ; out0             ;
; |Kmeans_MemoryInitialize|LessThan0~15        ; |Kmeans_MemoryInitialize|LessThan0~15        ; out0             ;
; |Kmeans_MemoryInitialize|LessThan0~17        ; |Kmeans_MemoryInitialize|LessThan0~17        ; out0             ;
; |Kmeans_MemoryInitialize|LessThan0~19        ; |Kmeans_MemoryInitialize|LessThan0~19        ; out0             ;
; |Kmeans_MemoryInitialize|LessThan0~21        ; |Kmeans_MemoryInitialize|LessThan0~21        ; out0             ;
; |Kmeans_MemoryInitialize|LessThan0~23        ; |Kmeans_MemoryInitialize|LessThan0~23        ; out0             ;
; |Kmeans_MemoryInitialize|LessThan0~25        ; |Kmeans_MemoryInitialize|LessThan0~25        ; out0             ;
; |Kmeans_MemoryInitialize|LessThan0~27        ; |Kmeans_MemoryInitialize|LessThan0~27        ; out0             ;
; |Kmeans_MemoryInitialize|LessThan0~29        ; |Kmeans_MemoryInitialize|LessThan0~29        ; out0             ;
; |Kmeans_MemoryInitialize|LessThan0~31        ; |Kmeans_MemoryInitialize|LessThan0~31        ; out0             ;
; |Kmeans_MemoryInitialize|LessThan0~33        ; |Kmeans_MemoryInitialize|LessThan0~33        ; out0             ;
; |Kmeans_MemoryInitialize|LessThan0~35        ; |Kmeans_MemoryInitialize|LessThan0~35        ; out0             ;
; |Kmeans_MemoryInitialize|LessThan0~37        ; |Kmeans_MemoryInitialize|LessThan0~37        ; out0             ;
; |Kmeans_MemoryInitialize|LessThan0~39        ; |Kmeans_MemoryInitialize|LessThan0~39        ; out0             ;
; |Kmeans_MemoryInitialize|LessThan0~41        ; |Kmeans_MemoryInitialize|LessThan0~41        ; out0             ;
; |Kmeans_MemoryInitialize|LessThan0~43        ; |Kmeans_MemoryInitialize|LessThan0~43        ; out0             ;
; |Kmeans_MemoryInitialize|LessThan0~45        ; |Kmeans_MemoryInitialize|LessThan0~45        ; out0             ;
; |Kmeans_MemoryInitialize|LessThan0~47        ; |Kmeans_MemoryInitialize|LessThan0~47        ; out0             ;
; |Kmeans_MemoryInitialize|LessThan0~49        ; |Kmeans_MemoryInitialize|LessThan0~49        ; out0             ;
; |Kmeans_MemoryInitialize|LessThan0~51        ; |Kmeans_MemoryInitialize|LessThan0~51        ; out0             ;
; |Kmeans_MemoryInitialize|LessThan0~53        ; |Kmeans_MemoryInitialize|LessThan0~53        ; out0             ;
; |Kmeans_MemoryInitialize|LessThan0~55        ; |Kmeans_MemoryInitialize|LessThan0~55        ; out0             ;
; |Kmeans_MemoryInitialize|Add0~3              ; |Kmeans_MemoryInitialize|Add0~3              ; out0             ;
; |Kmeans_MemoryInitialize|Add0~4              ; |Kmeans_MemoryInitialize|Add0~4              ; out0             ;
; |Kmeans_MemoryInitialize|Add0~5              ; |Kmeans_MemoryInitialize|Add0~5              ; out0             ;
; |Kmeans_MemoryInitialize|Add0~6              ; |Kmeans_MemoryInitialize|Add0~6              ; out0             ;
; |Kmeans_MemoryInitialize|Add0~7              ; |Kmeans_MemoryInitialize|Add0~7              ; out0             ;
; |Kmeans_MemoryInitialize|Add0~8              ; |Kmeans_MemoryInitialize|Add0~8              ; out0             ;
; |Kmeans_MemoryInitialize|Add0~9              ; |Kmeans_MemoryInitialize|Add0~9              ; out0             ;
; |Kmeans_MemoryInitialize|Add0~10             ; |Kmeans_MemoryInitialize|Add0~10             ; out0             ;
; |Kmeans_MemoryInitialize|Add0~11             ; |Kmeans_MemoryInitialize|Add0~11             ; out0             ;
; |Kmeans_MemoryInitialize|Add0~12             ; |Kmeans_MemoryInitialize|Add0~12             ; out0             ;
; |Kmeans_MemoryInitialize|Add0~13             ; |Kmeans_MemoryInitialize|Add0~13             ; out0             ;
; |Kmeans_MemoryInitialize|Add0~14             ; |Kmeans_MemoryInitialize|Add0~14             ; out0             ;
; |Kmeans_MemoryInitialize|Add0~15             ; |Kmeans_MemoryInitialize|Add0~15             ; out0             ;
; |Kmeans_MemoryInitialize|Add0~16             ; |Kmeans_MemoryInitialize|Add0~16             ; out0             ;
; |Kmeans_MemoryInitialize|Add0~17             ; |Kmeans_MemoryInitialize|Add0~17             ; out0             ;
; |Kmeans_MemoryInitialize|Add0~18             ; |Kmeans_MemoryInitialize|Add0~18             ; out0             ;
; |Kmeans_MemoryInitialize|Add0~19             ; |Kmeans_MemoryInitialize|Add0~19             ; out0             ;
; |Kmeans_MemoryInitialize|Add0~20             ; |Kmeans_MemoryInitialize|Add0~20             ; out0             ;
; |Kmeans_MemoryInitialize|Add0~21             ; |Kmeans_MemoryInitialize|Add0~21             ; out0             ;
; |Kmeans_MemoryInitialize|Add0~22             ; |Kmeans_MemoryInitialize|Add0~22             ; out0             ;
; |Kmeans_MemoryInitialize|Add0~23             ; |Kmeans_MemoryInitialize|Add0~23             ; out0             ;
; |Kmeans_MemoryInitialize|Add0~24             ; |Kmeans_MemoryInitialize|Add0~24             ; out0             ;
; |Kmeans_MemoryInitialize|Add0~25             ; |Kmeans_MemoryInitialize|Add0~25             ; out0             ;
; |Kmeans_MemoryInitialize|Add0~26             ; |Kmeans_MemoryInitialize|Add0~26             ; out0             ;
+----------------------------------------------+----------------------------------------------+------------------+


The following table displays output ports that do not toggle to 0 during simulation.
+----------------------------------------------------------------------------------------------------------+
; Missing 0-Value Coverage                                                                                 ;
+-------------------------------------------+-------------------------------------------+------------------+
; Node Name                                 ; Output Port Name                          ; Output Port Type ;
+-------------------------------------------+-------------------------------------------+------------------+
; |Kmeans_MemoryInitialize|s_addr_Ram[1]    ; |Kmeans_MemoryInitialize|s_addr_Ram[1]    ; regout           ;
; |Kmeans_MemoryInitialize|s_addr_Rom~15    ; |Kmeans_MemoryInitialize|s_addr_Rom~15    ; out              ;
; |Kmeans_MemoryInitialize|s_addr_Rom~16    ; |Kmeans_MemoryInitialize|s_addr_Rom~16    ; out              ;
; |Kmeans_MemoryInitialize|s_addr_Rom~17    ; |Kmeans_MemoryInitialize|s_addr_Rom~17    ; out              ;
; |Kmeans_MemoryInitialize|s_addr_Rom~18    ; |Kmeans_MemoryInitialize|s_addr_Rom~18    ; out              ;
; |Kmeans_MemoryInitialize|s_addr_Rom~19    ; |Kmeans_MemoryInitialize|s_addr_Rom~19    ; out              ;
; |Kmeans_MemoryInitialize|s_addr_Rom~20    ; |Kmeans_MemoryInitialize|s_addr_Rom~20    ; out              ;
; |Kmeans_MemoryInitialize|s_addr_Rom~21    ; |Kmeans_MemoryInitialize|s_addr_Rom~21    ; out              ;
; |Kmeans_MemoryInitialize|s_addr_Rom~22    ; |Kmeans_MemoryInitialize|s_addr_Rom~22    ; out              ;
; |Kmeans_MemoryInitialize|s_addr_Rom~23    ; |Kmeans_MemoryInitialize|s_addr_Rom~23    ; out              ;
; |Kmeans_MemoryInitialize|s_addr_Rom~24    ; |Kmeans_MemoryInitialize|s_addr_Rom~24    ; out              ;
; |Kmeans_MemoryInitialize|s_addr_Rom~25    ; |Kmeans_MemoryInitialize|s_addr_Rom~25    ; out              ;
; |Kmeans_MemoryInitialize|s_addr_Rom~26    ; |Kmeans_MemoryInitialize|s_addr_Rom~26    ; out              ;
; |Kmeans_MemoryInitialize|s_addr_Rom~27    ; |Kmeans_MemoryInitialize|s_addr_Rom~27    ; out              ;
; |Kmeans_MemoryInitialize|s_addr_Ram~15    ; |Kmeans_MemoryInitialize|s_addr_Ram~15    ; out              ;
; |Kmeans_MemoryInitialize|s_addr_Ram~16    ; |Kmeans_MemoryInitialize|s_addr_Ram~16    ; out              ;
; |Kmeans_MemoryInitialize|s_addr_Ram~17    ; |Kmeans_MemoryInitialize|s_addr_Ram~17    ; out              ;
; |Kmeans_MemoryInitialize|s_addr_Ram~18    ; |Kmeans_MemoryInitialize|s_addr_Ram~18    ; out              ;
; |Kmeans_MemoryInitialize|s_addr_Ram~19    ; |Kmeans_MemoryInitialize|s_addr_Ram~19    ; out              ;
; |Kmeans_MemoryInitialize|s_addr_Ram~20    ; |Kmeans_MemoryInitialize|s_addr_Ram~20    ; out              ;
; |Kmeans_MemoryInitialize|s_addr_Ram~21    ; |Kmeans_MemoryInitialize|s_addr_Ram~21    ; out              ;
; |Kmeans_MemoryInitialize|s_addr_Ram~22    ; |Kmeans_MemoryInitialize|s_addr_Ram~22    ; out              ;
; |Kmeans_MemoryInitialize|s_addr_Ram~23    ; |Kmeans_MemoryInitialize|s_addr_Ram~23    ; out              ;
; |Kmeans_MemoryInitialize|s_addr_Ram~24    ; |Kmeans_MemoryInitialize|s_addr_Ram~24    ; out              ;
; |Kmeans_MemoryInitialize|s_addr_Ram~25    ; |Kmeans_MemoryInitialize|s_addr_Ram~25    ; out              ;
; |Kmeans_MemoryInitialize|s_addr_Ram~26    ; |Kmeans_MemoryInitialize|s_addr_Ram~26    ; out              ;
; |Kmeans_MemoryInitialize|s_addr_Ram~27    ; |Kmeans_MemoryInitialize|s_addr_Ram~27    ; out              ;
; |Kmeans_MemoryInitialize|s_countData~0    ; |Kmeans_MemoryInitialize|s_countData~0    ; out              ;
; |Kmeans_MemoryInitialize|s_countData~1    ; |Kmeans_MemoryInitialize|s_countData~1    ; out              ;
; |Kmeans_MemoryInitialize|s_countData~2    ; |Kmeans_MemoryInitialize|s_countData~2    ; out              ;
; |Kmeans_MemoryInitialize|s_countData~3    ; |Kmeans_MemoryInitialize|s_countData~3    ; out              ;
; |Kmeans_MemoryInitialize|s_countData~4    ; |Kmeans_MemoryInitialize|s_countData~4    ; out              ;
; |Kmeans_MemoryInitialize|s_countData~5    ; |Kmeans_MemoryInitialize|s_countData~5    ; out              ;
; |Kmeans_MemoryInitialize|s_countData~6    ; |Kmeans_MemoryInitialize|s_countData~6    ; out              ;
; |Kmeans_MemoryInitialize|s_countData~7    ; |Kmeans_MemoryInitialize|s_countData~7    ; out              ;
; |Kmeans_MemoryInitialize|s_countData~8    ; |Kmeans_MemoryInitialize|s_countData~8    ; out              ;
; |Kmeans_MemoryInitialize|s_countData~9    ; |Kmeans_MemoryInitialize|s_countData~9    ; out              ;
; |Kmeans_MemoryInitialize|s_countData~10   ; |Kmeans_MemoryInitialize|s_countData~10   ; out              ;
; |Kmeans_MemoryInitialize|s_countData~11   ; |Kmeans_MemoryInitialize|s_countData~11   ; out              ;
; |Kmeans_MemoryInitialize|s_addr_Rom[14]~0 ; |Kmeans_MemoryInitialize|s_addr_Rom[14]~0 ; out              ;
; |Kmeans_MemoryInitialize|s_addr_Rom[13]~1 ; |Kmeans_MemoryInitialize|s_addr_Rom[13]~1 ; out              ;
; |Kmeans_MemoryInitialize|s_addr_Rom[12]~2 ; |Kmeans_MemoryInitialize|s_addr_Rom[12]~2 ; out              ;
; |Kmeans_MemoryInitialize|s_addr_Rom[11]~3 ; |Kmeans_MemoryInitialize|s_addr_Rom[11]~3 ; out              ;
; |Kmeans_MemoryInitialize|s_addr_Rom[10]~4 ; |Kmeans_MemoryInitialize|s_addr_Rom[10]~4 ; out              ;
; |Kmeans_MemoryInitialize|s_addr_Rom[9]~5  ; |Kmeans_MemoryInitialize|s_addr_Rom[9]~5  ; out              ;
; |Kmeans_MemoryInitialize|s_addr_Rom[8]~6  ; |Kmeans_MemoryInitialize|s_addr_Rom[8]~6  ; out              ;
; |Kmeans_MemoryInitialize|s_addr_Rom[7]~7  ; |Kmeans_MemoryInitialize|s_addr_Rom[7]~7  ; out              ;
; |Kmeans_MemoryInitialize|s_addr_Rom[6]~8  ; |Kmeans_MemoryInitialize|s_addr_Rom[6]~8  ; out              ;
; |Kmeans_MemoryInitialize|s_addr_Rom[5]~9  ; |Kmeans_MemoryInitialize|s_addr_Rom[5]~9  ; out              ;
; |Kmeans_MemoryInitialize|s_addr_Rom[4]~10 ; |Kmeans_MemoryInitialize|s_addr_Rom[4]~10 ; out              ;
; |Kmeans_MemoryInitialize|s_addr_Rom[3]~11 ; |Kmeans_MemoryInitialize|s_addr_Rom[3]~11 ; out              ;
; |Kmeans_MemoryInitialize|s_addr_Rom[2]~12 ; |Kmeans_MemoryInitialize|s_addr_Rom[2]~12 ; out              ;
; |Kmeans_MemoryInitialize|s_addr_Ram[14]~1 ; |Kmeans_MemoryInitialize|s_addr_Ram[14]~1 ; out              ;
; |Kmeans_MemoryInitialize|s_addr_Ram[13]~2 ; |Kmeans_MemoryInitialize|s_addr_Ram[13]~2 ; out              ;
; |Kmeans_MemoryInitialize|s_addr_Ram[12]~3 ; |Kmeans_MemoryInitialize|s_addr_Ram[12]~3 ; out              ;
; |Kmeans_MemoryInitialize|s_addr_Ram[11]~4 ; |Kmeans_MemoryInitialize|s_addr_Ram[11]~4 ; out              ;
; |Kmeans_MemoryInitialize|s_addr_Ram[10]~5 ; |Kmeans_MemoryInitialize|s_addr_Ram[10]~5 ; out              ;
; |Kmeans_MemoryInitialize|s_addr_Ram[9]~6  ; |Kmeans_MemoryInitialize|s_addr_Ram[9]~6  ; out              ;
; |Kmeans_MemoryInitialize|s_addr_Ram[8]~7  ; |Kmeans_MemoryInitialize|s_addr_Ram[8]~7  ; out              ;
; |Kmeans_MemoryInitialize|s_addr_Ram[7]~8  ; |Kmeans_MemoryInitialize|s_addr_Ram[7]~8  ; out              ;
; |Kmeans_MemoryInitialize|s_addr_Ram[6]~9  ; |Kmeans_MemoryInitialize|s_addr_Ram[6]~9  ; out              ;
; |Kmeans_MemoryInitialize|s_addr_Ram[5]~10 ; |Kmeans_MemoryInitialize|s_addr_Ram[5]~10 ; out              ;
; |Kmeans_MemoryInitialize|s_addr_Ram[4]~11 ; |Kmeans_MemoryInitialize|s_addr_Ram[4]~11 ; out              ;
; |Kmeans_MemoryInitialize|s_addr_Ram[3]~12 ; |Kmeans_MemoryInitialize|s_addr_Ram[3]~12 ; out              ;
; |Kmeans_MemoryInitialize|s_addr_Ram[2]~13 ; |Kmeans_MemoryInitialize|s_addr_Ram[2]~13 ; out              ;
; |Kmeans_MemoryInitialize|s_addr_Ram[2]    ; |Kmeans_MemoryInitialize|s_addr_Ram[2]    ; regout           ;
; |Kmeans_MemoryInitialize|s_addr_Ram[3]    ; |Kmeans_MemoryInitialize|s_addr_Ram[3]    ; regout           ;
; |Kmeans_MemoryInitialize|s_addr_Ram[4]    ; |Kmeans_MemoryInitialize|s_addr_Ram[4]    ; regout           ;
; |Kmeans_MemoryInitialize|s_addr_Ram[5]    ; |Kmeans_MemoryInitialize|s_addr_Ram[5]    ; regout           ;
; |Kmeans_MemoryInitialize|s_addr_Ram[6]    ; |Kmeans_MemoryInitialize|s_addr_Ram[6]    ; regout           ;
; |Kmeans_MemoryInitialize|s_addr_Ram[7]    ; |Kmeans_MemoryInitialize|s_addr_Ram[7]    ; regout           ;
; |Kmeans_MemoryInitialize|s_addr_Ram[8]    ; |Kmeans_MemoryInitialize|s_addr_Ram[8]    ; regout           ;
; |Kmeans_MemoryInitialize|s_addr_Ram[9]    ; |Kmeans_MemoryInitialize|s_addr_Ram[9]    ; regout           ;
; |Kmeans_MemoryInitialize|s_addr_Ram[10]   ; |Kmeans_MemoryInitialize|s_addr_Ram[10]   ; regout           ;
; |Kmeans_MemoryInitialize|s_addr_Ram[11]   ; |Kmeans_MemoryInitialize|s_addr_Ram[11]   ; regout           ;
; |Kmeans_MemoryInitialize|s_addr_Ram[12]   ; |Kmeans_MemoryInitialize|s_addr_Ram[12]   ; regout           ;
; |Kmeans_MemoryInitialize|s_addr_Ram[13]   ; |Kmeans_MemoryInitialize|s_addr_Ram[13]   ; regout           ;
; |Kmeans_MemoryInitialize|s_addr_Ram[14]   ; |Kmeans_MemoryInitialize|s_addr_Ram[14]   ; regout           ;
; |Kmeans_MemoryInitialize|s_addr_Rom[1]    ; |Kmeans_MemoryInitialize|s_addr_Rom[1]    ; regout           ;
; |Kmeans_MemoryInitialize|s_addr_Rom[2]    ; |Kmeans_MemoryInitialize|s_addr_Rom[2]    ; regout           ;
; |Kmeans_MemoryInitialize|s_addr_Rom[3]    ; |Kmeans_MemoryInitialize|s_addr_Rom[3]    ; regout           ;
; |Kmeans_MemoryInitialize|s_addr_Rom[4]    ; |Kmeans_MemoryInitialize|s_addr_Rom[4]    ; regout           ;
; |Kmeans_MemoryInitialize|s_addr_Rom[5]    ; |Kmeans_MemoryInitialize|s_addr_Rom[5]    ; regout           ;
; |Kmeans_MemoryInitialize|s_addr_Rom[6]    ; |Kmeans_MemoryInitialize|s_addr_Rom[6]    ; regout           ;
; |Kmeans_MemoryInitialize|s_addr_Rom[7]    ; |Kmeans_MemoryInitialize|s_addr_Rom[7]    ; regout           ;
; |Kmeans_MemoryInitialize|s_addr_Rom[8]    ; |Kmeans_MemoryInitialize|s_addr_Rom[8]    ; regout           ;
; |Kmeans_MemoryInitialize|s_addr_Rom[9]    ; |Kmeans_MemoryInitialize|s_addr_Rom[9]    ; regout           ;
; |Kmeans_MemoryInitialize|s_addr_Rom[10]   ; |Kmeans_MemoryInitialize|s_addr_Rom[10]   ; regout           ;
; |Kmeans_MemoryInitialize|s_addr_Rom[11]   ; |Kmeans_MemoryInitialize|s_addr_Rom[11]   ; regout           ;
; |Kmeans_MemoryInitialize|s_addr_Rom[12]   ; |Kmeans_MemoryInitialize|s_addr_Rom[12]   ; regout           ;
; |Kmeans_MemoryInitialize|s_addr_Rom[13]   ; |Kmeans_MemoryInitialize|s_addr_Rom[13]   ; regout           ;
; |Kmeans_MemoryInitialize|s_addr_Rom[14]   ; |Kmeans_MemoryInitialize|s_addr_Rom[14]   ; regout           ;
; |Kmeans_MemoryInitialize|s_countData[2]   ; |Kmeans_MemoryInitialize|s_countData[2]   ; regout           ;
; |Kmeans_MemoryInitialize|s_countData[3]   ; |Kmeans_MemoryInitialize|s_countData[3]   ; regout           ;
; |Kmeans_MemoryInitialize|s_countData[4]   ; |Kmeans_MemoryInitialize|s_countData[4]   ; regout           ;
; |Kmeans_MemoryInitialize|s_countData[5]   ; |Kmeans_MemoryInitialize|s_countData[5]   ; regout           ;
; |Kmeans_MemoryInitialize|s_countData[6]   ; |Kmeans_MemoryInitialize|s_countData[6]   ; regout           ;
; |Kmeans_MemoryInitialize|s_countData[7]   ; |Kmeans_MemoryInitialize|s_countData[7]   ; regout           ;
; |Kmeans_MemoryInitialize|s_countData[8]   ; |Kmeans_MemoryInitialize|s_countData[8]   ; regout           ;
; |Kmeans_MemoryInitialize|s_countData[9]   ; |Kmeans_MemoryInitialize|s_countData[9]   ; regout           ;
; |Kmeans_MemoryInitialize|s_countData[10]  ; |Kmeans_MemoryInitialize|s_countData[10]  ; regout           ;
; |Kmeans_MemoryInitialize|s_countData[11]  ; |Kmeans_MemoryInitialize|s_countData[11]  ; regout           ;
; |Kmeans_MemoryInitialize|s_countData[12]  ; |Kmeans_MemoryInitialize|s_countData[12]  ; regout           ;
; |Kmeans_MemoryInitialize|s_countData[13]  ; |Kmeans_MemoryInitialize|s_countData[13]  ; regout           ;
; |Kmeans_MemoryInitialize|s_countData[14]  ; |Kmeans_MemoryInitialize|s_countData[14]  ; regout           ;
; |Kmeans_MemoryInitialize|nPontos[0]       ; |Kmeans_MemoryInitialize|nPontos[0]       ; out              ;
; |Kmeans_MemoryInitialize|nPontos[1]       ; |Kmeans_MemoryInitialize|nPontos[1]       ; out              ;
; |Kmeans_MemoryInitialize|nPontos[2]       ; |Kmeans_MemoryInitialize|nPontos[2]       ; out              ;
; |Kmeans_MemoryInitialize|nPontos[3]       ; |Kmeans_MemoryInitialize|nPontos[3]       ; out              ;
; |Kmeans_MemoryInitialize|nPontos[4]       ; |Kmeans_MemoryInitialize|nPontos[4]       ; out              ;
; |Kmeans_MemoryInitialize|nPontos[5]       ; |Kmeans_MemoryInitialize|nPontos[5]       ; out              ;
; |Kmeans_MemoryInitialize|nPontos[6]       ; |Kmeans_MemoryInitialize|nPontos[6]       ; out              ;
; |Kmeans_MemoryInitialize|nPontos[7]       ; |Kmeans_MemoryInitialize|nPontos[7]       ; out              ;
; |Kmeans_MemoryInitialize|nPontos[8]       ; |Kmeans_MemoryInitialize|nPontos[8]       ; out              ;
; |Kmeans_MemoryInitialize|nPontos[9]       ; |Kmeans_MemoryInitialize|nPontos[9]       ; out              ;
; |Kmeans_MemoryInitialize|nPontos[10]      ; |Kmeans_MemoryInitialize|nPontos[10]      ; out              ;
; |Kmeans_MemoryInitialize|nPontos[11]      ; |Kmeans_MemoryInitialize|nPontos[11]      ; out              ;
; |Kmeans_MemoryInitialize|nPontos[12]      ; |Kmeans_MemoryInitialize|nPontos[12]      ; out              ;
; |Kmeans_MemoryInitialize|nPontos[13]      ; |Kmeans_MemoryInitialize|nPontos[13]      ; out              ;
; |Kmeans_MemoryInitialize|nPontos[14]      ; |Kmeans_MemoryInitialize|nPontos[14]      ; out              ;
; |Kmeans_MemoryInitialize|o_countData[2]   ; |Kmeans_MemoryInitialize|o_countData[2]   ; pin_out          ;
; |Kmeans_MemoryInitialize|o_countData[3]   ; |Kmeans_MemoryInitialize|o_countData[3]   ; pin_out          ;
; |Kmeans_MemoryInitialize|o_countData[4]   ; |Kmeans_MemoryInitialize|o_countData[4]   ; pin_out          ;
; |Kmeans_MemoryInitialize|o_countData[5]   ; |Kmeans_MemoryInitialize|o_countData[5]   ; pin_out          ;
; |Kmeans_MemoryInitialize|o_countData[6]   ; |Kmeans_MemoryInitialize|o_countData[6]   ; pin_out          ;
; |Kmeans_MemoryInitialize|o_countData[7]   ; |Kmeans_MemoryInitialize|o_countData[7]   ; pin_out          ;
; |Kmeans_MemoryInitialize|o_countData[8]   ; |Kmeans_MemoryInitialize|o_countData[8]   ; pin_out          ;
; |Kmeans_MemoryInitialize|o_countData[9]   ; |Kmeans_MemoryInitialize|o_countData[9]   ; pin_out          ;
; |Kmeans_MemoryInitialize|o_countData[10]  ; |Kmeans_MemoryInitialize|o_countData[10]  ; pin_out          ;
; |Kmeans_MemoryInitialize|o_countData[11]  ; |Kmeans_MemoryInitialize|o_countData[11]  ; pin_out          ;
; |Kmeans_MemoryInitialize|o_countData[12]  ; |Kmeans_MemoryInitialize|o_countData[12]  ; pin_out          ;
; |Kmeans_MemoryInitialize|o_countData[13]  ; |Kmeans_MemoryInitialize|o_countData[13]  ; pin_out          ;
; |Kmeans_MemoryInitialize|o_countData[14]  ; |Kmeans_MemoryInitialize|o_countData[14]  ; pin_out          ;
; |Kmeans_MemoryInitialize|addr_Rom[1]      ; |Kmeans_MemoryInitialize|addr_Rom[1]      ; pin_out          ;
; |Kmeans_MemoryInitialize|addr_Rom[2]      ; |Kmeans_MemoryInitialize|addr_Rom[2]      ; pin_out          ;
; |Kmeans_MemoryInitialize|addr_Rom[3]      ; |Kmeans_MemoryInitialize|addr_Rom[3]      ; pin_out          ;
; |Kmeans_MemoryInitialize|addr_Rom[4]      ; |Kmeans_MemoryInitialize|addr_Rom[4]      ; pin_out          ;
; |Kmeans_MemoryInitialize|addr_Rom[5]      ; |Kmeans_MemoryInitialize|addr_Rom[5]      ; pin_out          ;
; |Kmeans_MemoryInitialize|addr_Rom[6]      ; |Kmeans_MemoryInitialize|addr_Rom[6]      ; pin_out          ;
; |Kmeans_MemoryInitialize|addr_Rom[7]      ; |Kmeans_MemoryInitialize|addr_Rom[7]      ; pin_out          ;
; |Kmeans_MemoryInitialize|addr_Rom[8]      ; |Kmeans_MemoryInitialize|addr_Rom[8]      ; pin_out          ;
; |Kmeans_MemoryInitialize|addr_Rom[9]      ; |Kmeans_MemoryInitialize|addr_Rom[9]      ; pin_out          ;
; |Kmeans_MemoryInitialize|addr_Rom[10]     ; |Kmeans_MemoryInitialize|addr_Rom[10]     ; pin_out          ;
; |Kmeans_MemoryInitialize|addr_Rom[11]     ; |Kmeans_MemoryInitialize|addr_Rom[11]     ; pin_out          ;
; |Kmeans_MemoryInitialize|addr_Rom[12]     ; |Kmeans_MemoryInitialize|addr_Rom[12]     ; pin_out          ;
; |Kmeans_MemoryInitialize|addr_Rom[13]     ; |Kmeans_MemoryInitialize|addr_Rom[13]     ; pin_out          ;
; |Kmeans_MemoryInitialize|addr_Rom[14]     ; |Kmeans_MemoryInitialize|addr_Rom[14]     ; pin_out          ;
; |Kmeans_MemoryInitialize|addr_Ram[1]      ; |Kmeans_MemoryInitialize|addr_Ram[1]      ; pin_out          ;
; |Kmeans_MemoryInitialize|addr_Ram[2]      ; |Kmeans_MemoryInitialize|addr_Ram[2]      ; pin_out          ;
; |Kmeans_MemoryInitialize|addr_Ram[3]      ; |Kmeans_MemoryInitialize|addr_Ram[3]      ; pin_out          ;
; |Kmeans_MemoryInitialize|addr_Ram[4]      ; |Kmeans_MemoryInitialize|addr_Ram[4]      ; pin_out          ;
; |Kmeans_MemoryInitialize|addr_Ram[5]      ; |Kmeans_MemoryInitialize|addr_Ram[5]      ; pin_out          ;
; |Kmeans_MemoryInitialize|addr_Ram[6]      ; |Kmeans_MemoryInitialize|addr_Ram[6]      ; pin_out          ;
; |Kmeans_MemoryInitialize|addr_Ram[7]      ; |Kmeans_MemoryInitialize|addr_Ram[7]      ; pin_out          ;
; |Kmeans_MemoryInitialize|addr_Ram[8]      ; |Kmeans_MemoryInitialize|addr_Ram[8]      ; pin_out          ;
; |Kmeans_MemoryInitialize|addr_Ram[9]      ; |Kmeans_MemoryInitialize|addr_Ram[9]      ; pin_out          ;
; |Kmeans_MemoryInitialize|addr_Ram[10]     ; |Kmeans_MemoryInitialize|addr_Ram[10]     ; pin_out          ;
; |Kmeans_MemoryInitialize|addr_Ram[11]     ; |Kmeans_MemoryInitialize|addr_Ram[11]     ; pin_out          ;
; |Kmeans_MemoryInitialize|addr_Ram[12]     ; |Kmeans_MemoryInitialize|addr_Ram[12]     ; pin_out          ;
; |Kmeans_MemoryInitialize|addr_Ram[13]     ; |Kmeans_MemoryInitialize|addr_Ram[13]     ; pin_out          ;
; |Kmeans_MemoryInitialize|addr_Ram[14]     ; |Kmeans_MemoryInitialize|addr_Ram[14]     ; pin_out          ;
; |Kmeans_MemoryInitialize|next_State[2]    ; |Kmeans_MemoryInitialize|next_State[2]    ; pin_out          ;
; |Kmeans_MemoryInitialize|next_State[3]    ; |Kmeans_MemoryInitialize|next_State[3]    ; pin_out          ;
; |Kmeans_MemoryInitialize|LessThan0~5      ; |Kmeans_MemoryInitialize|LessThan0~5      ; out0             ;
; |Kmeans_MemoryInitialize|LessThan0~7      ; |Kmeans_MemoryInitialize|LessThan0~7      ; out0             ;
; |Kmeans_MemoryInitialize|LessThan0~9      ; |Kmeans_MemoryInitialize|LessThan0~9      ; out0             ;
; |Kmeans_MemoryInitialize|LessThan0~11     ; |Kmeans_MemoryInitialize|LessThan0~11     ; out0             ;
; |Kmeans_MemoryInitialize|LessThan0~13     ; |Kmeans_MemoryInitialize|LessThan0~13     ; out0             ;
; |Kmeans_MemoryInitialize|LessThan0~15     ; |Kmeans_MemoryInitialize|LessThan0~15     ; out0             ;
; |Kmeans_MemoryInitialize|LessThan0~17     ; |Kmeans_MemoryInitialize|LessThan0~17     ; out0             ;
; |Kmeans_MemoryInitialize|LessThan0~19     ; |Kmeans_MemoryInitialize|LessThan0~19     ; out0             ;
; |Kmeans_MemoryInitialize|LessThan0~21     ; |Kmeans_MemoryInitialize|LessThan0~21     ; out0             ;
; |Kmeans_MemoryInitialize|LessThan0~23     ; |Kmeans_MemoryInitialize|LessThan0~23     ; out0             ;
; |Kmeans_MemoryInitialize|LessThan0~25     ; |Kmeans_MemoryInitialize|LessThan0~25     ; out0             ;
; |Kmeans_MemoryInitialize|LessThan0~27     ; |Kmeans_MemoryInitialize|LessThan0~27     ; out0             ;
; |Kmeans_MemoryInitialize|LessThan0~29     ; |Kmeans_MemoryInitialize|LessThan0~29     ; out0             ;
; |Kmeans_MemoryInitialize|LessThan0~31     ; |Kmeans_MemoryInitialize|LessThan0~31     ; out0             ;
; |Kmeans_MemoryInitialize|LessThan0~33     ; |Kmeans_MemoryInitialize|LessThan0~33     ; out0             ;
; |Kmeans_MemoryInitialize|LessThan0~35     ; |Kmeans_MemoryInitialize|LessThan0~35     ; out0             ;
; |Kmeans_MemoryInitialize|LessThan0~37     ; |Kmeans_MemoryInitialize|LessThan0~37     ; out0             ;
; |Kmeans_MemoryInitialize|LessThan0~39     ; |Kmeans_MemoryInitialize|LessThan0~39     ; out0             ;
; |Kmeans_MemoryInitialize|LessThan0~41     ; |Kmeans_MemoryInitialize|LessThan0~41     ; out0             ;
; |Kmeans_MemoryInitialize|LessThan0~43     ; |Kmeans_MemoryInitialize|LessThan0~43     ; out0             ;
; |Kmeans_MemoryInitialize|LessThan0~45     ; |Kmeans_MemoryInitialize|LessThan0~45     ; out0             ;
; |Kmeans_MemoryInitialize|LessThan0~47     ; |Kmeans_MemoryInitialize|LessThan0~47     ; out0             ;
; |Kmeans_MemoryInitialize|LessThan0~49     ; |Kmeans_MemoryInitialize|LessThan0~49     ; out0             ;
; |Kmeans_MemoryInitialize|LessThan0~51     ; |Kmeans_MemoryInitialize|LessThan0~51     ; out0             ;
; |Kmeans_MemoryInitialize|LessThan0~53     ; |Kmeans_MemoryInitialize|LessThan0~53     ; out0             ;
; |Kmeans_MemoryInitialize|LessThan0~55     ; |Kmeans_MemoryInitialize|LessThan0~55     ; out0             ;
; |Kmeans_MemoryInitialize|Add0~3           ; |Kmeans_MemoryInitialize|Add0~3           ; out0             ;
; |Kmeans_MemoryInitialize|Add0~4           ; |Kmeans_MemoryInitialize|Add0~4           ; out0             ;
; |Kmeans_MemoryInitialize|Add0~5           ; |Kmeans_MemoryInitialize|Add0~5           ; out0             ;
; |Kmeans_MemoryInitialize|Add0~6           ; |Kmeans_MemoryInitialize|Add0~6           ; out0             ;
; |Kmeans_MemoryInitialize|Add0~7           ; |Kmeans_MemoryInitialize|Add0~7           ; out0             ;
; |Kmeans_MemoryInitialize|Add0~8           ; |Kmeans_MemoryInitialize|Add0~8           ; out0             ;
; |Kmeans_MemoryInitialize|Add0~9           ; |Kmeans_MemoryInitialize|Add0~9           ; out0             ;
; |Kmeans_MemoryInitialize|Add0~10          ; |Kmeans_MemoryInitialize|Add0~10          ; out0             ;
; |Kmeans_MemoryInitialize|Add0~11          ; |Kmeans_MemoryInitialize|Add0~11          ; out0             ;
; |Kmeans_MemoryInitialize|Add0~12          ; |Kmeans_MemoryInitialize|Add0~12          ; out0             ;
; |Kmeans_MemoryInitialize|Add0~13          ; |Kmeans_MemoryInitialize|Add0~13          ; out0             ;
; |Kmeans_MemoryInitialize|Add0~14          ; |Kmeans_MemoryInitialize|Add0~14          ; out0             ;
; |Kmeans_MemoryInitialize|Add0~15          ; |Kmeans_MemoryInitialize|Add0~15          ; out0             ;
; |Kmeans_MemoryInitialize|Add0~16          ; |Kmeans_MemoryInitialize|Add0~16          ; out0             ;
; |Kmeans_MemoryInitialize|Add0~17          ; |Kmeans_MemoryInitialize|Add0~17          ; out0             ;
; |Kmeans_MemoryInitialize|Add0~18          ; |Kmeans_MemoryInitialize|Add0~18          ; out0             ;
; |Kmeans_MemoryInitialize|Add0~19          ; |Kmeans_MemoryInitialize|Add0~19          ; out0             ;
; |Kmeans_MemoryInitialize|Add0~20          ; |Kmeans_MemoryInitialize|Add0~20          ; out0             ;
; |Kmeans_MemoryInitialize|Add0~21          ; |Kmeans_MemoryInitialize|Add0~21          ; out0             ;
; |Kmeans_MemoryInitialize|Add0~22          ; |Kmeans_MemoryInitialize|Add0~22          ; out0             ;
; |Kmeans_MemoryInitialize|Add0~23          ; |Kmeans_MemoryInitialize|Add0~23          ; out0             ;
; |Kmeans_MemoryInitialize|Add0~24          ; |Kmeans_MemoryInitialize|Add0~24          ; out0             ;
; |Kmeans_MemoryInitialize|Add0~25          ; |Kmeans_MemoryInitialize|Add0~25          ; out0             ;
; |Kmeans_MemoryInitialize|Add0~26          ; |Kmeans_MemoryInitialize|Add0~26          ; out0             ;
+-------------------------------------------+-------------------------------------------+------------------+


+---------------------+
; Simulator INI Usage ;
+--------+------------+
; Option ; Usage      ;
+--------+------------+


+--------------------+
; Simulator Messages ;
+--------------------+
Info: *******************************************************************
Info: Running Quartus II Simulator
    Info: Version 9.1 Build 350 03/24/2010 Service Pack 2 SJ Web Edition
    Info: Processing started: Tue Jan 17 19:41:41 2017
Info: Command: quartus_sim --read_settings_files=on --write_settings_files=off Kmeans_MemoryInitialize -c Kmeans_MemoryInitialize
Info: Using vector source file "C:/Users/Lucas/Documents/PUC/Iniciao Cientfica/KMeans/Kmeans_Processador/Kmeans_MemoryInitialize/Kmeans_MemoryInitialize.vwf"
Info: Overwriting simulation input file with simulation results
    Info: A backup of Kmeans_MemoryInitialize.vwf called Kmeans_MemoryInitialize.sim_ori.vwf has been created in the db folder
Info: Option to preserve fewer signal transitions to reduce memory requirements is enabled
    Info: Simulation has been partitioned into sub-simulations according to the maximum transition count determined by the engine. Transitions from memory will be flushed out to disk at the end of each sub-simulation to reduce memory requirements.
Info: Simulation partitioned into 1 sub-simulations
Info: Simulation coverage is      21.61 %
Info: Number of transitions in simulation is 253
Info: Vector file Kmeans_MemoryInitialize.vwf is saved in VWF text format. You can compress it into CVWF format in order to reduce file size. For more details please refer to the Quartus II Help.
Info: Quartus II Simulator was successful. 0 errors, 0 warnings
    Info: Peak virtual memory: 160 megabytes
    Info: Processing ended: Tue Jan 17 19:41:42 2017
    Info: Elapsed time: 00:00:01
    Info: Total CPU time (on all processors): 00:00:00


