Analysis & Synthesis report for Kmeans_MemoryInitialize
Tue Jun 13 11:45:03 2017
Quartus Prime Version 16.1.0 Build 196 10/24/2016 SJ Lite Edition


---------------------
; Table of Contents ;
---------------------
  1. Legal Notice
  2. Analysis & Synthesis Summary
  3. Analysis & Synthesis Settings
  4. Parallel Compilation
  5. Analysis & Synthesis Source Files Read
  6. Analysis & Synthesis Resource Usage Summary
  7. Analysis & Synthesis Resource Utilization by Entity
  8. Registers Removed During Synthesis
  9. General Register Statistics
 10. Inverted Register Statistics
 11. Parameter Settings for User Entity Instance: Top-level Entity: |Kmeans_MemoryInitialize
 12. Parameter Settings for Inferred Entity Instance: lpm_mult:Mult0
 13. lpm_mult Parameter Settings by Entity Instance
 14. Post-Synthesis Netlist Statistics for Top Partition
 15. Elapsed Time Per Partition
 16. Analysis & Synthesis Messages



----------------
; Legal Notice ;
----------------
Copyright (C) 2016  Intel Corporation. All rights reserved.
Your use of Intel Corporation's design tools, logic functions 
and other software and tools, and its AMPP partner logic 
functions, and any output files from any of the foregoing 
(including device programming or simulation files), and any 
associated documentation or information are expressly subject 
to the terms and conditions of the Intel Program License 
Subscription Agreement, the Intel Quartus Prime License Agreement,
the Intel MegaCore Function License Agreement, or other 
applicable license agreement, including, without limitation, 
that your use is for the sole purpose of programming logic 
devices manufactured by Intel and sold by Intel or its 
authorized distributors.  Please refer to the applicable 
agreement for further details.



+----------------------------------------------------------------------------------+
; Analysis & Synthesis Summary                                                     ;
+------------------------------------+---------------------------------------------+
; Analysis & Synthesis Status        ; Successful - Tue Jun 13 11:45:03 2017       ;
; Quartus Prime Version              ; 16.1.0 Build 196 10/24/2016 SJ Lite Edition ;
; Revision Name                      ; Kmeans_MemoryInitialize                     ;
; Top-level Entity Name              ; Kmeans_MemoryInitialize                     ;
; Family                             ; Cyclone IV GX                               ;
; Total logic elements               ; 139                                         ;
;     Total combinational functions  ; 124                                         ;
;     Dedicated logic registers      ; 45                                          ;
; Total registers                    ; 45                                          ;
; Total pins                         ; 67                                          ;
; Total virtual pins                 ; 0                                           ;
; Total memory bits                  ; 0                                           ;
; Embedded Multiplier 9-bit elements ; 0                                           ;
; Total GXB Receiver Channel PCS     ; 0                                           ;
; Total GXB Receiver Channel PMA     ; 0                                           ;
; Total GXB Transmitter Channel PCS  ; 0                                           ;
; Total GXB Transmitter Channel PMA  ; 0                                           ;
; Total PLLs                         ; 0                                           ;
+------------------------------------+---------------------------------------------+


+--------------------------------------------------------------------------------------------------------------------------------+
; Analysis & Synthesis Settings                                                                                                  ;
+----------------------------------------------------------------------------+-------------------------+-------------------------+
; Option                                                                     ; Setting                 ; Default Value           ;
+----------------------------------------------------------------------------+-------------------------+-------------------------+
; Device                                                                     ; EP4CGX150DF31I7         ;                         ;
; Top-level entity name                                                      ; Kmeans_MemoryInitialize ; Kmeans_MemoryInitialize ;
; Family name                                                                ; Cyclone IV GX           ; Cyclone IV GX           ;
; Use smart compilation                                                      ; Off                     ; Off                     ;
; Enable parallel Assembler and TimeQuest Timing Analyzer during compilation ; On                      ; On                      ;
; Enable compact report table                                                ; Off                     ; Off                     ;
; Restructure Multiplexers                                                   ; Auto                    ; Auto                    ;
; Create Debugging Nodes for IP Cores                                        ; Off                     ; Off                     ;
; Preserve fewer node names                                                  ; On                      ; On                      ;
; OpenCore Plus hardware evaluation                                          ; Enable                  ; Enable                  ;
; Verilog Version                                                            ; Verilog_2001            ; Verilog_2001            ;
; VHDL Version                                                               ; VHDL_1993               ; VHDL_1993               ;
; State Machine Processing                                                   ; Auto                    ; Auto                    ;
; Safe State Machine                                                         ; Off                     ; Off                     ;
; Extract Verilog State Machines                                             ; On                      ; On                      ;
; Extract VHDL State Machines                                                ; On                      ; On                      ;
; Ignore Verilog initial constructs                                          ; Off                     ; Off                     ;
; Iteration limit for constant Verilog loops                                 ; 5000                    ; 5000                    ;
; Iteration limit for non-constant Verilog loops                             ; 250                     ; 250                     ;
; Add Pass-Through Logic to Inferred RAMs                                    ; On                      ; On                      ;
; Infer RAMs from Raw Logic                                                  ; On                      ; On                      ;
; Parallel Synthesis                                                         ; On                      ; On                      ;
; DSP Block Balancing                                                        ; Auto                    ; Auto                    ;
; NOT Gate Push-Back                                                         ; On                      ; On                      ;
; Power-Up Don't Care                                                        ; On                      ; On                      ;
; Remove Redundant Logic Cells                                               ; Off                     ; Off                     ;
; Remove Duplicate Registers                                                 ; On                      ; On                      ;
; Ignore CARRY Buffers                                                       ; Off                     ; Off                     ;
; Ignore CASCADE Buffers                                                     ; Off                     ; Off                     ;
; Ignore GLOBAL Buffers                                                      ; Off                     ; Off                     ;
; Ignore ROW GLOBAL Buffers                                                  ; Off                     ; Off                     ;
; Ignore LCELL Buffers                                                       ; Off                     ; Off                     ;
; Ignore SOFT Buffers                                                        ; On                      ; On                      ;
; Limit AHDL Integers to 32 Bits                                             ; Off                     ; Off                     ;
; Optimization Technique                                                     ; Balanced                ; Balanced                ;
; Carry Chain Length                                                         ; 70                      ; 70                      ;
; Auto Carry Chains                                                          ; On                      ; On                      ;
; Auto Open-Drain Pins                                                       ; On                      ; On                      ;
; Perform WYSIWYG Primitive Resynthesis                                      ; Off                     ; Off                     ;
; Auto ROM Replacement                                                       ; On                      ; On                      ;
; Auto RAM Replacement                                                       ; On                      ; On                      ;
; Auto DSP Block Replacement                                                 ; On                      ; On                      ;
; Auto Shift Register Replacement                                            ; Auto                    ; Auto                    ;
; Allow Shift Register Merging across Hierarchies                            ; Auto                    ; Auto                    ;
; Auto Clock Enable Replacement                                              ; On                      ; On                      ;
; Strict RAM Replacement                                                     ; Off                     ; Off                     ;
; Allow Synchronous Control Signals                                          ; On                      ; On                      ;
; Force Use of Synchronous Clear Signals                                     ; Off                     ; Off                     ;
; Auto RAM Block Balancing                                                   ; On                      ; On                      ;
; Auto RAM to Logic Cell Conversion                                          ; Off                     ; Off                     ;
; Auto Resource Sharing                                                      ; Off                     ; Off                     ;
; Allow Any RAM Size For Recognition                                         ; Off                     ; Off                     ;
; Allow Any ROM Size For Recognition                                         ; Off                     ; Off                     ;
; Allow Any Shift Register Size For Recognition                              ; Off                     ; Off                     ;
; Use LogicLock Constraints during Resource Balancing                        ; On                      ; On                      ;
; Ignore translate_off and synthesis_off directives                          ; Off                     ; Off                     ;
; Timing-Driven Synthesis                                                    ; On                      ; On                      ;
; Report Parameter Settings                                                  ; On                      ; On                      ;
; Report Source Assignments                                                  ; On                      ; On                      ;
; Report Connectivity Checks                                                 ; On                      ; On                      ;
; Ignore Maximum Fan-Out Assignments                                         ; Off                     ; Off                     ;
; Synchronization Register Chain Length                                      ; 2                       ; 2                       ;
; PowerPlay Power Optimization During Synthesis                              ; Normal compilation      ; Normal compilation      ;
; HDL message level                                                          ; Level2                  ; Level2                  ;
; Suppress Register Optimization Related Messages                            ; Off                     ; Off                     ;
; Number of Removed Registers Reported in Synthesis Report                   ; 5000                    ; 5000                    ;
; Number of Swept Nodes Reported in Synthesis Report                         ; 5000                    ; 5000                    ;
; Number of Inverted Registers Reported in Synthesis Report                  ; 100                     ; 100                     ;
; Clock MUX Protection                                                       ; On                      ; On                      ;
; Auto Gated Clock Conversion                                                ; Off                     ; Off                     ;
; Block Design Naming                                                        ; Auto                    ; Auto                    ;
; SDC constraint protection                                                  ; Off                     ; Off                     ;
; Synthesis Effort                                                           ; Auto                    ; Auto                    ;
; Shift Register Replacement - Allow Asynchronous Clear Signal               ; On                      ; On                      ;
; Pre-Mapping Resynthesis Optimization                                       ; Off                     ; Off                     ;
; Analysis & Synthesis Message Level                                         ; Medium                  ; Medium                  ;
; Disable Register Merging Across Hierarchies                                ; Auto                    ; Auto                    ;
; Resource Aware Inference For Block RAM                                     ; On                      ; On                      ;
+----------------------------------------------------------------------------+-------------------------+-------------------------+


+------------------------------------------+
; Parallel Compilation                     ;
+----------------------------+-------------+
; Processors                 ; Number      ;
+----------------------------+-------------+
; Number detected on machine ; 8           ;
; Maximum allowed            ; 8           ;
;                            ;             ;
; Average used               ; 1.00        ;
; Maximum used               ; 8           ;
;                            ;             ;
; Usage by Processor         ; % Time Used ;
;     Processor 1            ; 100.0%      ;
;     Processors 2-8         ;   0.0%      ;
+----------------------------+-------------+


+-----------------------------------------------------------------------------------------------------------------------------------------------------------------------------------------------------------+
; Analysis & Synthesis Source Files Read                                                                                                                                                                    ;
+----------------------------------+-----------------+------------------------------+-------------------------------------------------------------------------------------------------------------+---------+
; File Name with User-Entered Path ; Used in Netlist ; File Type                    ; File Name with Absolute Path                                                                                ; Library ;
+----------------------------------+-----------------+------------------------------+-------------------------------------------------------------------------------------------------------------+---------+
; Kmeans_MemoryInitialize.vhd      ; yes             ; User VHDL File               ; /home/lucas/Documentos/Kmeans/Testes/Kmeans_Processador/Kmeans_MemoryInitialize/Kmeans_MemoryInitialize.vhd ;         ;
; lpm_mult.tdf                     ; yes             ; Megafunction                 ; /home/lucas/intelFPGA_lite/16.1/quartus/libraries/megafunctions/lpm_mult.tdf                                ;         ;
; aglobal161.inc                   ; yes             ; Megafunction                 ; /home/lucas/intelFPGA_lite/16.1/quartus/libraries/megafunctions/aglobal161.inc                              ;         ;
; lpm_add_sub.inc                  ; yes             ; Megafunction                 ; /home/lucas/intelFPGA_lite/16.1/quartus/libraries/megafunctions/lpm_add_sub.inc                             ;         ;
; multcore.inc                     ; yes             ; Megafunction                 ; /home/lucas/intelFPGA_lite/16.1/quartus/libraries/megafunctions/multcore.inc                                ;         ;
; bypassff.inc                     ; yes             ; Megafunction                 ; /home/lucas/intelFPGA_lite/16.1/quartus/libraries/megafunctions/bypassff.inc                                ;         ;
; altshift.inc                     ; yes             ; Megafunction                 ; /home/lucas/intelFPGA_lite/16.1/quartus/libraries/megafunctions/altshift.inc                                ;         ;
; multcore.tdf                     ; yes             ; Megafunction                 ; /home/lucas/intelFPGA_lite/16.1/quartus/libraries/megafunctions/multcore.tdf                                ;         ;
; csa_add.inc                      ; yes             ; Megafunction                 ; /home/lucas/intelFPGA_lite/16.1/quartus/libraries/megafunctions/csa_add.inc                                 ;         ;
; mpar_add.inc                     ; yes             ; Megafunction                 ; /home/lucas/intelFPGA_lite/16.1/quartus/libraries/megafunctions/mpar_add.inc                                ;         ;
; muleabz.inc                      ; yes             ; Megafunction                 ; /home/lucas/intelFPGA_lite/16.1/quartus/libraries/megafunctions/muleabz.inc                                 ;         ;
; mul_lfrg.inc                     ; yes             ; Megafunction                 ; /home/lucas/intelFPGA_lite/16.1/quartus/libraries/megafunctions/mul_lfrg.inc                                ;         ;
; mul_boothc.inc                   ; yes             ; Megafunction                 ; /home/lucas/intelFPGA_lite/16.1/quartus/libraries/megafunctions/mul_boothc.inc                              ;         ;
; alt_ded_mult.inc                 ; yes             ; Megafunction                 ; /home/lucas/intelFPGA_lite/16.1/quartus/libraries/megafunctions/alt_ded_mult.inc                            ;         ;
; alt_ded_mult_y.inc               ; yes             ; Megafunction                 ; /home/lucas/intelFPGA_lite/16.1/quartus/libraries/megafunctions/alt_ded_mult_y.inc                          ;         ;
; dffpipe.inc                      ; yes             ; Megafunction                 ; /home/lucas/intelFPGA_lite/16.1/quartus/libraries/megafunctions/dffpipe.inc                                 ;         ;
; mpar_add.tdf                     ; yes             ; Megafunction                 ; /home/lucas/intelFPGA_lite/16.1/quartus/libraries/megafunctions/mpar_add.tdf                                ;         ;
; lpm_add_sub.tdf                  ; yes             ; Megafunction                 ; /home/lucas/intelFPGA_lite/16.1/quartus/libraries/megafunctions/lpm_add_sub.tdf                             ;         ;
; addcore.inc                      ; yes             ; Megafunction                 ; /home/lucas/intelFPGA_lite/16.1/quartus/libraries/megafunctions/addcore.inc                                 ;         ;
; look_add.inc                     ; yes             ; Megafunction                 ; /home/lucas/intelFPGA_lite/16.1/quartus/libraries/megafunctions/look_add.inc                                ;         ;
; alt_stratix_add_sub.inc          ; yes             ; Megafunction                 ; /home/lucas/intelFPGA_lite/16.1/quartus/libraries/megafunctions/alt_stratix_add_sub.inc                     ;         ;
; db/add_sub_vgh.tdf               ; yes             ; Auto-Generated Megafunction  ; /home/lucas/Documentos/Kmeans/Testes/Kmeans_Processador/Kmeans_MemoryInitialize/db/add_sub_vgh.tdf          ;         ;
; db/add_sub_0hh.tdf               ; yes             ; Auto-Generated Megafunction  ; /home/lucas/Documentos/Kmeans/Testes/Kmeans_Processador/Kmeans_MemoryInitialize/db/add_sub_0hh.tdf          ;         ;
; altshift.tdf                     ; yes             ; Megafunction                 ; /home/lucas/intelFPGA_lite/16.1/quartus/libraries/megafunctions/altshift.tdf                                ;         ;
+----------------------------------+-----------------+------------------------------+-------------------------------------------------------------------------------------------------------------+---------+


+---------------------------------------------+
; Analysis & Synthesis Resource Usage Summary ;
+--------------------------+------------------+
; Resource                 ; Usage            ;
+--------------------------+------------------+
; I/O pins                 ; 67               ;
;                          ;                  ;
; DSP block 9-bit elements ; 0                ;
;                          ;                  ;
; Maximum fan-out node     ; clk~input        ;
; Maximum fan-out          ; 45               ;
; Total fan-out            ; 640              ;
; Average fan-out          ; 2.11             ;
+--------------------------+------------------+


+----------------------------------------------------------------------------------------------------------------------------------------------------------------------------------------------------------------------------------------------------------------------------------------------------------------------------------------------------------------------------------+
; Analysis & Synthesis Resource Utilization by Entity                                                                                                                                                                                                                                                                                                                              ;
+------------------------------------------------+---------------------+---------------------------+-------------+--------------+---------+-----------+-----------+------+--------------+-------------------------------------------------------------------------------------------------------------------------------------------------+-------------------------+--------------+
; Compilation Hierarchy Node                     ; Combinational ALUTs ; Dedicated Logic Registers ; Memory Bits ; DSP Elements ; DSP 9x9 ; DSP 18x18 ; DSP 36x36 ; Pins ; Virtual Pins ; Full Hierarchy Name                                                                                                                             ; Entity Name             ; Library Name ;
+------------------------------------------------+---------------------+---------------------------+-------------+--------------+---------+-----------+-----------+------+--------------+-------------------------------------------------------------------------------------------------------------------------------------------------+-------------------------+--------------+
; |Kmeans_MemoryInitialize                       ; 124 (47)            ; 45 (45)                   ; 0           ; 0            ; 0       ; 0         ; 0         ; 67   ; 0            ; |Kmeans_MemoryInitialize                                                                                                                        ; Kmeans_MemoryInitialize ; work         ;
;    |lpm_mult:Mult0|                            ; 77 (0)              ; 0 (0)                     ; 0           ; 0            ; 0       ; 0         ; 0         ; 0    ; 0            ; |Kmeans_MemoryInitialize|lpm_mult:Mult0                                                                                                         ; lpm_mult                ; work         ;
;       |multcore:mult_core|                     ; 77 (45)             ; 0 (0)                     ; 0           ; 0            ; 0       ; 0         ; 0         ; 0    ; 0            ; |Kmeans_MemoryInitialize|lpm_mult:Mult0|multcore:mult_core                                                                                      ; multcore                ; work         ;
;          |mpar_add:padder|                     ; 32 (0)              ; 0 (0)                     ; 0           ; 0            ; 0       ; 0         ; 0         ; 0    ; 0            ; |Kmeans_MemoryInitialize|lpm_mult:Mult0|multcore:mult_core|mpar_add:padder                                                                      ; mpar_add                ; work         ;
;             |lpm_add_sub:adder[0]|             ; 16 (0)              ; 0 (0)                     ; 0           ; 0            ; 0       ; 0         ; 0         ; 0    ; 0            ; |Kmeans_MemoryInitialize|lpm_mult:Mult0|multcore:mult_core|mpar_add:padder|lpm_add_sub:adder[0]                                                 ; lpm_add_sub             ; work         ;
;                |add_sub_vgh:auto_generated|    ; 16 (16)             ; 0 (0)                     ; 0           ; 0            ; 0       ; 0         ; 0         ; 0    ; 0            ; |Kmeans_MemoryInitialize|lpm_mult:Mult0|multcore:mult_core|mpar_add:padder|lpm_add_sub:adder[0]|add_sub_vgh:auto_generated                      ; add_sub_vgh             ; work         ;
;             |mpar_add:sub_par_add|             ; 16 (0)              ; 0 (0)                     ; 0           ; 0            ; 0       ; 0         ; 0         ; 0    ; 0            ; |Kmeans_MemoryInitialize|lpm_mult:Mult0|multcore:mult_core|mpar_add:padder|mpar_add:sub_par_add                                                 ; mpar_add                ; work         ;
;                |lpm_add_sub:adder[0]|          ; 16 (0)              ; 0 (0)                     ; 0           ; 0            ; 0       ; 0         ; 0         ; 0    ; 0            ; |Kmeans_MemoryInitialize|lpm_mult:Mult0|multcore:mult_core|mpar_add:padder|mpar_add:sub_par_add|lpm_add_sub:adder[0]                            ; lpm_add_sub             ; work         ;
;                   |add_sub_0hh:auto_generated| ; 16 (16)             ; 0 (0)                     ; 0           ; 0            ; 0       ; 0         ; 0         ; 0    ; 0            ; |Kmeans_MemoryInitialize|lpm_mult:Mult0|multcore:mult_core|mpar_add:padder|mpar_add:sub_par_add|lpm_add_sub:adder[0]|add_sub_0hh:auto_generated ; add_sub_0hh             ; work         ;
+------------------------------------------------+---------------------+---------------------------+-------------+--------------+---------+-----------+-----------+------+--------------+-------------------------------------------------------------------------------------------------------------------------------------------------+-------------------------+--------------+
Note: For table entries with two numbers listed, the numbers in parentheses indicate the number of resources of the given type used by the specific entity alone. The numbers listed outside of parentheses indicate the total resources of the given type used by the specific entity and all of its sub-entities in the hierarchy.


+--------------------------------------------------------------------------------+
; Registers Removed During Synthesis                                             ;
+---------------------------------------+----------------------------------------+
; Register name                         ; Reason for Removal                     ;
+---------------------------------------+----------------------------------------+
; s_blockState[2,3]                     ; Stuck at GND due to stuck port data_in ;
; Total Number of Removed Registers = 2 ;                                        ;
+---------------------------------------+----------------------------------------+


+------------------------------------------------------+
; General Register Statistics                          ;
+----------------------------------------------+-------+
; Statistic                                    ; Value ;
+----------------------------------------------+-------+
; Total registers                              ; 45    ;
; Number of registers using Synchronous Clear  ; 15    ;
; Number of registers using Synchronous Load   ; 0     ;
; Number of registers using Asynchronous Clear ; 45    ;
; Number of registers using Asynchronous Load  ; 0     ;
; Number of registers using Clock Enable       ; 45    ;
; Number of registers using Preset             ; 0     ;
+----------------------------------------------+-------+


+--------------------------------------------------+
; Inverted Register Statistics                     ;
+----------------------------------------+---------+
; Inverted Register                      ; Fan out ;
+----------------------------------------+---------+
; s_blockState[0]                        ; 1       ;
; Total number of inverted registers = 1 ;         ;
+----------------------------------------+---------+


+-----------------------------------------------------------------------------------------+
; Parameter Settings for User Entity Instance: Top-level Entity: |Kmeans_MemoryInitialize ;
+----------------+-------+----------------------------------------------------------------+
; Parameter Name ; Value ; Type                                                           ;
+----------------+-------+----------------------------------------------------------------+
; TamanhoAddr    ; 14    ; Signed Integer                                                 ;
; MaxPontosBits  ; 15    ; Signed Integer                                                 ;
; NumBitsStates  ; 4     ; Signed Integer                                                 ;
+----------------+-------+----------------------------------------------------------------+
Note: In order to hide this table in the UI and the text report file, please set the "Show Parameter Settings in Synthesis Report" option in "Analysis and Synthesis Settings -> More Settings" to "Off".


+--------------------------------------------------------------------------------------+
; Parameter Settings for Inferred Entity Instance: lpm_mult:Mult0                      ;
+------------------------------------------------+---------------+---------------------+
; Parameter Name                                 ; Value         ; Type                ;
+------------------------------------------------+---------------+---------------------+
; AUTO_CARRY_CHAINS                              ; ON            ; AUTO_CARRY          ;
; IGNORE_CARRY_BUFFERS                           ; OFF           ; IGNORE_CARRY        ;
; AUTO_CASCADE_CHAINS                            ; ON            ; AUTO_CASCADE        ;
; IGNORE_CASCADE_BUFFERS                         ; OFF           ; IGNORE_CASCADE      ;
; LPM_WIDTHA                                     ; 15            ; Untyped             ;
; LPM_WIDTHB                                     ; 3             ; Untyped             ;
; LPM_WIDTHP                                     ; 18            ; Untyped             ;
; LPM_WIDTHR                                     ; 18            ; Untyped             ;
; LPM_WIDTHS                                     ; 1             ; Untyped             ;
; LPM_REPRESENTATION                             ; UNSIGNED      ; Untyped             ;
; LPM_PIPELINE                                   ; 0             ; Untyped             ;
; LATENCY                                        ; 0             ; Untyped             ;
; INPUT_A_IS_CONSTANT                            ; NO            ; Untyped             ;
; INPUT_B_IS_CONSTANT                            ; NO            ; Untyped             ;
; USE_EAB                                        ; OFF           ; Untyped             ;
; MAXIMIZE_SPEED                                 ; 5             ; Untyped             ;
; DEVICE_FAMILY                                  ; Cyclone IV GX ; Untyped             ;
; CARRY_CHAIN                                    ; MANUAL        ; Untyped             ;
; APEX20K_TECHNOLOGY_MAPPER                      ; LUT           ; TECH_MAPPER_APEX20K ;
; DEDICATED_MULTIPLIER_CIRCUITRY                 ; AUTO          ; Untyped             ;
; DEDICATED_MULTIPLIER_MIN_INPUT_WIDTH_FOR_AUTO  ; 0             ; Untyped             ;
; DEDICATED_MULTIPLIER_MIN_OUTPUT_WIDTH_FOR_AUTO ; 0             ; Untyped             ;
; CBXI_PARAMETER                                 ; NOTHING       ; Untyped             ;
; INPUT_A_FIXED_VALUE                            ; Bx            ; Untyped             ;
; INPUT_B_FIXED_VALUE                            ; Bx            ; Untyped             ;
; USE_AHDL_IMPLEMENTATION                        ; OFF           ; Untyped             ;
+------------------------------------------------+---------------+---------------------+
Note: In order to hide this table in the UI and the text report file, please set the "Show Parameter Settings in Synthesis Report" option in "Analysis and Synthesis Settings -> More Settings" to "Off".


+--------------------------------------------------------+
; lpm_mult Parameter Settings by Entity Instance         ;
+---------------------------------------+----------------+
; Name                                  ; Value          ;
+---------------------------------------+----------------+
; Number of entity instances            ; 1              ;
; Entity Instance                       ; lpm_mult:Mult0 ;
;     -- LPM_WIDTHA                     ; 15             ;
;     -- LPM_WIDTHB                     ; 3              ;
;     -- LPM_WIDTHP                     ; 18             ;
;     -- LPM_REPRESENTATION             ; UNSIGNED       ;
;     -- INPUT_A_IS_CONSTANT            ; NO             ;
;     -- INPUT_B_IS_CONSTANT            ; NO             ;
;     -- USE_EAB                        ; OFF            ;
;     -- DEDICATED_MULTIPLIER_CIRCUITRY ; AUTO           ;
;     -- INPUT_A_FIXED_VALUE            ; Bx             ;
;     -- INPUT_B_FIXED_VALUE            ; Bx             ;
+---------------------------------------+----------------+


+-----------------------------------------------------+
; Post-Synthesis Netlist Statistics for Top Partition ;
+-----------------------+-----------------------------+
; Type                  ; Count                       ;
+-----------------------+-----------------------------+
; boundary_port         ; 67                          ;
; cycloneiii_ff         ; 45                          ;
;     ENA CLR           ; 30                          ;
;     ENA CLR SCLR      ; 15                          ;
; cycloneiii_lcell_comb ; 126                         ;
;     arith             ; 71                          ;
;         2 data inputs ; 15                          ;
;         3 data inputs ; 56                          ;
;     normal            ; 55                          ;
;         0 data inputs ; 3                           ;
;         1 data inputs ; 2                           ;
;         2 data inputs ; 18                          ;
;         3 data inputs ; 15                          ;
;         4 data inputs ; 17                          ;
;                       ;                             ;
; Max LUT depth         ; 6.60                        ;
; Average LUT depth     ; 3.99                        ;
+-----------------------+-----------------------------+


+-------------------------------+
; Elapsed Time Per Partition    ;
+----------------+--------------+
; Partition Name ; Elapsed Time ;
+----------------+--------------+
; Top            ; 00:00:00     ;
+----------------+--------------+


+-------------------------------+
; Analysis & Synthesis Messages ;
+-------------------------------+
Info: *******************************************************************
Info: Running Quartus Prime Analysis & Synthesis
    Info: Version 16.1.0 Build 196 10/24/2016 SJ Lite Edition
    Info: Processing started: Tue Jun 13 11:44:49 2017
Info: Command: quartus_map --read_settings_files=on --write_settings_files=off Kmeans_MemoryInitialize -c Kmeans_MemoryInitialize
Warning (18236): Number of processors has not been specified which may cause overloading on shared machines.  Set the global assignment NUM_PARALLEL_PROCESSORS in your QSF to an appropriate value for best performance.
Info (20030): Parallel compilation is enabled and will use 8 of the 8 processors detected
Info (12021): Found 2 design units, including 1 entities, in source file Kmeans_MemoryInitialize.vhd
    Info (12022): Found design unit 1: Kmeans_MemoryInitialize-arch File: /home/lucas/Documentos/Kmeans/Testes/Kmeans_Processador/Kmeans_MemoryInitialize/Kmeans_MemoryInitialize.vhd Line: 36
    Info (12023): Found entity 1: Kmeans_MemoryInitialize File: /home/lucas/Documentos/Kmeans/Testes/Kmeans_Processador/Kmeans_MemoryInitialize/Kmeans_MemoryInitialize.vhd Line: 14
Info (12127): Elaborating entity "Kmeans_MemoryInitialize" for the top level hierarchy
Info (278001): Inferred 1 megafunctions from design logic
    Info (278003): Inferred multiplier megafunction ("lpm_mult") from the following logic: "Mult0" File: /home/lucas/intelFPGA_lite/16.1/quartus/libraries/vhdl/synopsys/ieee/syn_arit.vhd Line: 687
Info (12130): Elaborated megafunction instantiation "lpm_mult:Mult0" File: /home/lucas/intelFPGA_lite/16.1/quartus/libraries/vhdl/synopsys/ieee/syn_arit.vhd Line: 687
Info (12133): Instantiated megafunction "lpm_mult:Mult0" with the following parameter: File: /home/lucas/intelFPGA_lite/16.1/quartus/libraries/vhdl/synopsys/ieee/syn_arit.vhd Line: 687
    Info (12134): Parameter "LPM_WIDTHA" = "15"
    Info (12134): Parameter "LPM_WIDTHB" = "3"
    Info (12134): Parameter "LPM_WIDTHP" = "18"
    Info (12134): Parameter "LPM_WIDTHR" = "18"
    Info (12134): Parameter "LPM_WIDTHS" = "1"
    Info (12134): Parameter "LPM_REPRESENTATION" = "UNSIGNED"
    Info (12134): Parameter "INPUT_A_IS_CONSTANT" = "NO"
    Info (12134): Parameter "INPUT_B_IS_CONSTANT" = "NO"
    Info (12134): Parameter "MAXIMIZE_SPEED" = "5"
Info (12131): Elaborated megafunction instantiation "lpm_mult:Mult0|multcore:mult_core", which is child of megafunction instantiation "lpm_mult:Mult0" File: /home/lucas/intelFPGA_lite/16.1/quartus/libraries/megafunctions/lpm_mult.tdf Line: 324
Info (12131): Elaborated megafunction instantiation "lpm_mult:Mult0|multcore:mult_core|mpar_add:padder", which is child of megafunction instantiation "lpm_mult:Mult0" File: /home/lucas/intelFPGA_lite/16.1/quartus/libraries/megafunctions/multcore.tdf Line: 283
Info (12131): Elaborated megafunction instantiation "lpm_mult:Mult0|multcore:mult_core|mpar_add:padder|lpm_add_sub:adder[0]", which is child of megafunction instantiation "lpm_mult:Mult0" File: /home/lucas/intelFPGA_lite/16.1/quartus/libraries/megafunctions/mpar_add.tdf Line: 78
Info (12021): Found 1 design units, including 1 entities, in source file db/add_sub_vgh.tdf
    Info (12023): Found entity 1: add_sub_vgh File: /home/lucas/Documentos/Kmeans/Testes/Kmeans_Processador/Kmeans_MemoryInitialize/db/add_sub_vgh.tdf Line: 23
Info (12131): Elaborated megafunction instantiation "lpm_mult:Mult0|multcore:mult_core|mpar_add:padder|mpar_add:sub_par_add", which is child of megafunction instantiation "lpm_mult:Mult0" File: /home/lucas/intelFPGA_lite/16.1/quartus/libraries/megafunctions/mpar_add.tdf Line: 138
Info (12131): Elaborated megafunction instantiation "lpm_mult:Mult0|multcore:mult_core|mpar_add:padder|mpar_add:sub_par_add|lpm_add_sub:adder[0]", which is child of megafunction instantiation "lpm_mult:Mult0" File: /home/lucas/intelFPGA_lite/16.1/quartus/libraries/megafunctions/mpar_add.tdf Line: 78
Info (12021): Found 1 design units, including 1 entities, in source file db/add_sub_0hh.tdf
    Info (12023): Found entity 1: add_sub_0hh File: /home/lucas/Documentos/Kmeans/Testes/Kmeans_Processador/Kmeans_MemoryInitialize/db/add_sub_0hh.tdf Line: 23
Info (12131): Elaborated megafunction instantiation "lpm_mult:Mult0|altshift:external_latency_ffs", which is child of megafunction instantiation "lpm_mult:Mult0" File: /home/lucas/intelFPGA_lite/16.1/quartus/libraries/megafunctions/lpm_mult.tdf Line: 352
Info (13000): Registers with preset signals will power-up high File: /home/lucas/Documentos/Kmeans/Testes/Kmeans_Processador/Kmeans_MemoryInitialize/Kmeans_MemoryInitialize.vhd Line: 47
Info (13003): DEV_CLRn pin will set, and not reset, register with preset signal due to NOT Gate Push-Back
Warning (13024): Output pins are stuck at VCC or GND
    Warning (13410): Pin "next_State[2]" is stuck at GND File: /home/lucas/Documentos/Kmeans/Testes/Kmeans_Processador/Kmeans_MemoryInitialize/Kmeans_MemoryInitialize.vhd Line: 31
    Warning (13410): Pin "next_State[3]" is stuck at GND File: /home/lucas/Documentos/Kmeans/Testes/Kmeans_Processador/Kmeans_MemoryInitialize/Kmeans_MemoryInitialize.vhd Line: 31
Info (286030): Timing-Driven Synthesis is running
Info (16010): Generating hard_block partition "hard_block:auto_generated_inst"
    Info (16011): Adding 0 node(s), including 0 DDIO, 0 PLL, 0 transceiver and 0 LCELL
Info (21057): Implemented 207 device resources after synthesis - the final resource count might be different
    Info (21058): Implemented 35 input pins
    Info (21059): Implemented 32 output pins
    Info (21061): Implemented 140 logic cells
Info: Quartus Prime Analysis & Synthesis was successful. 0 errors, 4 warnings
    Info: Peak virtual memory: 1114 megabytes
    Info: Processing ended: Tue Jun 13 11:45:03 2017
    Info: Elapsed time: 00:00:14
    Info: Total CPU time (on all processors): 00:00:34


