Flow report for Kmeans_MuxCentroidData
Tue Apr 18 12:58:59 2017
Quartus Prime Version 16.1.0 Build 196 10/24/2016 SJ Lite Edition


---------------------
; Table of Contents ;
---------------------
  1. Legal Notice
  2. Flow Summary
  3. Flow Settings
  4. Flow Non-Default Global Settings
  5. Flow Elapsed Time
  6. Flow OS Summary
  7. Flow Log
  8. Flow Messages
  9. Flow Suppressed Messages



----------------
; Legal Notice ;
----------------
Copyright (C) 2016  Intel Corporation. All rights reserved.
Your use of Intel Corporation's design tools, logic functions 
and other software and tools, and its AMPP partner logic 
functions, and any output files from any of the foregoing 
(including device programming or simulation files), and any 
associated documentation or information are expressly subject 
to the terms and conditions of the Intel Program License 
Subscription Agreement, the Intel Quartus Prime License Agreement,
the Intel MegaCore Function License Agreement, or other 
applicable license agreement, including, without limitation, 
that your use is for the sole purpose of programming logic 
devices manufactured by Intel and sold by Intel or its 
authorized distributors.  Please refer to the applicable 
agreement for further details.



+----------------------------------------------------------------------------------+
; Flow Summary                                                                     ;
+------------------------------------+---------------------------------------------+
; Flow Status                        ; Successful - Tue Apr 18 12:58:59 2017       ;
; Quartus Prime Version              ; 16.1.0 Build 196 10/24/2016 SJ Lite Edition ;
; Revision Name                      ; Kmeans_MuxCentroidData                      ;
; Top-level Entity Name              ; Kmeans_MuxCentroidData                      ;
; Family                             ; Cyclone IV GX                               ;
; Device                             ; EP4CGX150DF31I7                             ;
; Timing Models                      ; Final                                       ;
; Total logic elements               ; 128 / 149,760 ( < 1 % )                     ;
;     Total combinational functions  ; 128 / 149,760 ( < 1 % )                     ;
;     Dedicated logic registers      ; 0 / 149,760 ( 0 % )                         ;
; Total registers                    ; 0                                           ;
; Total pins                         ; 322 / 508 ( 63 % )                          ;
; Total virtual pins                 ; 0                                           ;
; Total memory bits                  ; 0 / 6,635,520 ( 0 % )                       ;
; Embedded Multiplier 9-bit elements ; 0 / 720 ( 0 % )                             ;
; Total GXB Receiver Channel PCS     ; 0 / 8 ( 0 % )                               ;
; Total GXB Receiver Channel PMA     ; 0 / 8 ( 0 % )                               ;
; Total GXB Transmitter Channel PCS  ; 0 / 8 ( 0 % )                               ;
; Total GXB Transmitter Channel PMA  ; 0 / 8 ( 0 % )                               ;
; Total PLLs                         ; 0 / 8 ( 0 % )                               ;
+------------------------------------+---------------------------------------------+


+--------------------------------------------+
; Flow Settings                              ;
+-------------------+------------------------+
; Option            ; Setting                ;
+-------------------+------------------------+
; Start date & time ; 04/18/2017 12:07:26    ;
; Main task         ; Compilation            ;
; Revision Name     ; Kmeans_MuxCentroidData ;
+-------------------+------------------------+


+-----------------------------------------------------------------------------------------------------------------------------+
; Flow Non-Default Global Settings                                                                                            ;
+-------------------------------------+----------------------------------------+---------------+-------------+----------------+
; Assignment Name                     ; Value                                  ; Default Value ; Entity Name ; Section Id     ;
+-------------------------------------+----------------------------------------+---------------+-------------+----------------+
; COMPILER_SIGNATURE_ID               ; 53350633855903.149252804607151         ; --            ; --          ; --             ;
; FITTER_EFFORT                       ; Standard Fit                           ; Auto Fit      ; --          ; --             ;
; MAX_CORE_JUNCTION_TEMP              ; 100                                    ; --            ; --          ; --             ;
; MIN_CORE_JUNCTION_TEMP              ; -40                                    ; --            ; --          ; --             ;
; PARTITION_COLOR                     ; -- (Not supported for targeted family) ; --            ; --          ; Top            ;
; PARTITION_FITTER_PRESERVATION_LEVEL ; -- (Not supported for targeted family) ; --            ; --          ; Top            ;
; PARTITION_NETLIST_TYPE              ; -- (Not supported for targeted family) ; --            ; --          ; Top            ;
; POWER_HSSI                          ; Opportunistically power off            ; --            ; --          ; --             ;
; USE_GENERATED_PHYSICAL_CONSTRAINTS  ; Off                                    ; --            ; --          ; eda_blast_fpga ;
+-------------------------------------+----------------------------------------+---------------+-------------+----------------+


+-------------------------------------------------------------------------------------------------------------------------------+
; Flow Elapsed Time                                                                                                             ;
+---------------------------+--------------+-------------------------+---------------------+------------------------------------+
; Module Name               ; Elapsed Time ; Average Processors Used ; Peak Virtual Memory ; Total CPU Time (on all processors) ;
+---------------------------+--------------+-------------------------+---------------------+------------------------------------+
; Analysis & Synthesis      ; 00:00:13     ; 1.0                     ; 1052 MB             ; 00:00:35                           ;
; Fitter                    ; 00:01:09     ; 1.0                     ; 1671 MB             ; 00:01:46                           ;
; Assembler                 ; 00:00:07     ; 1.0                     ; 908 MB              ; 00:00:08                           ;
; TimeQuest Timing Analyzer ; 00:00:03     ; 1.1                     ; 1003 MB             ; 00:00:03                           ;
; EDA Netlist Writer        ; 00:00:01     ; 1.0                     ; 1127 MB             ; 00:00:01                           ;
; EDA Netlist Writer        ; 00:00:01     ; 1.0                     ; 1131 MB             ; 00:00:01                           ;
; EDA Netlist Writer        ; 00:00:01     ; 1.0                     ; 1127 MB             ; 00:00:01                           ;
; EDA Netlist Writer        ; 00:00:01     ; 1.0                     ; 1131 MB             ; 00:00:01                           ;
; Total                     ; 00:01:36     ; --                      ; --                  ; 00:02:36                           ;
+---------------------------+--------------+-------------------------+---------------------+------------------------------------+


+---------------------------------------------------------------------------------------------+
; Flow OS Summary                                                                             ;
+---------------------------+------------------+----------------+------------+----------------+
; Module Name               ; Machine Hostname ; OS Name        ; OS Version ; Processor type ;
+---------------------------+------------------+----------------+------------+----------------+
; Analysis & Synthesis      ; PSGTHOR          ; Ubuntu 16.04.1 ; 16         ; x86_64         ;
; Fitter                    ; PSGTHOR          ; Ubuntu 16.04.1 ; 16         ; x86_64         ;
; Assembler                 ; PSGTHOR          ; Ubuntu 16.04.1 ; 16         ; x86_64         ;
; TimeQuest Timing Analyzer ; PSGTHOR          ; Ubuntu 16.04.1 ; 16         ; x86_64         ;
; EDA Netlist Writer        ; PSGTHOR          ; Ubuntu 16.04.1 ; 16         ; x86_64         ;
; EDA Netlist Writer        ; PSGTHOR          ; Ubuntu 16.04.1 ; 16         ; x86_64         ;
; EDA Netlist Writer        ; PSGTHOR          ; Ubuntu 16.04.1 ; 16         ; x86_64         ;
; EDA Netlist Writer        ; PSGTHOR          ; Ubuntu 16.04.1 ; 16         ; x86_64         ;
+---------------------------+------------------+----------------+------------+----------------+


------------
; Flow Log ;
------------
quartus_map --read_settings_files=on --write_settings_files=off Kmeans_MuxCentroidData -c Kmeans_MuxCentroidData
quartus_fit --read_settings_files=off --write_settings_files=off Kmeans_MuxCentroidData -c Kmeans_MuxCentroidData
quartus_asm --read_settings_files=off --write_settings_files=off Kmeans_MuxCentroidData -c Kmeans_MuxCentroidData
quartus_sta Kmeans_MuxCentroidData -c Kmeans_MuxCentroidData
quartus_eda --gen_testbench --tool=modelsim_oem --format=vhdl --write_settings_files=off Kmeans_MuxCentroidData -c Kmeans_MuxCentroidData --vector_source="/home/lucas/Documentos/BKP IC/Lucas/Int+Float-64 bits-16 dimensoes/Kmeans_Processador/Kmeans_MuxCentroidData/Kmeans_MuxCentroidData.vwf" --testbench_file="/home/lucas/Documentos/BKP IC/Lucas/Int+Float-64 bits-16 dimensoes/Kmeans_Processador/Kmeans_MuxCentroidData/simulation/qsim/Kmeans_MuxCentroidData.vwf.vht"
quartus_eda --write_settings_files=off --simulation=on --functional=on --flatten_buses=off --tool=modelsim_oem --format=vhdl --output_directory="/home/lucas/Documentos/BKP IC/Lucas/Int+Float-64 bits-16 dimensoes/Kmeans_Processador/Kmeans_MuxCentroidData/simulation/qsim/" Kmeans_MuxCentroidData -c Kmeans_MuxCentroidData
quartus_eda --gen_testbench --tool=modelsim_oem --format=vhdl --write_settings_files=off Kmeans_MuxCentroidData -c Kmeans_MuxCentroidData --vector_source="/home/lucas/Documentos/BKP IC/Lucas/Int+Float-64 bits-16 dimensoes/Kmeans_Processador/Kmeans_MuxCentroidData/Kmeans_MuxCentroidData.vwf" --testbench_file="/home/lucas/Documentos/BKP IC/Lucas/Int+Float-64 bits-16 dimensoes/Kmeans_Processador/Kmeans_MuxCentroidData/simulation/qsim/Kmeans_MuxCentroidData.vwf.vht"
quartus_eda --write_settings_files=off --simulation=on --functional=on --flatten_buses=off --tool=modelsim_oem --format=vhdl --output_directory="/home/lucas/Documentos/BKP IC/Lucas/Int+Float-64 bits-16 dimensoes/Kmeans_Processador/Kmeans_MuxCentroidData/simulation/qsim/" Kmeans_MuxCentroidData -c Kmeans_MuxCentroidData



