Analysis & Synthesis report for Kmeans_CalcCentroidModule
Tue Jun 13 11:34:55 2017
Quartus Prime Version 16.1.0 Build 196 10/24/2016 SJ Lite Edition


---------------------
; Table of Contents ;
---------------------
  1. Legal Notice
  2. Analysis & Synthesis Summary
  3. Analysis & Synthesis Settings
  4. Parallel Compilation
  5. Analysis & Synthesis Source Files Read
  6. Analysis & Synthesis Resource Usage Summary
  7. Analysis & Synthesis Resource Utilization by Entity
  8. Analysis & Synthesis IP Cores Summary
  9. State Machine - |Kmeans_CalcCentroidModule|Kmeans_ControlCalcCentroid:inst3|state_fut
 10. State Machine - |Kmeans_CalcCentroidModule|Kmeans_ControlCalcCentroid:inst3|state
 11. Registers Removed During Synthesis
 12. General Register Statistics
 13. Inverted Register Statistics
 14. Multiplexer Restructuring Statistics (Restructuring Performed)
 15. Parameter Settings for User Entity Instance: Kmeans_ControlCalcCentroid:inst3
 16. Parameter Settings for User Entity Instance: SumCentroidValues:inst
 17. Parameter Settings for User Entity Instance: DivValueFinal:inst4
 18. Parameter Settings for User Entity Instance: Divider:inst1|lpm_divide:lpm_divide_component
 19. Parameter Settings for User Entity Instance: Divider:inst2|lpm_divide:lpm_divide_component
 20. Parameter Settings for Inferred Entity Instance: Kmeans_ControlCalcCentroid:inst3|lpm_mult:Mult0
 21. Parameter Settings for Inferred Entity Instance: Kmeans_ControlCalcCentroid:inst3|lpm_mult:Mult1
 22. lpm_mult Parameter Settings by Entity Instance
 23. Post-Synthesis Netlist Statistics for Top Partition
 24. Elapsed Time Per Partition
 25. Analysis & Synthesis Messages



----------------
; Legal Notice ;
----------------
Copyright (C) 2016  Intel Corporation. All rights reserved.
Your use of Intel Corporation's design tools, logic functions 
and other software and tools, and its AMPP partner logic 
functions, and any output files from any of the foregoing 
(including device programming or simulation files), and any 
associated documentation or information are expressly subject 
to the terms and conditions of the Intel Program License 
Subscription Agreement, the Intel Quartus Prime License Agreement,
the Intel MegaCore Function License Agreement, or other 
applicable license agreement, including, without limitation, 
that your use is for the sole purpose of programming logic 
devices manufactured by Intel and sold by Intel or its 
authorized distributors.  Please refer to the applicable 
agreement for further details.



+----------------------------------------------------------------------------------+
; Analysis & Synthesis Summary                                                     ;
+------------------------------------+---------------------------------------------+
; Analysis & Synthesis Status        ; Successful - Tue Jun 13 11:34:55 2017       ;
; Quartus Prime Version              ; 16.1.0 Build 196 10/24/2016 SJ Lite Edition ;
; Revision Name                      ; Kmeans_CalcCentroidModule                   ;
; Top-level Entity Name              ; Kmeans_CalcCentroidModule                   ;
; Family                             ; Cyclone IV GX                               ;
; Total logic elements               ; 4,755                                       ;
;     Total combinational functions  ; 3,861                                       ;
;     Dedicated logic registers      ; 1,203                                       ;
; Total registers                    ; 1203                                        ;
; Total pins                         ; 221                                         ;
; Total virtual pins                 ; 0                                           ;
; Total memory bits                  ; 0                                           ;
; Embedded Multiplier 9-bit elements ; 0                                           ;
; Total GXB Receiver Channel PCS     ; 0                                           ;
; Total GXB Receiver Channel PMA     ; 0                                           ;
; Total GXB Transmitter Channel PCS  ; 0                                           ;
; Total GXB Transmitter Channel PMA  ; 0                                           ;
; Total PLLs                         ; 0                                           ;
+------------------------------------+---------------------------------------------+


+------------------------------------------------------------------------------------------------------------------------------------+
; Analysis & Synthesis Settings                                                                                                      ;
+----------------------------------------------------------------------------+---------------------------+---------------------------+
; Option                                                                     ; Setting                   ; Default Value             ;
+----------------------------------------------------------------------------+---------------------------+---------------------------+
; Device                                                                     ; EP4CGX150DF31I7           ;                           ;
; Top-level entity name                                                      ; Kmeans_CalcCentroidModule ; Kmeans_CalcCentroidModule ;
; Family name                                                                ; Cyclone IV GX             ; Cyclone IV GX             ;
; Use smart compilation                                                      ; Off                       ; Off                       ;
; Enable parallel Assembler and TimeQuest Timing Analyzer during compilation ; On                        ; On                        ;
; Enable compact report table                                                ; Off                       ; Off                       ;
; Restructure Multiplexers                                                   ; Auto                      ; Auto                      ;
; Create Debugging Nodes for IP Cores                                        ; Off                       ; Off                       ;
; Preserve fewer node names                                                  ; On                        ; On                        ;
; OpenCore Plus hardware evaluation                                          ; Enable                    ; Enable                    ;
; Verilog Version                                                            ; Verilog_2001              ; Verilog_2001              ;
; VHDL Version                                                               ; VHDL_1993                 ; VHDL_1993                 ;
; State Machine Processing                                                   ; Auto                      ; Auto                      ;
; Safe State Machine                                                         ; Off                       ; Off                       ;
; Extract Verilog State Machines                                             ; On                        ; On                        ;
; Extract VHDL State Machines                                                ; On                        ; On                        ;
; Ignore Verilog initial constructs                                          ; Off                       ; Off                       ;
; Iteration limit for constant Verilog loops                                 ; 5000                      ; 5000                      ;
; Iteration limit for non-constant Verilog loops                             ; 250                       ; 250                       ;
; Add Pass-Through Logic to Inferred RAMs                                    ; On                        ; On                        ;
; Infer RAMs from Raw Logic                                                  ; On                        ; On                        ;
; Parallel Synthesis                                                         ; On                        ; On                        ;
; DSP Block Balancing                                                        ; Auto                      ; Auto                      ;
; NOT Gate Push-Back                                                         ; On                        ; On                        ;
; Power-Up Don't Care                                                        ; On                        ; On                        ;
; Remove Redundant Logic Cells                                               ; Off                       ; Off                       ;
; Remove Duplicate Registers                                                 ; On                        ; On                        ;
; Ignore CARRY Buffers                                                       ; Off                       ; Off                       ;
; Ignore CASCADE Buffers                                                     ; Off                       ; Off                       ;
; Ignore GLOBAL Buffers                                                      ; Off                       ; Off                       ;
; Ignore ROW GLOBAL Buffers                                                  ; Off                       ; Off                       ;
; Ignore LCELL Buffers                                                       ; Off                       ; Off                       ;
; Ignore SOFT Buffers                                                        ; On                        ; On                        ;
; Limit AHDL Integers to 32 Bits                                             ; Off                       ; Off                       ;
; Optimization Technique                                                     ; Balanced                  ; Balanced                  ;
; Carry Chain Length                                                         ; 70                        ; 70                        ;
; Auto Carry Chains                                                          ; On                        ; On                        ;
; Auto Open-Drain Pins                                                       ; On                        ; On                        ;
; Perform WYSIWYG Primitive Resynthesis                                      ; Off                       ; Off                       ;
; Auto ROM Replacement                                                       ; On                        ; On                        ;
; Auto RAM Replacement                                                       ; On                        ; On                        ;
; Auto DSP Block Replacement                                                 ; On                        ; On                        ;
; Auto Shift Register Replacement                                            ; Auto                      ; Auto                      ;
; Allow Shift Register Merging across Hierarchies                            ; Auto                      ; Auto                      ;
; Auto Clock Enable Replacement                                              ; On                        ; On                        ;
; Strict RAM Replacement                                                     ; Off                       ; Off                       ;
; Allow Synchronous Control Signals                                          ; On                        ; On                        ;
; Force Use of Synchronous Clear Signals                                     ; Off                       ; Off                       ;
; Auto RAM Block Balancing                                                   ; On                        ; On                        ;
; Auto RAM to Logic Cell Conversion                                          ; Off                       ; Off                       ;
; Auto Resource Sharing                                                      ; Off                       ; Off                       ;
; Allow Any RAM Size For Recognition                                         ; Off                       ; Off                       ;
; Allow Any ROM Size For Recognition                                         ; Off                       ; Off                       ;
; Allow Any Shift Register Size For Recognition                              ; Off                       ; Off                       ;
; Use LogicLock Constraints during Resource Balancing                        ; On                        ; On                        ;
; Ignore translate_off and synthesis_off directives                          ; Off                       ; Off                       ;
; Timing-Driven Synthesis                                                    ; On                        ; On                        ;
; Report Parameter Settings                                                  ; On                        ; On                        ;
; Report Source Assignments                                                  ; On                        ; On                        ;
; Report Connectivity Checks                                                 ; On                        ; On                        ;
; Ignore Maximum Fan-Out Assignments                                         ; Off                       ; Off                       ;
; Synchronization Register Chain Length                                      ; 2                         ; 2                         ;
; PowerPlay Power Optimization During Synthesis                              ; Normal compilation        ; Normal compilation        ;
; HDL message level                                                          ; Level2                    ; Level2                    ;
; Suppress Register Optimization Related Messages                            ; Off                       ; Off                       ;
; Number of Removed Registers Reported in Synthesis Report                   ; 5000                      ; 5000                      ;
; Number of Swept Nodes Reported in Synthesis Report                         ; 5000                      ; 5000                      ;
; Number of Inverted Registers Reported in Synthesis Report                  ; 100                       ; 100                       ;
; Clock MUX Protection                                                       ; On                        ; On                        ;
; Auto Gated Clock Conversion                                                ; Off                       ; Off                       ;
; Block Design Naming                                                        ; Auto                      ; Auto                      ;
; SDC constraint protection                                                  ; Off                       ; Off                       ;
; Synthesis Effort                                                           ; Auto                      ; Auto                      ;
; Shift Register Replacement - Allow Asynchronous Clear Signal               ; On                        ; On                        ;
; Pre-Mapping Resynthesis Optimization                                       ; Off                       ; Off                       ;
; Analysis & Synthesis Message Level                                         ; Medium                    ; Medium                    ;
; Disable Register Merging Across Hierarchies                                ; Auto                      ; Auto                      ;
; Resource Aware Inference For Block RAM                                     ; On                        ; On                        ;
+----------------------------------------------------------------------------+---------------------------+---------------------------+


+------------------------------------------+
; Parallel Compilation                     ;
+----------------------------+-------------+
; Processors                 ; Number      ;
+----------------------------+-------------+
; Number detected on machine ; 8           ;
; Maximum allowed            ; 8           ;
;                            ;             ;
; Average used               ; 1.00        ;
; Maximum used               ; 8           ;
;                            ;             ;
; Usage by Processor         ; % Time Used ;
;     Processor 1            ; 100.0%      ;
;     Processor 2            ;   0.1%      ;
;     Processor 3            ;   0.1%      ;
;     Processor 4            ;   0.1%      ;
;     Processor 5            ;   0.1%      ;
;     Processor 6            ;   0.1%      ;
;     Processor 7            ;   0.1%      ;
;     Processor 8            ;   0.1%      ;
+----------------------------+-------------+


+---------------------------------------------------------------------------------------------------------------------------------------------------------------------------------------------------------------------------------------------------+
; Analysis & Synthesis Source Files Read                                                                                                                                                                                                            ;
+--------------------------------------------------------------+-----------------+------------------------------------+-------------------------------------------------------------------------------------------------------------------+---------+
; File Name with User-Entered Path                             ; Used in Netlist ; File Type                          ; File Name with Absolute Path                                                                                      ; Library ;
+--------------------------------------------------------------+-----------------+------------------------------------+-------------------------------------------------------------------------------------------------------------------+---------+
; ../Kmeans_ControlCalcCentroid/Kmeans_ControlCalcCentroid.vhd ; yes             ; User VHDL File                     ; /home/lucas/Documentos/Kmeans/Testes/Kmeans_Processador/Kmeans_ControlCalcCentroid/Kmeans_ControlCalcCentroid.vhd ;         ;
; SumCentroidValues.vhd                                        ; yes             ; User VHDL File                     ; /home/lucas/Documentos/Kmeans/Testes/Kmeans_Processador/Kmeans_CalcCentroidModule/SumCentroidValues.vhd           ;         ;
; Kmeans_CalcCentroidModule.bdf                                ; yes             ; User Block Diagram/Schematic File  ; /home/lucas/Documentos/Kmeans/Testes/Kmeans_Processador/Kmeans_CalcCentroidModule/Kmeans_CalcCentroidModule.bdf   ;         ;
; Divider.vhd                                                  ; yes             ; User Wizard-Generated File         ; /home/lucas/Documentos/Kmeans/Testes/Kmeans_Processador/Kmeans_CalcCentroidModule/Divider.vhd                     ;         ;
; DivValueFinal.vhd                                            ; yes             ; User VHDL File                     ; /home/lucas/Documentos/Kmeans/Testes/Kmeans_Processador/Kmeans_CalcCentroidModule/DivValueFinal.vhd               ;         ;
; lpm_divide.tdf                                               ; yes             ; Megafunction                       ; /home/lucas/intelFPGA_lite/16.1/quartus/libraries/megafunctions/lpm_divide.tdf                                    ;         ;
; abs_divider.inc                                              ; yes             ; Megafunction                       ; /home/lucas/intelFPGA_lite/16.1/quartus/libraries/megafunctions/abs_divider.inc                                   ;         ;
; sign_div_unsign.inc                                          ; yes             ; Megafunction                       ; /home/lucas/intelFPGA_lite/16.1/quartus/libraries/megafunctions/sign_div_unsign.inc                               ;         ;
; aglobal161.inc                                               ; yes             ; Megafunction                       ; /home/lucas/intelFPGA_lite/16.1/quartus/libraries/megafunctions/aglobal161.inc                                    ;         ;
; db/lpm_divide_q6q.tdf                                        ; yes             ; Auto-Generated Megafunction        ; /home/lucas/Documentos/Kmeans/Testes/Kmeans_Processador/Kmeans_CalcCentroidModule/db/lpm_divide_q6q.tdf           ;         ;
; db/sign_div_unsign_9nh.tdf                                   ; yes             ; Auto-Generated Megafunction        ; /home/lucas/Documentos/Kmeans/Testes/Kmeans_Processador/Kmeans_CalcCentroidModule/db/sign_div_unsign_9nh.tdf      ;         ;
; db/alt_u_div_0ef.tdf                                         ; yes             ; Auto-Generated Megafunction        ; /home/lucas/Documentos/Kmeans/Testes/Kmeans_Processador/Kmeans_CalcCentroidModule/db/alt_u_div_0ef.tdf            ;         ;
; db/add_sub_1tc.tdf                                           ; yes             ; Auto-Generated Megafunction        ; /home/lucas/Documentos/Kmeans/Testes/Kmeans_Processador/Kmeans_CalcCentroidModule/db/add_sub_1tc.tdf              ;         ;
; db/add_sub_2tc.tdf                                           ; yes             ; Auto-Generated Megafunction        ; /home/lucas/Documentos/Kmeans/Testes/Kmeans_Processador/Kmeans_CalcCentroidModule/db/add_sub_2tc.tdf              ;         ;
; lpm_mult.tdf                                                 ; yes             ; Megafunction                       ; /home/lucas/intelFPGA_lite/16.1/quartus/libraries/megafunctions/lpm_mult.tdf                                      ;         ;
; lpm_add_sub.inc                                              ; yes             ; Megafunction                       ; /home/lucas/intelFPGA_lite/16.1/quartus/libraries/megafunctions/lpm_add_sub.inc                                   ;         ;
; multcore.inc                                                 ; yes             ; Megafunction                       ; /home/lucas/intelFPGA_lite/16.1/quartus/libraries/megafunctions/multcore.inc                                      ;         ;
; bypassff.inc                                                 ; yes             ; Megafunction                       ; /home/lucas/intelFPGA_lite/16.1/quartus/libraries/megafunctions/bypassff.inc                                      ;         ;
; altshift.inc                                                 ; yes             ; Megafunction                       ; /home/lucas/intelFPGA_lite/16.1/quartus/libraries/megafunctions/altshift.inc                                      ;         ;
; multcore.tdf                                                 ; yes             ; Megafunction                       ; /home/lucas/intelFPGA_lite/16.1/quartus/libraries/megafunctions/multcore.tdf                                      ;         ;
; csa_add.inc                                                  ; yes             ; Megafunction                       ; /home/lucas/intelFPGA_lite/16.1/quartus/libraries/megafunctions/csa_add.inc                                       ;         ;
; mpar_add.inc                                                 ; yes             ; Megafunction                       ; /home/lucas/intelFPGA_lite/16.1/quartus/libraries/megafunctions/mpar_add.inc                                      ;         ;
; muleabz.inc                                                  ; yes             ; Megafunction                       ; /home/lucas/intelFPGA_lite/16.1/quartus/libraries/megafunctions/muleabz.inc                                       ;         ;
; mul_lfrg.inc                                                 ; yes             ; Megafunction                       ; /home/lucas/intelFPGA_lite/16.1/quartus/libraries/megafunctions/mul_lfrg.inc                                      ;         ;
; mul_boothc.inc                                               ; yes             ; Megafunction                       ; /home/lucas/intelFPGA_lite/16.1/quartus/libraries/megafunctions/mul_boothc.inc                                    ;         ;
; alt_ded_mult.inc                                             ; yes             ; Megafunction                       ; /home/lucas/intelFPGA_lite/16.1/quartus/libraries/megafunctions/alt_ded_mult.inc                                  ;         ;
; alt_ded_mult_y.inc                                           ; yes             ; Megafunction                       ; /home/lucas/intelFPGA_lite/16.1/quartus/libraries/megafunctions/alt_ded_mult_y.inc                                ;         ;
; dffpipe.inc                                                  ; yes             ; Megafunction                       ; /home/lucas/intelFPGA_lite/16.1/quartus/libraries/megafunctions/dffpipe.inc                                       ;         ;
; mpar_add.tdf                                                 ; yes             ; Megafunction                       ; /home/lucas/intelFPGA_lite/16.1/quartus/libraries/megafunctions/mpar_add.tdf                                      ;         ;
; lpm_add_sub.tdf                                              ; yes             ; Megafunction                       ; /home/lucas/intelFPGA_lite/16.1/quartus/libraries/megafunctions/lpm_add_sub.tdf                                   ;         ;
; addcore.inc                                                  ; yes             ; Megafunction                       ; /home/lucas/intelFPGA_lite/16.1/quartus/libraries/megafunctions/addcore.inc                                       ;         ;
; look_add.inc                                                 ; yes             ; Megafunction                       ; /home/lucas/intelFPGA_lite/16.1/quartus/libraries/megafunctions/look_add.inc                                      ;         ;
; alt_stratix_add_sub.inc                                      ; yes             ; Megafunction                       ; /home/lucas/intelFPGA_lite/16.1/quartus/libraries/megafunctions/alt_stratix_add_sub.inc                           ;         ;
; db/add_sub_ugh.tdf                                           ; yes             ; Auto-Generated Megafunction        ; /home/lucas/Documentos/Kmeans/Testes/Kmeans_Processador/Kmeans_CalcCentroidModule/db/add_sub_ugh.tdf              ;         ;
; db/add_sub_vgh.tdf                                           ; yes             ; Auto-Generated Megafunction        ; /home/lucas/Documentos/Kmeans/Testes/Kmeans_Processador/Kmeans_CalcCentroidModule/db/add_sub_vgh.tdf              ;         ;
; altshift.tdf                                                 ; yes             ; Megafunction                       ; /home/lucas/intelFPGA_lite/16.1/quartus/libraries/megafunctions/altshift.tdf                                      ;         ;
; db/add_sub_qgh.tdf                                           ; yes             ; Auto-Generated Megafunction        ; /home/lucas/Documentos/Kmeans/Testes/Kmeans_Processador/Kmeans_CalcCentroidModule/db/add_sub_qgh.tdf              ;         ;
; db/add_sub_rgh.tdf                                           ; yes             ; Auto-Generated Megafunction        ; /home/lucas/Documentos/Kmeans/Testes/Kmeans_Processador/Kmeans_CalcCentroidModule/db/add_sub_rgh.tdf              ;         ;
+--------------------------------------------------------------+-----------------+------------------------------------+-------------------------------------------------------------------------------------------------------------------+---------+


+---------------------------------------------+
; Analysis & Synthesis Resource Usage Summary ;
+--------------------------+------------------+
; Resource                 ; Usage            ;
+--------------------------+------------------+
; I/O pins                 ; 221              ;
;                          ;                  ;
; DSP block 9-bit elements ; 0                ;
;                          ;                  ;
; Maximum fan-out node     ; clk~input        ;
; Maximum fan-out          ; 1203             ;
; Total fan-out            ; 17404            ;
; Average fan-out          ; 3.16             ;
+--------------------------+------------------+


+---------------------------------------------------------------------------------------------------------------------------------------------------------------------------------------------------------------------------------------------------------------------------------------------------------------------------------------------------------------------------------------------------------------------------+
; Analysis & Synthesis Resource Utilization by Entity                                                                                                                                                                                                                                                                                                                                                                       ;
+---------------------------------------------------+---------------------+---------------------------+-------------+--------------+---------+-----------+-----------+------+--------------+------------------------------------------------------------------------------------------------------------------------------------------------------------------------------------+----------------------------+--------------+
; Compilation Hierarchy Node                        ; Combinational ALUTs ; Dedicated Logic Registers ; Memory Bits ; DSP Elements ; DSP 9x9 ; DSP 18x18 ; DSP 36x36 ; Pins ; Virtual Pins ; Full Hierarchy Name                                                                                                                                                                ; Entity Name                ; Library Name ;
+---------------------------------------------------+---------------------+---------------------------+-------------+--------------+---------+-----------+-----------+------+--------------+------------------------------------------------------------------------------------------------------------------------------------------------------------------------------------+----------------------------+--------------+
; |Kmeans_CalcCentroidModule                        ; 3861 (0)            ; 1203 (0)                  ; 0           ; 0            ; 0       ; 0         ; 0         ; 221  ; 0            ; |Kmeans_CalcCentroidModule                                                                                                                                                         ; Kmeans_CalcCentroidModule  ; work         ;
;    |Divider:inst1|                                ; 1084 (0)            ; 0 (0)                     ; 0           ; 0            ; 0       ; 0         ; 0         ; 0    ; 0            ; |Kmeans_CalcCentroidModule|Divider:inst1                                                                                                                                           ; Divider                    ; work         ;
;       |lpm_divide:lpm_divide_component|           ; 1084 (0)            ; 0 (0)                     ; 0           ; 0            ; 0       ; 0         ; 0         ; 0    ; 0            ; |Kmeans_CalcCentroidModule|Divider:inst1|lpm_divide:lpm_divide_component                                                                                                           ; lpm_divide                 ; work         ;
;          |lpm_divide_q6q:auto_generated|          ; 1084 (0)            ; 0 (0)                     ; 0           ; 0            ; 0       ; 0         ; 0         ; 0    ; 0            ; |Kmeans_CalcCentroidModule|Divider:inst1|lpm_divide:lpm_divide_component|lpm_divide_q6q:auto_generated                                                                             ; lpm_divide_q6q             ; work         ;
;             |sign_div_unsign_9nh:divider|         ; 1084 (0)            ; 0 (0)                     ; 0           ; 0            ; 0       ; 0         ; 0         ; 0    ; 0            ; |Kmeans_CalcCentroidModule|Divider:inst1|lpm_divide:lpm_divide_component|lpm_divide_q6q:auto_generated|sign_div_unsign_9nh:divider                                                 ; sign_div_unsign_9nh        ; work         ;
;                |alt_u_div_0ef:divider|            ; 1084 (1083)         ; 0 (0)                     ; 0           ; 0            ; 0       ; 0         ; 0         ; 0    ; 0            ; |Kmeans_CalcCentroidModule|Divider:inst1|lpm_divide:lpm_divide_component|lpm_divide_q6q:auto_generated|sign_div_unsign_9nh:divider|alt_u_div_0ef:divider                           ; alt_u_div_0ef              ; work         ;
;                   |add_sub_2tc:add_sub_1|         ; 1 (1)               ; 0 (0)                     ; 0           ; 0            ; 0       ; 0         ; 0         ; 0    ; 0            ; |Kmeans_CalcCentroidModule|Divider:inst1|lpm_divide:lpm_divide_component|lpm_divide_q6q:auto_generated|sign_div_unsign_9nh:divider|alt_u_div_0ef:divider|add_sub_2tc:add_sub_1     ; add_sub_2tc                ; work         ;
;    |Divider:inst2|                                ; 1111 (0)            ; 0 (0)                     ; 0           ; 0            ; 0       ; 0         ; 0         ; 0    ; 0            ; |Kmeans_CalcCentroidModule|Divider:inst2                                                                                                                                           ; Divider                    ; work         ;
;       |lpm_divide:lpm_divide_component|           ; 1111 (0)            ; 0 (0)                     ; 0           ; 0            ; 0       ; 0         ; 0         ; 0    ; 0            ; |Kmeans_CalcCentroidModule|Divider:inst2|lpm_divide:lpm_divide_component                                                                                                           ; lpm_divide                 ; work         ;
;          |lpm_divide_q6q:auto_generated|          ; 1111 (0)            ; 0 (0)                     ; 0           ; 0            ; 0       ; 0         ; 0         ; 0    ; 0            ; |Kmeans_CalcCentroidModule|Divider:inst2|lpm_divide:lpm_divide_component|lpm_divide_q6q:auto_generated                                                                             ; lpm_divide_q6q             ; work         ;
;             |sign_div_unsign_9nh:divider|         ; 1111 (0)            ; 0 (0)                     ; 0           ; 0            ; 0       ; 0         ; 0         ; 0    ; 0            ; |Kmeans_CalcCentroidModule|Divider:inst2|lpm_divide:lpm_divide_component|lpm_divide_q6q:auto_generated|sign_div_unsign_9nh:divider                                                 ; sign_div_unsign_9nh        ; work         ;
;                |alt_u_div_0ef:divider|            ; 1111 (1110)         ; 0 (0)                     ; 0           ; 0            ; 0       ; 0         ; 0         ; 0    ; 0            ; |Kmeans_CalcCentroidModule|Divider:inst2|lpm_divide:lpm_divide_component|lpm_divide_q6q:auto_generated|sign_div_unsign_9nh:divider|alt_u_div_0ef:divider                           ; alt_u_div_0ef              ; work         ;
;                   |add_sub_2tc:add_sub_1|         ; 1 (1)               ; 0 (0)                     ; 0           ; 0            ; 0       ; 0         ; 0         ; 0    ; 0            ; |Kmeans_CalcCentroidModule|Divider:inst2|lpm_divide:lpm_divide_component|lpm_divide_q6q:auto_generated|sign_div_unsign_9nh:divider|alt_u_div_0ef:divider|add_sub_2tc:add_sub_1     ; add_sub_2tc                ; work         ;
;    |Kmeans_ControlCalcCentroid:inst3|             ; 1538 (1422)         ; 1203 (1203)               ; 0           ; 0            ; 0       ; 0         ; 0         ; 0    ; 0            ; |Kmeans_CalcCentroidModule|Kmeans_ControlCalcCentroid:inst3                                                                                                                        ; Kmeans_ControlCalcCentroid ; work         ;
;       |lpm_mult:Mult0|                            ; 64 (0)              ; 0 (0)                     ; 0           ; 0            ; 0       ; 0         ; 0         ; 0    ; 0            ; |Kmeans_CalcCentroidModule|Kmeans_ControlCalcCentroid:inst3|lpm_mult:Mult0                                                                                                         ; lpm_mult                   ; work         ;
;          |multcore:mult_core|                     ; 64 (39)             ; 0 (0)                     ; 0           ; 0            ; 0       ; 0         ; 0         ; 0    ; 0            ; |Kmeans_CalcCentroidModule|Kmeans_ControlCalcCentroid:inst3|lpm_mult:Mult0|multcore:mult_core                                                                                      ; multcore                   ; work         ;
;             |mpar_add:padder|                     ; 25 (0)              ; 0 (0)                     ; 0           ; 0            ; 0       ; 0         ; 0         ; 0    ; 0            ; |Kmeans_CalcCentroidModule|Kmeans_ControlCalcCentroid:inst3|lpm_mult:Mult0|multcore:mult_core|mpar_add:padder                                                                      ; mpar_add                   ; work         ;
;                |lpm_add_sub:adder[0]|             ; 13 (0)              ; 0 (0)                     ; 0           ; 0            ; 0       ; 0         ; 0         ; 0    ; 0            ; |Kmeans_CalcCentroidModule|Kmeans_ControlCalcCentroid:inst3|lpm_mult:Mult0|multcore:mult_core|mpar_add:padder|lpm_add_sub:adder[0]                                                 ; lpm_add_sub                ; work         ;
;                   |add_sub_ugh:auto_generated|    ; 13 (13)             ; 0 (0)                     ; 0           ; 0            ; 0       ; 0         ; 0         ; 0    ; 0            ; |Kmeans_CalcCentroidModule|Kmeans_ControlCalcCentroid:inst3|lpm_mult:Mult0|multcore:mult_core|mpar_add:padder|lpm_add_sub:adder[0]|add_sub_ugh:auto_generated                      ; add_sub_ugh                ; work         ;
;                |mpar_add:sub_par_add|             ; 12 (0)              ; 0 (0)                     ; 0           ; 0            ; 0       ; 0         ; 0         ; 0    ; 0            ; |Kmeans_CalcCentroidModule|Kmeans_ControlCalcCentroid:inst3|lpm_mult:Mult0|multcore:mult_core|mpar_add:padder|mpar_add:sub_par_add                                                 ; mpar_add                   ; work         ;
;                   |lpm_add_sub:adder[0]|          ; 12 (0)              ; 0 (0)                     ; 0           ; 0            ; 0       ; 0         ; 0         ; 0    ; 0            ; |Kmeans_CalcCentroidModule|Kmeans_ControlCalcCentroid:inst3|lpm_mult:Mult0|multcore:mult_core|mpar_add:padder|mpar_add:sub_par_add|lpm_add_sub:adder[0]                            ; lpm_add_sub                ; work         ;
;                      |add_sub_vgh:auto_generated| ; 12 (12)             ; 0 (0)                     ; 0           ; 0            ; 0       ; 0         ; 0         ; 0    ; 0            ; |Kmeans_CalcCentroidModule|Kmeans_ControlCalcCentroid:inst3|lpm_mult:Mult0|multcore:mult_core|mpar_add:padder|mpar_add:sub_par_add|lpm_add_sub:adder[0]|add_sub_vgh:auto_generated ; add_sub_vgh                ; work         ;
;       |lpm_mult:Mult1|                            ; 52 (0)              ; 0 (0)                     ; 0           ; 0            ; 0       ; 0         ; 0         ; 0    ; 0            ; |Kmeans_CalcCentroidModule|Kmeans_ControlCalcCentroid:inst3|lpm_mult:Mult1                                                                                                         ; lpm_mult                   ; work         ;
;          |multcore:mult_core|                     ; 52 (30)             ; 0 (0)                     ; 0           ; 0            ; 0       ; 0         ; 0         ; 0    ; 0            ; |Kmeans_CalcCentroidModule|Kmeans_ControlCalcCentroid:inst3|lpm_mult:Mult1|multcore:mult_core                                                                                      ; multcore                   ; work         ;
;             |mpar_add:padder|                     ; 22 (0)              ; 0 (0)                     ; 0           ; 0            ; 0       ; 0         ; 0         ; 0    ; 0            ; |Kmeans_CalcCentroidModule|Kmeans_ControlCalcCentroid:inst3|lpm_mult:Mult1|multcore:mult_core|mpar_add:padder                                                                      ; mpar_add                   ; work         ;
;                |lpm_add_sub:adder[0]|             ; 11 (0)              ; 0 (0)                     ; 0           ; 0            ; 0       ; 0         ; 0         ; 0    ; 0            ; |Kmeans_CalcCentroidModule|Kmeans_ControlCalcCentroid:inst3|lpm_mult:Mult1|multcore:mult_core|mpar_add:padder|lpm_add_sub:adder[0]                                                 ; lpm_add_sub                ; work         ;
;                   |add_sub_qgh:auto_generated|    ; 11 (11)             ; 0 (0)                     ; 0           ; 0            ; 0       ; 0         ; 0         ; 0    ; 0            ; |Kmeans_CalcCentroidModule|Kmeans_ControlCalcCentroid:inst3|lpm_mult:Mult1|multcore:mult_core|mpar_add:padder|lpm_add_sub:adder[0]|add_sub_qgh:auto_generated                      ; add_sub_qgh                ; work         ;
;                |mpar_add:sub_par_add|             ; 11 (0)              ; 0 (0)                     ; 0           ; 0            ; 0       ; 0         ; 0         ; 0    ; 0            ; |Kmeans_CalcCentroidModule|Kmeans_ControlCalcCentroid:inst3|lpm_mult:Mult1|multcore:mult_core|mpar_add:padder|mpar_add:sub_par_add                                                 ; mpar_add                   ; work         ;
;                   |lpm_add_sub:adder[0]|          ; 11 (0)              ; 0 (0)                     ; 0           ; 0            ; 0       ; 0         ; 0         ; 0    ; 0            ; |Kmeans_CalcCentroidModule|Kmeans_ControlCalcCentroid:inst3|lpm_mult:Mult1|multcore:mult_core|mpar_add:padder|mpar_add:sub_par_add|lpm_add_sub:adder[0]                            ; lpm_add_sub                ; work         ;
;                      |add_sub_rgh:auto_generated| ; 11 (11)             ; 0 (0)                     ; 0           ; 0            ; 0       ; 0         ; 0         ; 0    ; 0            ; |Kmeans_CalcCentroidModule|Kmeans_ControlCalcCentroid:inst3|lpm_mult:Mult1|multcore:mult_core|mpar_add:padder|mpar_add:sub_par_add|lpm_add_sub:adder[0]|add_sub_rgh:auto_generated ; add_sub_rgh                ; work         ;
;    |SumCentroidValues:inst|                       ; 128 (128)           ; 0 (0)                     ; 0           ; 0            ; 0       ; 0         ; 0         ; 0    ; 0            ; |Kmeans_CalcCentroidModule|SumCentroidValues:inst                                                                                                                                  ; SumCentroidValues          ; work         ;
+---------------------------------------------------+---------------------+---------------------------+-------------+--------------+---------+-----------+-----------+------+--------------+------------------------------------------------------------------------------------------------------------------------------------------------------------------------------------+----------------------------+--------------+
Note: For table entries with two numbers listed, the numbers in parentheses indicate the number of resources of the given type used by the specific entity alone. The numbers listed outside of parentheses indicate the total resources of the given type used by the specific entity and all of its sub-entities in the hierarchy.


+----------------------------------------------------------------------------------------------------------------------------+
; Analysis & Synthesis IP Cores Summary                                                                                      ;
+--------+--------------+---------+--------------+--------------+------------------------------------------+-----------------+
; Vendor ; IP Core Name ; Version ; Release Date ; License Type ; Entity Instance                          ; IP Include File ;
+--------+--------------+---------+--------------+--------------+------------------------------------------+-----------------+
; Altera ; LPM_DIVIDE   ; 9.1     ; N/A          ; N/A          ; |Kmeans_CalcCentroidModule|Divider:inst1 ; Divider.vhd     ;
; Altera ; LPM_DIVIDE   ; 9.1     ; N/A          ; N/A          ; |Kmeans_CalcCentroidModule|Divider:inst2 ; Divider.vhd     ;
+--------+--------------+---------+--------------+--------------+------------------------------------------+-----------------+


Encoding Type:  One-Hot
+-------------------------------------------------------------------------------------------------------------------------------------------------------------------------------------------------------------------------------------+
; State Machine - |Kmeans_CalcCentroidModule|Kmeans_ControlCalcCentroid:inst3|state_fut                                                                                                                                               ;
+---------------------------+--------------------+---------------------------+---------------------+---------------+---------------------+---------------+--------------------+--------------------+----------------+-----------------+
; Name                      ; state_fut.ENDSTATE ; state_fut.VERIFYDIMENSION ; state_fut.STOREDATA ; state_fut.DIV ; state_fut.VERIFYDIV ; state_fut.SUM ; state_fut.WAITDATA ; state_fut.LOADDATA ; state_fut.IDLE ; state_fut.RESET ;
+---------------------------+--------------------+---------------------------+---------------------+---------------+---------------------+---------------+--------------------+--------------------+----------------+-----------------+
; state_fut.RESET           ; 0                  ; 0                         ; 0                   ; 0             ; 0                   ; 0             ; 0                  ; 0                  ; 0              ; 0               ;
; state_fut.IDLE            ; 0                  ; 0                         ; 0                   ; 0             ; 0                   ; 0             ; 0                  ; 0                  ; 1              ; 1               ;
; state_fut.LOADDATA        ; 0                  ; 0                         ; 0                   ; 0             ; 0                   ; 0             ; 0                  ; 1                  ; 0              ; 1               ;
; state_fut.WAITDATA        ; 0                  ; 0                         ; 0                   ; 0             ; 0                   ; 0             ; 1                  ; 0                  ; 0              ; 1               ;
; state_fut.SUM             ; 0                  ; 0                         ; 0                   ; 0             ; 0                   ; 1             ; 0                  ; 0                  ; 0              ; 1               ;
; state_fut.VERIFYDIV       ; 0                  ; 0                         ; 0                   ; 0             ; 1                   ; 0             ; 0                  ; 0                  ; 0              ; 1               ;
; state_fut.DIV             ; 0                  ; 0                         ; 0                   ; 1             ; 0                   ; 0             ; 0                  ; 0                  ; 0              ; 1               ;
; state_fut.STOREDATA       ; 0                  ; 0                         ; 1                   ; 0             ; 0                   ; 0             ; 0                  ; 0                  ; 0              ; 1               ;
; state_fut.VERIFYDIMENSION ; 0                  ; 1                         ; 0                   ; 0             ; 0                   ; 0             ; 0                  ; 0                  ; 0              ; 1               ;
; state_fut.ENDSTATE        ; 1                  ; 0                         ; 0                   ; 0             ; 0                   ; 0             ; 0                  ; 0                  ; 0              ; 1               ;
+---------------------------+--------------------+---------------------------+---------------------+---------------+---------------------+---------------+--------------------+--------------------+----------------+-----------------+


Encoding Type:  One-Hot
+-----------------------------------------------------------------------------------------------------------------------------------------------------------------------------------------+
; State Machine - |Kmeans_CalcCentroidModule|Kmeans_ControlCalcCentroid:inst3|state                                                                                                       ;
+-----------------------+----------------+-----------------------+-----------------+-----------+-----------------+-----------+----------------+----------------+------------+-------------+
; Name                  ; state.ENDSTATE ; state.VERIFYDIMENSION ; state.STOREDATA ; state.DIV ; state.VERIFYDIV ; state.SUM ; state.WAITDATA ; state.LOADDATA ; state.IDLE ; state.RESET ;
+-----------------------+----------------+-----------------------+-----------------+-----------+-----------------+-----------+----------------+----------------+------------+-------------+
; state.RESET           ; 0              ; 0                     ; 0               ; 0         ; 0               ; 0         ; 0              ; 0              ; 0          ; 0           ;
; state.IDLE            ; 0              ; 0                     ; 0               ; 0         ; 0               ; 0         ; 0              ; 0              ; 1          ; 1           ;
; state.LOADDATA        ; 0              ; 0                     ; 0               ; 0         ; 0               ; 0         ; 0              ; 1              ; 0          ; 1           ;
; state.WAITDATA        ; 0              ; 0                     ; 0               ; 0         ; 0               ; 0         ; 1              ; 0              ; 0          ; 1           ;
; state.SUM             ; 0              ; 0                     ; 0               ; 0         ; 0               ; 1         ; 0              ; 0              ; 0          ; 1           ;
; state.VERIFYDIV       ; 0              ; 0                     ; 0               ; 0         ; 1               ; 0         ; 0              ; 0              ; 0          ; 1           ;
; state.DIV             ; 0              ; 0                     ; 0               ; 1         ; 0               ; 0         ; 0              ; 0              ; 0          ; 1           ;
; state.STOREDATA       ; 0              ; 0                     ; 1               ; 0         ; 0               ; 0         ; 0              ; 0              ; 0          ; 1           ;
; state.VERIFYDIMENSION ; 0              ; 1                     ; 0               ; 0         ; 0               ; 0         ; 0              ; 0              ; 0          ; 1           ;
; state.ENDSTATE        ; 1              ; 0                     ; 0               ; 0         ; 0               ; 0         ; 0              ; 0              ; 0          ; 1           ;
+-----------------------+----------------+-----------------------+-----------------+-----------+-----------------+-----------+----------------+----------------+------------+-------------+


+-------------------------------------------------------------------------------------------+
; Registers Removed During Synthesis                                                        ;
+--------------------------------------------------+----------------------------------------+
; Register name                                    ; Reason for Removal                     ;
+--------------------------------------------------+----------------------------------------+
; Kmeans_ControlCalcCentroid:inst3|s_wrRamB        ; Stuck at GND due to stuck port data_in ;
; Kmeans_ControlCalcCentroid:inst3|s_blockState[2] ; Stuck at VCC due to stuck port data_in ;
; Kmeans_ControlCalcCentroid:inst3|s_blockState[3] ; Stuck at GND due to stuck port data_in ;
; Total Number of Removed Registers = 3            ;                                        ;
+--------------------------------------------------+----------------------------------------+


+------------------------------------------------------+
; General Register Statistics                          ;
+----------------------------------------------+-------+
; Statistic                                    ; Value ;
+----------------------------------------------+-------+
; Total registers                              ; 1203  ;
; Number of registers using Synchronous Clear  ; 10    ;
; Number of registers using Synchronous Load   ; 46    ;
; Number of registers using Asynchronous Clear ; 10    ;
; Number of registers using Asynchronous Load  ; 0     ;
; Number of registers using Clock Enable       ; 1108  ;
; Number of registers using Preset             ; 0     ;
+----------------------------------------------+-------+


+------------------------------------------------------------+
; Inverted Register Statistics                               ;
+--------------------------------------------------+---------+
; Inverted Register                                ; Fan out ;
+--------------------------------------------------+---------+
; Kmeans_ControlCalcCentroid:inst3|s_blockState[0] ; 1       ;
; Total number of inverted registers = 1           ;         ;
+--------------------------------------------------+---------+


+----------------------------------------------------------------------------------------------------------------------------------------------------------------------------------------------+
; Multiplexer Restructuring Statistics (Restructuring Performed)                                                                                                                               ;
+--------------------+-----------+---------------+----------------------+------------------------+------------+--------------------------------------------------------------------------------+
; Multiplexer Inputs ; Bus Width ; Baseline Area ; Area if Restructured ; Saving if Restructured ; Registered ; Example Multiplexer Output                                                     ;
+--------------------+-----------+---------------+----------------------+------------------------+------------+--------------------------------------------------------------------------------+
; 4:1                ; 14 bits   ; 28 LEs        ; 14 LEs               ; 14 LEs                 ; Yes        ; |Kmeans_CalcCentroidModule|Kmeans_ControlCalcCentroid:inst3|s_addrRamDado[13]  ;
; 10:1               ; 64 bits   ; 384 LEs       ; 384 LEs              ; 0 LEs                  ; Yes        ; |Kmeans_CalcCentroidModule|Kmeans_ControlCalcCentroid:inst3|s_numXDiv[23]      ;
; 10:1               ; 64 bits   ; 384 LEs       ; 384 LEs              ; 0 LEs                  ; Yes        ; |Kmeans_CalcCentroidModule|Kmeans_ControlCalcCentroid:inst3|s_memValueY[0]     ;
; 6:1                ; 96 bits   ; 384 LEs       ; 96 LEs               ; 288 LEs                ; Yes        ; |Kmeans_CalcCentroidModule|Kmeans_ControlCalcCentroid:inst3|sumXArray[9][30]   ;
; 6:1                ; 96 bits   ; 384 LEs       ; 96 LEs               ; 288 LEs                ; Yes        ; |Kmeans_CalcCentroidModule|Kmeans_ControlCalcCentroid:inst3|sumXArray[8][1]    ;
; 6:1                ; 96 bits   ; 384 LEs       ; 96 LEs               ; 288 LEs                ; Yes        ; |Kmeans_CalcCentroidModule|Kmeans_ControlCalcCentroid:inst3|sumXArray[7][14]   ;
; 6:1                ; 96 bits   ; 384 LEs       ; 96 LEs               ; 288 LEs                ; Yes        ; |Kmeans_CalcCentroidModule|Kmeans_ControlCalcCentroid:inst3|qtdArray[6][4]     ;
; 6:1                ; 96 bits   ; 384 LEs       ; 96 LEs               ; 288 LEs                ; Yes        ; |Kmeans_CalcCentroidModule|Kmeans_ControlCalcCentroid:inst3|qtdArray[5][25]    ;
; 6:1                ; 96 bits   ; 384 LEs       ; 96 LEs               ; 288 LEs                ; Yes        ; |Kmeans_CalcCentroidModule|Kmeans_ControlCalcCentroid:inst3|sumYArray[4][4]    ;
; 6:1                ; 96 bits   ; 384 LEs       ; 96 LEs               ; 288 LEs                ; Yes        ; |Kmeans_CalcCentroidModule|Kmeans_ControlCalcCentroid:inst3|sumYArray[3][28]   ;
; 6:1                ; 96 bits   ; 384 LEs       ; 96 LEs               ; 288 LEs                ; Yes        ; |Kmeans_CalcCentroidModule|Kmeans_ControlCalcCentroid:inst3|qtdArray[2][18]    ;
; 6:1                ; 96 bits   ; 384 LEs       ; 96 LEs               ; 288 LEs                ; Yes        ; |Kmeans_CalcCentroidModule|Kmeans_ControlCalcCentroid:inst3|qtdArray[1][31]    ;
; 6:1                ; 96 bits   ; 384 LEs       ; 96 LEs               ; 288 LEs                ; Yes        ; |Kmeans_CalcCentroidModule|Kmeans_ControlCalcCentroid:inst3|sumYArray[0][31]   ;
; 6:1                ; 14 bits   ; 56 LEs        ; 14 LEs               ; 42 LEs                 ; Yes        ; |Kmeans_CalcCentroidModule|Kmeans_ControlCalcCentroid:inst3|s_countDado[8]     ;
; 6:1                ; 10 bits   ; 40 LEs        ; 10 LEs               ; 30 LEs                 ; Yes        ; |Kmeans_CalcCentroidModule|Kmeans_ControlCalcCentroid:inst3|s_countCentroid[4] ;
; 10:1               ; 32 bits   ; 192 LEs       ; 192 LEs              ; 0 LEs                  ; No         ; |Kmeans_CalcCentroidModule|Kmeans_ControlCalcCentroid:inst3|Mux160             ;
; 10:1               ; 32 bits   ; 192 LEs       ; 192 LEs              ; 0 LEs                  ; No         ; |Kmeans_CalcCentroidModule|Kmeans_ControlCalcCentroid:inst3|Mux79              ;
+--------------------+-----------+---------------+----------------------+------------------------+------------+--------------------------------------------------------------------------------+


+-------------------------------------------------------------------------------+
; Parameter Settings for User Entity Instance: Kmeans_ControlCalcCentroid:inst3 ;
+------------------+-------+----------------------------------------------------+
; Parameter Name   ; Value ; Type                                               ;
+------------------+-------+----------------------------------------------------+
; tamanhoaddr      ; 14    ; Signed Integer                                     ;
; palavra          ; 64    ; Signed Integer                                     ;
; palavraxy        ; 32    ; Signed Integer                                     ;
; maxcentroidsbits ; 10    ; Signed Integer                                     ;
; maxpontosbits    ; 15    ; Signed Integer                                     ;
; numbitsstates    ; 4     ; Signed Integer                                     ;
+------------------+-------+----------------------------------------------------+
Note: In order to hide this table in the UI and the text report file, please set the "Show Parameter Settings in Synthesis Report" option in "Analysis and Synthesis Settings -> More Settings" to "Off".


+---------------------------------------------------------------------+
; Parameter Settings for User Entity Instance: SumCentroidValues:inst ;
+----------------+-------+--------------------------------------------+
; Parameter Name ; Value ; Type                                       ;
+----------------+-------+--------------------------------------------+
; palavra        ; 64    ; Signed Integer                             ;
; palavraxy      ; 32    ; Signed Integer                             ;
+----------------+-------+--------------------------------------------+
Note: In order to hide this table in the UI and the text report file, please set the "Show Parameter Settings in Synthesis Report" option in "Analysis and Synthesis Settings -> More Settings" to "Off".


+------------------------------------------------------------------+
; Parameter Settings for User Entity Instance: DivValueFinal:inst4 ;
+----------------+-------+-----------------------------------------+
; Parameter Name ; Value ; Type                                    ;
+----------------+-------+-----------------------------------------+
; palavra        ; 64    ; Signed Integer                          ;
; palavraxy      ; 32    ; Signed Integer                          ;
+----------------+-------+-----------------------------------------+
Note: In order to hide this table in the UI and the text report file, please set the "Show Parameter Settings in Synthesis Report" option in "Analysis and Synthesis Settings -> More Settings" to "Off".


+--------------------------------------------------------------------------------------------+
; Parameter Settings for User Entity Instance: Divider:inst1|lpm_divide:lpm_divide_component ;
+------------------------+----------------+--------------------------------------------------+
; Parameter Name         ; Value          ; Type                                             ;
+------------------------+----------------+--------------------------------------------------+
; LPM_WIDTHN             ; 32             ; Signed Integer                                   ;
; LPM_WIDTHD             ; 32             ; Signed Integer                                   ;
; LPM_NREPRESENTATION    ; UNSIGNED       ; Untyped                                          ;
; LPM_DREPRESENTATION    ; UNSIGNED       ; Untyped                                          ;
; LPM_PIPELINE           ; 0              ; Untyped                                          ;
; LPM_REMAINDERPOSITIVE  ; TRUE           ; Untyped                                          ;
; MAXIMIZE_SPEED         ; 5              ; Untyped                                          ;
; CBXI_PARAMETER         ; lpm_divide_q6q ; Untyped                                          ;
; CARRY_CHAIN            ; MANUAL         ; Untyped                                          ;
; OPTIMIZE_FOR_SPEED     ; 5              ; Untyped                                          ;
; AUTO_CARRY_CHAINS      ; ON             ; AUTO_CARRY                                       ;
; IGNORE_CARRY_BUFFERS   ; OFF            ; IGNORE_CARRY                                     ;
; AUTO_CASCADE_CHAINS    ; ON             ; AUTO_CASCADE                                     ;
; IGNORE_CASCADE_BUFFERS ; OFF            ; IGNORE_CASCADE                                   ;
+------------------------+----------------+--------------------------------------------------+
Note: In order to hide this table in the UI and the text report file, please set the "Show Parameter Settings in Synthesis Report" option in "Analysis and Synthesis Settings -> More Settings" to "Off".


+--------------------------------------------------------------------------------------------+
; Parameter Settings for User Entity Instance: Divider:inst2|lpm_divide:lpm_divide_component ;
+------------------------+----------------+--------------------------------------------------+
; Parameter Name         ; Value          ; Type                                             ;
+------------------------+----------------+--------------------------------------------------+
; LPM_WIDTHN             ; 32             ; Signed Integer                                   ;
; LPM_WIDTHD             ; 32             ; Signed Integer                                   ;
; LPM_NREPRESENTATION    ; UNSIGNED       ; Untyped                                          ;
; LPM_DREPRESENTATION    ; UNSIGNED       ; Untyped                                          ;
; LPM_PIPELINE           ; 0              ; Untyped                                          ;
; LPM_REMAINDERPOSITIVE  ; TRUE           ; Untyped                                          ;
; MAXIMIZE_SPEED         ; 5              ; Untyped                                          ;
; CBXI_PARAMETER         ; lpm_divide_q6q ; Untyped                                          ;
; CARRY_CHAIN            ; MANUAL         ; Untyped                                          ;
; OPTIMIZE_FOR_SPEED     ; 5              ; Untyped                                          ;
; AUTO_CARRY_CHAINS      ; ON             ; AUTO_CARRY                                       ;
; IGNORE_CARRY_BUFFERS   ; OFF            ; IGNORE_CARRY                                     ;
; AUTO_CASCADE_CHAINS    ; ON             ; AUTO_CASCADE                                     ;
; IGNORE_CASCADE_BUFFERS ; OFF            ; IGNORE_CASCADE                                   ;
+------------------------+----------------+--------------------------------------------------+
Note: In order to hide this table in the UI and the text report file, please set the "Show Parameter Settings in Synthesis Report" option in "Analysis and Synthesis Settings -> More Settings" to "Off".


+--------------------------------------------------------------------------------------------------+
; Parameter Settings for Inferred Entity Instance: Kmeans_ControlCalcCentroid:inst3|lpm_mult:Mult0 ;
+------------------------------------------------+---------------+---------------------------------+
; Parameter Name                                 ; Value         ; Type                            ;
+------------------------------------------------+---------------+---------------------------------+
; AUTO_CARRY_CHAINS                              ; ON            ; AUTO_CARRY                      ;
; IGNORE_CARRY_BUFFERS                           ; OFF           ; IGNORE_CARRY                    ;
; AUTO_CASCADE_CHAINS                            ; ON            ; AUTO_CASCADE                    ;
; IGNORE_CASCADE_BUFFERS                         ; OFF           ; IGNORE_CASCADE                  ;
; LPM_WIDTHA                                     ; 3             ; Untyped                         ;
; LPM_WIDTHB                                     ; 14            ; Untyped                         ;
; LPM_WIDTHP                                     ; 17            ; Untyped                         ;
; LPM_WIDTHR                                     ; 17            ; Untyped                         ;
; LPM_WIDTHS                                     ; 1             ; Untyped                         ;
; LPM_REPRESENTATION                             ; UNSIGNED      ; Untyped                         ;
; LPM_PIPELINE                                   ; 0             ; Untyped                         ;
; LATENCY                                        ; 0             ; Untyped                         ;
; INPUT_A_IS_CONSTANT                            ; NO            ; Untyped                         ;
; INPUT_B_IS_CONSTANT                            ; NO            ; Untyped                         ;
; USE_EAB                                        ; OFF           ; Untyped                         ;
; MAXIMIZE_SPEED                                 ; 5             ; Untyped                         ;
; DEVICE_FAMILY                                  ; Cyclone IV GX ; Untyped                         ;
; CARRY_CHAIN                                    ; MANUAL        ; Untyped                         ;
; APEX20K_TECHNOLOGY_MAPPER                      ; LUT           ; TECH_MAPPER_APEX20K             ;
; DEDICATED_MULTIPLIER_CIRCUITRY                 ; AUTO          ; Untyped                         ;
; DEDICATED_MULTIPLIER_MIN_INPUT_WIDTH_FOR_AUTO  ; 0             ; Untyped                         ;
; DEDICATED_MULTIPLIER_MIN_OUTPUT_WIDTH_FOR_AUTO ; 0             ; Untyped                         ;
; CBXI_PARAMETER                                 ; NOTHING       ; Untyped                         ;
; INPUT_A_FIXED_VALUE                            ; Bx            ; Untyped                         ;
; INPUT_B_FIXED_VALUE                            ; Bx            ; Untyped                         ;
; USE_AHDL_IMPLEMENTATION                        ; OFF           ; Untyped                         ;
+------------------------------------------------+---------------+---------------------------------+
Note: In order to hide this table in the UI and the text report file, please set the "Show Parameter Settings in Synthesis Report" option in "Analysis and Synthesis Settings -> More Settings" to "Off".


+--------------------------------------------------------------------------------------------------+
; Parameter Settings for Inferred Entity Instance: Kmeans_ControlCalcCentroid:inst3|lpm_mult:Mult1 ;
+------------------------------------------------+---------------+---------------------------------+
; Parameter Name                                 ; Value         ; Type                            ;
+------------------------------------------------+---------------+---------------------------------+
; AUTO_CARRY_CHAINS                              ; ON            ; AUTO_CARRY                      ;
; IGNORE_CARRY_BUFFERS                           ; OFF           ; IGNORE_CARRY                    ;
; AUTO_CASCADE_CHAINS                            ; ON            ; AUTO_CASCADE                    ;
; IGNORE_CASCADE_BUFFERS                         ; OFF           ; IGNORE_CASCADE                  ;
; LPM_WIDTHA                                     ; 3             ; Untyped                         ;
; LPM_WIDTHB                                     ; 10            ; Untyped                         ;
; LPM_WIDTHP                                     ; 13            ; Untyped                         ;
; LPM_WIDTHR                                     ; 13            ; Untyped                         ;
; LPM_WIDTHS                                     ; 1             ; Untyped                         ;
; LPM_REPRESENTATION                             ; UNSIGNED      ; Untyped                         ;
; LPM_PIPELINE                                   ; 0             ; Untyped                         ;
; LATENCY                                        ; 0             ; Untyped                         ;
; INPUT_A_IS_CONSTANT                            ; NO            ; Untyped                         ;
; INPUT_B_IS_CONSTANT                            ; NO            ; Untyped                         ;
; USE_EAB                                        ; OFF           ; Untyped                         ;
; MAXIMIZE_SPEED                                 ; 6             ; Untyped                         ;
; DEVICE_FAMILY                                  ; Cyclone IV GX ; Untyped                         ;
; CARRY_CHAIN                                    ; MANUAL        ; Untyped                         ;
; APEX20K_TECHNOLOGY_MAPPER                      ; LUT           ; TECH_MAPPER_APEX20K             ;
; DEDICATED_MULTIPLIER_CIRCUITRY                 ; AUTO          ; Untyped                         ;
; DEDICATED_MULTIPLIER_MIN_INPUT_WIDTH_FOR_AUTO  ; 0             ; Untyped                         ;
; DEDICATED_MULTIPLIER_MIN_OUTPUT_WIDTH_FOR_AUTO ; 0             ; Untyped                         ;
; CBXI_PARAMETER                                 ; NOTHING       ; Untyped                         ;
; INPUT_A_FIXED_VALUE                            ; Bx            ; Untyped                         ;
; INPUT_B_FIXED_VALUE                            ; Bx            ; Untyped                         ;
; USE_AHDL_IMPLEMENTATION                        ; OFF           ; Untyped                         ;
+------------------------------------------------+---------------+---------------------------------+
Note: In order to hide this table in the UI and the text report file, please set the "Show Parameter Settings in Synthesis Report" option in "Analysis and Synthesis Settings -> More Settings" to "Off".


+-----------------------------------------------------------------------------------------+
; lpm_mult Parameter Settings by Entity Instance                                          ;
+---------------------------------------+-------------------------------------------------+
; Name                                  ; Value                                           ;
+---------------------------------------+-------------------------------------------------+
; Number of entity instances            ; 2                                               ;
; Entity Instance                       ; Kmeans_ControlCalcCentroid:inst3|lpm_mult:Mult0 ;
;     -- LPM_WIDTHA                     ; 3                                               ;
;     -- LPM_WIDTHB                     ; 14                                              ;
;     -- LPM_WIDTHP                     ; 17                                              ;
;     -- LPM_REPRESENTATION             ; UNSIGNED                                        ;
;     -- INPUT_A_IS_CONSTANT            ; NO                                              ;
;     -- INPUT_B_IS_CONSTANT            ; NO                                              ;
;     -- USE_EAB                        ; OFF                                             ;
;     -- DEDICATED_MULTIPLIER_CIRCUITRY ; AUTO                                            ;
;     -- INPUT_A_FIXED_VALUE            ; Bx                                              ;
;     -- INPUT_B_FIXED_VALUE            ; Bx                                              ;
; Entity Instance                       ; Kmeans_ControlCalcCentroid:inst3|lpm_mult:Mult1 ;
;     -- LPM_WIDTHA                     ; 3                                               ;
;     -- LPM_WIDTHB                     ; 10                                              ;
;     -- LPM_WIDTHP                     ; 13                                              ;
;     -- LPM_REPRESENTATION             ; UNSIGNED                                        ;
;     -- INPUT_A_IS_CONSTANT            ; NO                                              ;
;     -- INPUT_B_IS_CONSTANT            ; NO                                              ;
;     -- USE_EAB                        ; OFF                                             ;
;     -- DEDICATED_MULTIPLIER_CIRCUITRY ; AUTO                                            ;
;     -- INPUT_A_FIXED_VALUE            ; Bx                                              ;
;     -- INPUT_B_FIXED_VALUE            ; Bx                                              ;
+---------------------------------------+-------------------------------------------------+


+-----------------------------------------------------+
; Post-Synthesis Netlist Statistics for Top Partition ;
+-----------------------+-----------------------------+
; Type                  ; Count                       ;
+-----------------------+-----------------------------+
; boundary_port         ; 221                         ;
; cycloneiii_ff         ; 1203                        ;
;     CLR               ; 10                          ;
;     ENA               ; 1052                        ;
;     ENA SCLR          ; 10                          ;
;     ENA SLD           ; 46                          ;
;     plain             ; 85                          ;
; cycloneiii_lcell_comb ; 3928                        ;
;     arith             ; 1302                        ;
;         2 data inputs ; 106                         ;
;         3 data inputs ; 1196                        ;
;     normal            ; 2626                        ;
;         0 data inputs ; 64                          ;
;         1 data inputs ; 72                          ;
;         2 data inputs ; 123                         ;
;         3 data inputs ; 62                          ;
;         4 data inputs ; 2305                        ;
;                       ;                             ;
; Max LUT depth         ; 122.50                      ;
; Average LUT depth     ; 62.07                       ;
+-----------------------+-----------------------------+


+-------------------------------+
; Elapsed Time Per Partition    ;
+----------------+--------------+
; Partition Name ; Elapsed Time ;
+----------------+--------------+
; Top            ; 00:00:11     ;
+----------------+--------------+


+-------------------------------+
; Analysis & Synthesis Messages ;
+-------------------------------+
Info: *******************************************************************
Info: Running Quartus Prime Analysis & Synthesis
    Info: Version 16.1.0 Build 196 10/24/2016 SJ Lite Edition
    Info: Processing started: Tue Jun 13 11:34:28 2017
Info: Command: quartus_map --read_settings_files=on --write_settings_files=off Kmeans_CalcCentroidModule -c Kmeans_CalcCentroidModule
Warning (18236): Number of processors has not been specified which may cause overloading on shared machines.  Set the global assignment NUM_PARALLEL_PROCESSORS in your QSF to an appropriate value for best performance.
Info (20030): Parallel compilation is enabled and will use 8 of the 8 processors detected
Info (12021): Found 2 design units, including 1 entities, in source file /home/lucas/Documentos/Kmeans/Testes/Kmeans_Processador/Kmeans_ControlCalcCentroid/Kmeans_ControlCalcCentroid.vhd
    Info (12022): Found design unit 1: Kmeans_ControlCalcCentroid-arch File: /home/lucas/Documentos/Kmeans/Testes/Kmeans_Processador/Kmeans_ControlCalcCentroid/Kmeans_ControlCalcCentroid.vhd Line: 55
    Info (12023): Found entity 1: Kmeans_ControlCalcCentroid File: /home/lucas/Documentos/Kmeans/Testes/Kmeans_Processador/Kmeans_ControlCalcCentroid/Kmeans_ControlCalcCentroid.vhd Line: 14
Info (12021): Found 2 design units, including 1 entities, in source file SumCentroidValues.vhd
    Info (12022): Found design unit 1: SumCentroidValues-arch File: /home/lucas/Documentos/Kmeans/Testes/Kmeans_Processador/Kmeans_CalcCentroidModule/SumCentroidValues.vhd Line: 27
    Info (12023): Found entity 1: SumCentroidValues File: /home/lucas/Documentos/Kmeans/Testes/Kmeans_Processador/Kmeans_CalcCentroidModule/SumCentroidValues.vhd Line: 14
Info (12021): Found 1 design units, including 1 entities, in source file Kmeans_CalcCentroidModule.bdf
    Info (12023): Found entity 1: Kmeans_CalcCentroidModule
Info (12021): Found 2 design units, including 1 entities, in source file Divider.vhd
    Info (12022): Found design unit 1: divider-SYN File: /home/lucas/Documentos/Kmeans/Testes/Kmeans_Processador/Kmeans_CalcCentroidModule/Divider.vhd Line: 53
    Info (12023): Found entity 1: Divider File: /home/lucas/Documentos/Kmeans/Testes/Kmeans_Processador/Kmeans_CalcCentroidModule/Divider.vhd Line: 42
Info (12021): Found 2 design units, including 1 entities, in source file DivValueFinal.vhd
    Info (12022): Found design unit 1: DivValueFinal-arch File: /home/lucas/Documentos/Kmeans/Testes/Kmeans_Processador/Kmeans_CalcCentroidModule/DivValueFinal.vhd Line: 24
    Info (12023): Found entity 1: DivValueFinal File: /home/lucas/Documentos/Kmeans/Testes/Kmeans_Processador/Kmeans_CalcCentroidModule/DivValueFinal.vhd Line: 13
Info (12127): Elaborating entity "Kmeans_CalcCentroidModule" for the top level hierarchy
Info (12128): Elaborating entity "Kmeans_ControlCalcCentroid" for hierarchy "Kmeans_ControlCalcCentroid:inst3"
Info (12128): Elaborating entity "SumCentroidValues" for hierarchy "SumCentroidValues:inst"
Info (12128): Elaborating entity "DivValueFinal" for hierarchy "DivValueFinal:inst4"
Info (12128): Elaborating entity "Divider" for hierarchy "Divider:inst1"
Info (12128): Elaborating entity "lpm_divide" for hierarchy "Divider:inst1|lpm_divide:lpm_divide_component" File: /home/lucas/Documentos/Kmeans/Testes/Kmeans_Processador/Kmeans_CalcCentroidModule/Divider.vhd Line: 81
Info (12130): Elaborated megafunction instantiation "Divider:inst1|lpm_divide:lpm_divide_component" File: /home/lucas/Documentos/Kmeans/Testes/Kmeans_Processador/Kmeans_CalcCentroidModule/Divider.vhd Line: 81
Info (12133): Instantiated megafunction "Divider:inst1|lpm_divide:lpm_divide_component" with the following parameter: File: /home/lucas/Documentos/Kmeans/Testes/Kmeans_Processador/Kmeans_CalcCentroidModule/Divider.vhd Line: 81
    Info (12134): Parameter "lpm_drepresentation" = "UNSIGNED"
    Info (12134): Parameter "lpm_hint" = "LPM_REMAINDERPOSITIVE=TRUE"
    Info (12134): Parameter "lpm_nrepresentation" = "UNSIGNED"
    Info (12134): Parameter "lpm_type" = "LPM_DIVIDE"
    Info (12134): Parameter "lpm_widthd" = "32"
    Info (12134): Parameter "lpm_widthn" = "32"
Info (12021): Found 1 design units, including 1 entities, in source file db/lpm_divide_q6q.tdf
    Info (12023): Found entity 1: lpm_divide_q6q File: /home/lucas/Documentos/Kmeans/Testes/Kmeans_Processador/Kmeans_CalcCentroidModule/db/lpm_divide_q6q.tdf Line: 25
Info (12128): Elaborating entity "lpm_divide_q6q" for hierarchy "Divider:inst1|lpm_divide:lpm_divide_component|lpm_divide_q6q:auto_generated" File: /home/lucas/intelFPGA_lite/16.1/quartus/libraries/megafunctions/lpm_divide.tdf Line: 148
Info (12021): Found 1 design units, including 1 entities, in source file db/sign_div_unsign_9nh.tdf
    Info (12023): Found entity 1: sign_div_unsign_9nh File: /home/lucas/Documentos/Kmeans/Testes/Kmeans_Processador/Kmeans_CalcCentroidModule/db/sign_div_unsign_9nh.tdf Line: 25
Info (12128): Elaborating entity "sign_div_unsign_9nh" for hierarchy "Divider:inst1|lpm_divide:lpm_divide_component|lpm_divide_q6q:auto_generated|sign_div_unsign_9nh:divider" File: /home/lucas/Documentos/Kmeans/Testes/Kmeans_Processador/Kmeans_CalcCentroidModule/db/lpm_divide_q6q.tdf Line: 33
Info (12021): Found 1 design units, including 1 entities, in source file db/alt_u_div_0ef.tdf
    Info (12023): Found entity 1: alt_u_div_0ef File: /home/lucas/Documentos/Kmeans/Testes/Kmeans_Processador/Kmeans_CalcCentroidModule/db/alt_u_div_0ef.tdf Line: 27
Info (12128): Elaborating entity "alt_u_div_0ef" for hierarchy "Divider:inst1|lpm_divide:lpm_divide_component|lpm_divide_q6q:auto_generated|sign_div_unsign_9nh:divider|alt_u_div_0ef:divider" File: /home/lucas/Documentos/Kmeans/Testes/Kmeans_Processador/Kmeans_CalcCentroidModule/db/sign_div_unsign_9nh.tdf Line: 33
Info (12021): Found 1 design units, including 1 entities, in source file db/add_sub_1tc.tdf
    Info (12023): Found entity 1: add_sub_1tc File: /home/lucas/Documentos/Kmeans/Testes/Kmeans_Processador/Kmeans_CalcCentroidModule/db/add_sub_1tc.tdf Line: 23
Info (12128): Elaborating entity "add_sub_1tc" for hierarchy "Divider:inst1|lpm_divide:lpm_divide_component|lpm_divide_q6q:auto_generated|sign_div_unsign_9nh:divider|alt_u_div_0ef:divider|add_sub_1tc:add_sub_0" File: /home/lucas/Documentos/Kmeans/Testes/Kmeans_Processador/Kmeans_CalcCentroidModule/db/alt_u_div_0ef.tdf Line: 35
Info (12021): Found 1 design units, including 1 entities, in source file db/add_sub_2tc.tdf
    Info (12023): Found entity 1: add_sub_2tc File: /home/lucas/Documentos/Kmeans/Testes/Kmeans_Processador/Kmeans_CalcCentroidModule/db/add_sub_2tc.tdf Line: 23
Info (12128): Elaborating entity "add_sub_2tc" for hierarchy "Divider:inst1|lpm_divide:lpm_divide_component|lpm_divide_q6q:auto_generated|sign_div_unsign_9nh:divider|alt_u_div_0ef:divider|add_sub_2tc:add_sub_1" File: /home/lucas/Documentos/Kmeans/Testes/Kmeans_Processador/Kmeans_CalcCentroidModule/db/alt_u_div_0ef.tdf Line: 36
Info (278001): Inferred 2 megafunctions from design logic
    Info (278003): Inferred multiplier megafunction ("lpm_mult") from the following logic: "Kmeans_ControlCalcCentroid:inst3|Mult0" File: /home/lucas/intelFPGA_lite/16.1/quartus/libraries/vhdl/synopsys/ieee/syn_arit.vhd Line: 687
    Info (278003): Inferred multiplier megafunction ("lpm_mult") from the following logic: "Kmeans_ControlCalcCentroid:inst3|Mult1" File: /home/lucas/intelFPGA_lite/16.1/quartus/libraries/vhdl/synopsys/ieee/syn_arit.vhd Line: 687
Info (12130): Elaborated megafunction instantiation "Kmeans_ControlCalcCentroid:inst3|lpm_mult:Mult0" File: /home/lucas/intelFPGA_lite/16.1/quartus/libraries/vhdl/synopsys/ieee/syn_arit.vhd Line: 687
Info (12133): Instantiated megafunction "Kmeans_ControlCalcCentroid:inst3|lpm_mult:Mult0" with the following parameter: File: /home/lucas/intelFPGA_lite/16.1/quartus/libraries/vhdl/synopsys/ieee/syn_arit.vhd Line: 687
    Info (12134): Parameter "LPM_WIDTHA" = "3"
    Info (12134): Parameter "LPM_WIDTHB" = "14"
    Info (12134): Parameter "LPM_WIDTHP" = "17"
    Info (12134): Parameter "LPM_WIDTHR" = "17"
    Info (12134): Parameter "LPM_WIDTHS" = "1"
    Info (12134): Parameter "LPM_REPRESENTATION" = "UNSIGNED"
    Info (12134): Parameter "INPUT_A_IS_CONSTANT" = "NO"
    Info (12134): Parameter "INPUT_B_IS_CONSTANT" = "NO"
    Info (12134): Parameter "MAXIMIZE_SPEED" = "5"
Info (12131): Elaborated megafunction instantiation "Kmeans_ControlCalcCentroid:inst3|lpm_mult:Mult0|multcore:mult_core", which is child of megafunction instantiation "Kmeans_ControlCalcCentroid:inst3|lpm_mult:Mult0" File: /home/lucas/intelFPGA_lite/16.1/quartus/libraries/megafunctions/lpm_mult.tdf Line: 324
Info (12131): Elaborated megafunction instantiation "Kmeans_ControlCalcCentroid:inst3|lpm_mult:Mult0|multcore:mult_core|mpar_add:padder", which is child of megafunction instantiation "Kmeans_ControlCalcCentroid:inst3|lpm_mult:Mult0" File: /home/lucas/intelFPGA_lite/16.1/quartus/libraries/megafunctions/multcore.tdf Line: 283
Info (12131): Elaborated megafunction instantiation "Kmeans_ControlCalcCentroid:inst3|lpm_mult:Mult0|multcore:mult_core|mpar_add:padder|lpm_add_sub:adder[0]", which is child of megafunction instantiation "Kmeans_ControlCalcCentroid:inst3|lpm_mult:Mult0" File: /home/lucas/intelFPGA_lite/16.1/quartus/libraries/megafunctions/mpar_add.tdf Line: 78
Info (12021): Found 1 design units, including 1 entities, in source file db/add_sub_ugh.tdf
    Info (12023): Found entity 1: add_sub_ugh File: /home/lucas/Documentos/Kmeans/Testes/Kmeans_Processador/Kmeans_CalcCentroidModule/db/add_sub_ugh.tdf Line: 23
Info (12131): Elaborated megafunction instantiation "Kmeans_ControlCalcCentroid:inst3|lpm_mult:Mult0|multcore:mult_core|mpar_add:padder|mpar_add:sub_par_add", which is child of megafunction instantiation "Kmeans_ControlCalcCentroid:inst3|lpm_mult:Mult0" File: /home/lucas/intelFPGA_lite/16.1/quartus/libraries/megafunctions/mpar_add.tdf Line: 138
Info (12131): Elaborated megafunction instantiation "Kmeans_ControlCalcCentroid:inst3|lpm_mult:Mult0|multcore:mult_core|mpar_add:padder|mpar_add:sub_par_add|lpm_add_sub:adder[0]", which is child of megafunction instantiation "Kmeans_ControlCalcCentroid:inst3|lpm_mult:Mult0" File: /home/lucas/intelFPGA_lite/16.1/quartus/libraries/megafunctions/mpar_add.tdf Line: 78
Info (12021): Found 1 design units, including 1 entities, in source file db/add_sub_vgh.tdf
    Info (12023): Found entity 1: add_sub_vgh File: /home/lucas/Documentos/Kmeans/Testes/Kmeans_Processador/Kmeans_CalcCentroidModule/db/add_sub_vgh.tdf Line: 23
Info (12131): Elaborated megafunction instantiation "Kmeans_ControlCalcCentroid:inst3|lpm_mult:Mult0|altshift:external_latency_ffs", which is child of megafunction instantiation "Kmeans_ControlCalcCentroid:inst3|lpm_mult:Mult0" File: /home/lucas/intelFPGA_lite/16.1/quartus/libraries/megafunctions/lpm_mult.tdf Line: 352
Info (12130): Elaborated megafunction instantiation "Kmeans_ControlCalcCentroid:inst3|lpm_mult:Mult1" File: /home/lucas/intelFPGA_lite/16.1/quartus/libraries/vhdl/synopsys/ieee/syn_arit.vhd Line: 687
Info (12133): Instantiated megafunction "Kmeans_ControlCalcCentroid:inst3|lpm_mult:Mult1" with the following parameter: File: /home/lucas/intelFPGA_lite/16.1/quartus/libraries/vhdl/synopsys/ieee/syn_arit.vhd Line: 687
    Info (12134): Parameter "LPM_WIDTHA" = "3"
    Info (12134): Parameter "LPM_WIDTHB" = "10"
    Info (12134): Parameter "LPM_WIDTHP" = "13"
    Info (12134): Parameter "LPM_WIDTHR" = "13"
    Info (12134): Parameter "LPM_WIDTHS" = "1"
    Info (12134): Parameter "LPM_REPRESENTATION" = "UNSIGNED"
    Info (12134): Parameter "INPUT_A_IS_CONSTANT" = "NO"
    Info (12134): Parameter "INPUT_B_IS_CONSTANT" = "NO"
    Info (12134): Parameter "MAXIMIZE_SPEED" = "6"
Info (12131): Elaborated megafunction instantiation "Kmeans_ControlCalcCentroid:inst3|lpm_mult:Mult1|multcore:mult_core", which is child of megafunction instantiation "Kmeans_ControlCalcCentroid:inst3|lpm_mult:Mult1" File: /home/lucas/intelFPGA_lite/16.1/quartus/libraries/megafunctions/lpm_mult.tdf Line: 324
Info (12131): Elaborated megafunction instantiation "Kmeans_ControlCalcCentroid:inst3|lpm_mult:Mult1|multcore:mult_core|mpar_add:padder", which is child of megafunction instantiation "Kmeans_ControlCalcCentroid:inst3|lpm_mult:Mult1" File: /home/lucas/intelFPGA_lite/16.1/quartus/libraries/megafunctions/multcore.tdf Line: 283
Info (12131): Elaborated megafunction instantiation "Kmeans_ControlCalcCentroid:inst3|lpm_mult:Mult1|multcore:mult_core|mpar_add:padder|lpm_add_sub:adder[0]", which is child of megafunction instantiation "Kmeans_ControlCalcCentroid:inst3|lpm_mult:Mult1" File: /home/lucas/intelFPGA_lite/16.1/quartus/libraries/megafunctions/mpar_add.tdf Line: 78
Info (12021): Found 1 design units, including 1 entities, in source file db/add_sub_qgh.tdf
    Info (12023): Found entity 1: add_sub_qgh File: /home/lucas/Documentos/Kmeans/Testes/Kmeans_Processador/Kmeans_CalcCentroidModule/db/add_sub_qgh.tdf Line: 23
Info (12131): Elaborated megafunction instantiation "Kmeans_ControlCalcCentroid:inst3|lpm_mult:Mult1|multcore:mult_core|mpar_add:padder|mpar_add:sub_par_add", which is child of megafunction instantiation "Kmeans_ControlCalcCentroid:inst3|lpm_mult:Mult1" File: /home/lucas/intelFPGA_lite/16.1/quartus/libraries/megafunctions/mpar_add.tdf Line: 138
Info (12131): Elaborated megafunction instantiation "Kmeans_ControlCalcCentroid:inst3|lpm_mult:Mult1|multcore:mult_core|mpar_add:padder|mpar_add:sub_par_add|lpm_add_sub:adder[0]", which is child of megafunction instantiation "Kmeans_ControlCalcCentroid:inst3|lpm_mult:Mult1" File: /home/lucas/intelFPGA_lite/16.1/quartus/libraries/megafunctions/mpar_add.tdf Line: 78
Info (12021): Found 1 design units, including 1 entities, in source file db/add_sub_rgh.tdf
    Info (12023): Found entity 1: add_sub_rgh File: /home/lucas/Documentos/Kmeans/Testes/Kmeans_Processador/Kmeans_CalcCentroidModule/db/add_sub_rgh.tdf Line: 23
Info (12131): Elaborated megafunction instantiation "Kmeans_ControlCalcCentroid:inst3|lpm_mult:Mult1|altshift:external_latency_ffs", which is child of megafunction instantiation "Kmeans_ControlCalcCentroid:inst3|lpm_mult:Mult1" File: /home/lucas/intelFPGA_lite/16.1/quartus/libraries/megafunctions/lpm_mult.tdf Line: 352
Warning (14284): Synthesized away the following node(s):
    Warning (14285): Synthesized away the following LCELL buffer node(s):
        Warning (14320): Synthesized away node "Kmeans_ControlCalcCentroid:inst3|lpm_mult:Mult0|multcore:mult_core|decoder_node[2][13]" File: /home/lucas/intelFPGA_lite/16.1/quartus/libraries/megafunctions/multcore.tdf Line: 252
        Warning (14320): Synthesized away node "Kmeans_ControlCalcCentroid:inst3|lpm_mult:Mult0|multcore:mult_core|decoder_node[2][12]" File: /home/lucas/intelFPGA_lite/16.1/quartus/libraries/megafunctions/multcore.tdf Line: 252
        Warning (14320): Synthesized away node "Kmeans_ControlCalcCentroid:inst3|lpm_mult:Mult0|multcore:mult_core|decoder_node[1][13]" File: /home/lucas/intelFPGA_lite/16.1/quartus/libraries/megafunctions/multcore.tdf Line: 252
Warning (13024): Output pins are stuck at VCC or GND
    Warning (13410): Pin "wr_RamB" is stuck at GND
    Warning (13410): Pin "nex_state[3]" is stuck at GND
    Warning (13410): Pin "nex_state[2]" is stuck at VCC
Info (286030): Timing-Driven Synthesis is running
Info (16010): Generating hard_block partition "hard_block:auto_generated_inst"
    Info (16011): Adding 0 node(s), including 0 DDIO, 0 PLL, 0 transceiver and 0 LCELL
Warning (21074): Design contains 6 input pin(s) that do not drive logic
    Warning (15610): No output dependent on input pin "valueMap[9]"
    Warning (15610): No output dependent on input pin "valueMap[8]"
    Warning (15610): No output dependent on input pin "valueMap[7]"
    Warning (15610): No output dependent on input pin "valueMap[6]"
    Warning (15610): No output dependent on input pin "valueMap[5]"
    Warning (15610): No output dependent on input pin "valueMap[4]"
Info (21057): Implemented 5075 device resources after synthesis - the final resource count might be different
    Info (21058): Implemented 119 input pins
    Info (21059): Implemented 102 output pins
    Info (21061): Implemented 4854 logic cells
Info: Quartus Prime Analysis & Synthesis was successful. 0 errors, 17 warnings
    Info: Peak virtual memory: 1158 megabytes
    Info: Processing ended: Tue Jun 13 11:34:55 2017
    Info: Elapsed time: 00:00:27
    Info: Total CPU time (on all processors): 00:00:48


