Analysis & Synthesis report for Kmeans_CalcMap
Thu Apr  6 13:57:41 2017
Quartus Prime Version 16.1.0 Build 196 10/24/2016 SJ Lite Edition


---------------------
; Table of Contents ;
---------------------
  1. Legal Notice
  2. Analysis & Synthesis Summary
  3. Analysis & Synthesis Settings
  4. Parallel Compilation
  5. Analysis & Synthesis Source Files Read
  6. Analysis & Synthesis Resource Usage Summary
  7. Analysis & Synthesis Resource Utilization by Entity
  8. Analysis & Synthesis DSP Block Usage Summary
  9. Analysis & Synthesis IP Cores Summary
 10. General Register Statistics
 11. Parameter Settings for User Entity Instance: ShiftReg:inst1|lpm_shiftreg:lpm_shiftreg_component
 12. Parameter Settings for User Entity Instance: CalcMinDistance:inst
 13. Parameter Settings for Inferred Entity Instance: CalcMinDistance:inst|lpm_mult:Mult1
 14. Parameter Settings for Inferred Entity Instance: CalcMinDistance:inst|lpm_mult:Mult0
 15. lpm_shiftreg Parameter Settings by Entity Instance
 16. lpm_mult Parameter Settings by Entity Instance
 17. Post-Synthesis Netlist Statistics for Top Partition
 18. Elapsed Time Per Partition
 19. Analysis & Synthesis Messages



----------------
; Legal Notice ;
----------------
Copyright (C) 2016  Intel Corporation. All rights reserved.
Your use of Intel Corporation's design tools, logic functions 
and other software and tools, and its AMPP partner logic 
functions, and any output files from any of the foregoing 
(including device programming or simulation files), and any 
associated documentation or information are expressly subject 
to the terms and conditions of the Intel Program License 
Subscription Agreement, the Intel Quartus Prime License Agreement,
the Intel MegaCore Function License Agreement, or other 
applicable license agreement, including, without limitation, 
that your use is for the sole purpose of programming logic 
devices manufactured by Intel and sold by Intel or its 
authorized distributors.  Please refer to the applicable 
agreement for further details.



+----------------------------------------------------------------------------------+
; Analysis & Synthesis Summary                                                     ;
+------------------------------------+---------------------------------------------+
; Analysis & Synthesis Status        ; Successful - Thu Apr  6 13:57:41 2017       ;
; Quartus Prime Version              ; 16.1.0 Build 196 10/24/2016 SJ Lite Edition ;
; Revision Name                      ; Kmeans_CalcMap                              ;
; Top-level Entity Name              ; Kmeans_CalcMap                              ;
; Family                             ; Cyclone IV GX                               ;
; Total logic elements               ; 673                                         ;
;     Total combinational functions  ; 442                                         ;
;     Dedicated logic registers      ; 453                                         ;
; Total registers                    ; 453                                         ;
; Total pins                         ; 260                                         ;
; Total virtual pins                 ; 0                                           ;
; Total memory bits                  ; 0                                           ;
; Embedded Multiplier 9-bit elements ; 16                                          ;
; Total GXB Receiver Channel PCS     ; 0                                           ;
; Total GXB Receiver Channel PMA     ; 0                                           ;
; Total GXB Transmitter Channel PCS  ; 0                                           ;
; Total GXB Transmitter Channel PMA  ; 0                                           ;
; Total PLLs                         ; 0                                           ;
+------------------------------------+---------------------------------------------+


+----------------------------------------------------------------------------------------------------------------------+
; Analysis & Synthesis Settings                                                                                        ;
+----------------------------------------------------------------------------+--------------------+--------------------+
; Option                                                                     ; Setting            ; Default Value      ;
+----------------------------------------------------------------------------+--------------------+--------------------+
; Device                                                                     ; EP4CGX150DF31I7    ;                    ;
; Top-level entity name                                                      ; Kmeans_CalcMap     ; Kmeans_CalcMap     ;
; Family name                                                                ; Cyclone IV GX      ; Cyclone IV GX      ;
; Use smart compilation                                                      ; Off                ; Off                ;
; Enable parallel Assembler and TimeQuest Timing Analyzer during compilation ; On                 ; On                 ;
; Enable compact report table                                                ; Off                ; Off                ;
; Restructure Multiplexers                                                   ; Auto               ; Auto               ;
; Create Debugging Nodes for IP Cores                                        ; Off                ; Off                ;
; Preserve fewer node names                                                  ; On                 ; On                 ;
; OpenCore Plus hardware evaluation                                          ; Enable             ; Enable             ;
; Verilog Version                                                            ; Verilog_2001       ; Verilog_2001       ;
; VHDL Version                                                               ; VHDL_1993          ; VHDL_1993          ;
; State Machine Processing                                                   ; Auto               ; Auto               ;
; Safe State Machine                                                         ; Off                ; Off                ;
; Extract Verilog State Machines                                             ; On                 ; On                 ;
; Extract VHDL State Machines                                                ; On                 ; On                 ;
; Ignore Verilog initial constructs                                          ; Off                ; Off                ;
; Iteration limit for constant Verilog loops                                 ; 5000               ; 5000               ;
; Iteration limit for non-constant Verilog loops                             ; 250                ; 250                ;
; Add Pass-Through Logic to Inferred RAMs                                    ; On                 ; On                 ;
; Infer RAMs from Raw Logic                                                  ; On                 ; On                 ;
; Parallel Synthesis                                                         ; On                 ; On                 ;
; DSP Block Balancing                                                        ; Auto               ; Auto               ;
; NOT Gate Push-Back                                                         ; On                 ; On                 ;
; Power-Up Don't Care                                                        ; On                 ; On                 ;
; Remove Redundant Logic Cells                                               ; Off                ; Off                ;
; Remove Duplicate Registers                                                 ; On                 ; On                 ;
; Ignore CARRY Buffers                                                       ; Off                ; Off                ;
; Ignore CASCADE Buffers                                                     ; Off                ; Off                ;
; Ignore GLOBAL Buffers                                                      ; Off                ; Off                ;
; Ignore ROW GLOBAL Buffers                                                  ; Off                ; Off                ;
; Ignore LCELL Buffers                                                       ; Off                ; Off                ;
; Ignore SOFT Buffers                                                        ; On                 ; On                 ;
; Limit AHDL Integers to 32 Bits                                             ; Off                ; Off                ;
; Optimization Technique                                                     ; Balanced           ; Balanced           ;
; Carry Chain Length                                                         ; 70                 ; 70                 ;
; Auto Carry Chains                                                          ; On                 ; On                 ;
; Auto Open-Drain Pins                                                       ; On                 ; On                 ;
; Perform WYSIWYG Primitive Resynthesis                                      ; Off                ; Off                ;
; Auto ROM Replacement                                                       ; On                 ; On                 ;
; Auto RAM Replacement                                                       ; On                 ; On                 ;
; Auto DSP Block Replacement                                                 ; On                 ; On                 ;
; Auto Shift Register Replacement                                            ; Auto               ; Auto               ;
; Allow Shift Register Merging across Hierarchies                            ; Auto               ; Auto               ;
; Auto Clock Enable Replacement                                              ; On                 ; On                 ;
; Strict RAM Replacement                                                     ; Off                ; Off                ;
; Allow Synchronous Control Signals                                          ; On                 ; On                 ;
; Force Use of Synchronous Clear Signals                                     ; Off                ; Off                ;
; Auto RAM Block Balancing                                                   ; On                 ; On                 ;
; Auto RAM to Logic Cell Conversion                                          ; Off                ; Off                ;
; Auto Resource Sharing                                                      ; Off                ; Off                ;
; Allow Any RAM Size For Recognition                                         ; Off                ; Off                ;
; Allow Any ROM Size For Recognition                                         ; Off                ; Off                ;
; Allow Any Shift Register Size For Recognition                              ; Off                ; Off                ;
; Use LogicLock Constraints during Resource Balancing                        ; On                 ; On                 ;
; Ignore translate_off and synthesis_off directives                          ; Off                ; Off                ;
; Timing-Driven Synthesis                                                    ; On                 ; On                 ;
; Report Parameter Settings                                                  ; On                 ; On                 ;
; Report Source Assignments                                                  ; On                 ; On                 ;
; Report Connectivity Checks                                                 ; On                 ; On                 ;
; Ignore Maximum Fan-Out Assignments                                         ; Off                ; Off                ;
; Synchronization Register Chain Length                                      ; 2                  ; 2                  ;
; PowerPlay Power Optimization During Synthesis                              ; Normal compilation ; Normal compilation ;
; HDL message level                                                          ; Level2             ; Level2             ;
; Suppress Register Optimization Related Messages                            ; Off                ; Off                ;
; Number of Removed Registers Reported in Synthesis Report                   ; 5000               ; 5000               ;
; Number of Swept Nodes Reported in Synthesis Report                         ; 5000               ; 5000               ;
; Number of Inverted Registers Reported in Synthesis Report                  ; 100                ; 100                ;
; Clock MUX Protection                                                       ; On                 ; On                 ;
; Auto Gated Clock Conversion                                                ; Off                ; Off                ;
; Block Design Naming                                                        ; Auto               ; Auto               ;
; SDC constraint protection                                                  ; Off                ; Off                ;
; Synthesis Effort                                                           ; Auto               ; Auto               ;
; Shift Register Replacement - Allow Asynchronous Clear Signal               ; On                 ; On                 ;
; Pre-Mapping Resynthesis Optimization                                       ; Off                ; Off                ;
; Analysis & Synthesis Message Level                                         ; Medium             ; Medium             ;
; Disable Register Merging Across Hierarchies                                ; Auto               ; Auto               ;
; Resource Aware Inference For Block RAM                                     ; On                 ; On                 ;
+----------------------------------------------------------------------------+--------------------+--------------------+


+------------------------------------------+
; Parallel Compilation                     ;
+----------------------------+-------------+
; Processors                 ; Number      ;
+----------------------------+-------------+
; Number detected on machine ; 12          ;
; Maximum allowed            ; 6           ;
;                            ;             ;
; Average used               ; 1.00        ;
; Maximum used               ; 6           ;
;                            ;             ;
; Usage by Processor         ; % Time Used ;
;     Processor 1            ; 100.0%      ;
;     Processor 2            ;   0.0%      ;
;     Processor 3            ;   0.0%      ;
;     Processor 4            ;   0.0%      ;
;     Processor 5            ;   0.0%      ;
;     Processor 6            ;   0.0%      ;
+----------------------------+-------------+


+-----------------------------------------------------------------------------------------------------------------------------------------------------------------------------------------------------------------------------+
; Analysis & Synthesis Source Files Read                                                                                                                                                                                      ;
+----------------------------------+-----------------+------------------------------------+-------------------------------------------------------------------------------------------------------------------------+---------+
; File Name with User-Entered Path ; Used in Netlist ; File Type                          ; File Name with Absolute Path                                                                                            ; Library ;
+----------------------------------+-----------------+------------------------------------+-------------------------------------------------------------------------------------------------------------------------+---------+
; ShiftReg.vhd                     ; yes             ; User Wizard-Generated File         ; /home/lucasandrade/Documents/Lucas/Int+Float-64 bits-16 dimensoes/Kmeans_Processador/Kmeans_CalcMap/ShiftReg.vhd        ;         ;
; CalcMinDistance.vhd              ; yes             ; User VHDL File                     ; /home/lucasandrade/Documents/Lucas/Int+Float-64 bits-16 dimensoes/Kmeans_Processador/Kmeans_CalcMap/CalcMinDistance.vhd ;         ;
; Kmeans_CalcMap.bdf               ; yes             ; User Block Diagram/Schematic File  ; /home/lucasandrade/Documents/Lucas/Int+Float-64 bits-16 dimensoes/Kmeans_Processador/Kmeans_CalcMap/Kmeans_CalcMap.bdf  ;         ;
; lpm_shiftreg.tdf                 ; yes             ; Megafunction                       ; /home/lucasandrade/intelFPGA_lite/16.1/quartus/libraries/megafunctions/lpm_shiftreg.tdf                                 ;         ;
; lpm_constant.inc                 ; yes             ; Megafunction                       ; /home/lucasandrade/intelFPGA_lite/16.1/quartus/libraries/megafunctions/lpm_constant.inc                                 ;         ;
; dffeea.inc                       ; yes             ; Megafunction                       ; /home/lucasandrade/intelFPGA_lite/16.1/quartus/libraries/megafunctions/dffeea.inc                                       ;         ;
; aglobal161.inc                   ; yes             ; Megafunction                       ; /home/lucasandrade/intelFPGA_lite/16.1/quartus/libraries/megafunctions/aglobal161.inc                                   ;         ;
; lpm_mult.tdf                     ; yes             ; Megafunction                       ; /home/lucasandrade/intelFPGA_lite/16.1/quartus/libraries/megafunctions/lpm_mult.tdf                                     ;         ;
; lpm_add_sub.inc                  ; yes             ; Megafunction                       ; /home/lucasandrade/intelFPGA_lite/16.1/quartus/libraries/megafunctions/lpm_add_sub.inc                                  ;         ;
; multcore.inc                     ; yes             ; Megafunction                       ; /home/lucasandrade/intelFPGA_lite/16.1/quartus/libraries/megafunctions/multcore.inc                                     ;         ;
; bypassff.inc                     ; yes             ; Megafunction                       ; /home/lucasandrade/intelFPGA_lite/16.1/quartus/libraries/megafunctions/bypassff.inc                                     ;         ;
; altshift.inc                     ; yes             ; Megafunction                       ; /home/lucasandrade/intelFPGA_lite/16.1/quartus/libraries/megafunctions/altshift.inc                                     ;         ;
; db/mult_u9t.tdf                  ; yes             ; Auto-Generated Megafunction        ; /home/lucasandrade/Documents/Lucas/Int+Float-64 bits-16 dimensoes/Kmeans_Processador/Kmeans_CalcMap/db/mult_u9t.tdf     ;         ;
+----------------------------------+-----------------+------------------------------------+-------------------------------------------------------------------------------------------------------------------------+---------+


+---------------------------------------------+
; Analysis & Synthesis Resource Usage Summary ;
+--------------------------+------------------+
; Resource                 ; Usage            ;
+--------------------------+------------------+
; I/O pins                 ; 260              ;
;                          ;                  ;
; DSP block 9-bit elements ; 16               ;
;                          ;                  ;
; Maximum fan-out node     ; clk~input        ;
; Maximum fan-out          ; 453              ;
; Total fan-out            ; 3456             ;
; Average fan-out          ; 2.42             ;
+--------------------------+------------------+


+---------------------------------------------------------------------------------------------------------------------------------------------------------------------------------------------------------------------------------------------------------------------------------------------------+
; Analysis & Synthesis Resource Utilization by Entity                                                                                                                                                                                                                                               ;
+---------------------------------------------+---------------------+---------------------------+-------------+--------------+---------+-----------+-----------+------+--------------+-----------------------------------------------------------------------------+-----------------+--------------+
; Compilation Hierarchy Node                  ; Combinational ALUTs ; Dedicated Logic Registers ; Memory Bits ; DSP Elements ; DSP 9x9 ; DSP 18x18 ; DSP 36x36 ; Pins ; Virtual Pins ; Full Hierarchy Name                                                         ; Entity Name     ; Library Name ;
+---------------------------------------------+---------------------+---------------------------+-------------+--------------+---------+-----------+-----------+------+--------------+-----------------------------------------------------------------------------+-----------------+--------------+
; |Kmeans_CalcMap                             ; 442 (0)             ; 453 (0)                   ; 0           ; 16           ; 0       ; 8         ; 0         ; 260  ; 0            ; |Kmeans_CalcMap                                                             ; Kmeans_CalcMap  ; work         ;
;    |CalcMinDistance:inst|                   ; 442 (258)           ; 449 (449)                 ; 0           ; 16           ; 0       ; 8         ; 0         ; 0    ; 0            ; |Kmeans_CalcMap|CalcMinDistance:inst                                        ; CalcMinDistance ; work         ;
;       |lpm_mult:Mult0|                      ; 92 (0)              ; 0 (0)                     ; 0           ; 8            ; 0       ; 4         ; 0         ; 0    ; 0            ; |Kmeans_CalcMap|CalcMinDistance:inst|lpm_mult:Mult0                         ; lpm_mult        ; work         ;
;          |mult_u9t:auto_generated|          ; 92 (92)             ; 0 (0)                     ; 0           ; 8            ; 0       ; 4         ; 0         ; 0    ; 0            ; |Kmeans_CalcMap|CalcMinDistance:inst|lpm_mult:Mult0|mult_u9t:auto_generated ; mult_u9t        ; work         ;
;       |lpm_mult:Mult1|                      ; 92 (0)              ; 0 (0)                     ; 0           ; 8            ; 0       ; 4         ; 0         ; 0    ; 0            ; |Kmeans_CalcMap|CalcMinDistance:inst|lpm_mult:Mult1                         ; lpm_mult        ; work         ;
;          |mult_u9t:auto_generated|          ; 92 (92)             ; 0 (0)                     ; 0           ; 8            ; 0       ; 4         ; 0         ; 0    ; 0            ; |Kmeans_CalcMap|CalcMinDistance:inst|lpm_mult:Mult1|mult_u9t:auto_generated ; mult_u9t        ; work         ;
;    |ShiftReg:inst1|                         ; 0 (0)               ; 4 (0)                     ; 0           ; 0            ; 0       ; 0         ; 0         ; 0    ; 0            ; |Kmeans_CalcMap|ShiftReg:inst1                                              ; ShiftReg        ; work         ;
;       |lpm_shiftreg:lpm_shiftreg_component| ; 0 (0)               ; 4 (4)                     ; 0           ; 0            ; 0       ; 0         ; 0         ; 0    ; 0            ; |Kmeans_CalcMap|ShiftReg:inst1|lpm_shiftreg:lpm_shiftreg_component          ; lpm_shiftreg    ; work         ;
+---------------------------------------------+---------------------+---------------------------+-------------+--------------+---------+-----------+-----------+------+--------------+-----------------------------------------------------------------------------+-----------------+--------------+
Note: For table entries with two numbers listed, the numbers in parentheses indicate the number of resources of the given type used by the specific entity alone. The numbers listed outside of parentheses indicate the total resources of the given type used by the specific entity and all of its sub-entities in the hierarchy.


+-----------------------------------------------------+
; Analysis & Synthesis DSP Block Usage Summary        ;
+---------------------------------------+-------------+
; Statistic                             ; Number Used ;
+---------------------------------------+-------------+
; Simple Multipliers (9-bit)            ; 0           ;
; Simple Multipliers (18-bit)           ; 8           ;
; Simple Multipliers (36-bit)           ; 0           ;
; Multiply Accumulators (18-bit)        ; 0           ;
; Two-Multipliers Adders (9-bit)        ; 0           ;
; Two-Multipliers Adders (18-bit)       ; 0           ;
; Four-Multipliers Adders (9-bit)       ; 0           ;
; Four-Multipliers Adders (18-bit)      ; 0           ;
; Embedded Multiplier Blocks            ; --          ;
; Embedded Multiplier 9-bit elements    ; 16          ;
; Signed Embedded Multipliers           ; 2           ;
; Unsigned Embedded Multipliers         ; 2           ;
; Mixed Sign Embedded Multipliers       ; 4           ;
; Variable Sign Embedded Multipliers    ; 0           ;
; Dedicated Input Shift Register Chains ; 0           ;
+---------------------------------------+-------------+
Note: number of Embedded Multiplier Blocks used is only available after a successful fit.


+------------------------------------------------------------------------------------------------------------------+
; Analysis & Synthesis IP Cores Summary                                                                            ;
+--------+--------------+---------+--------------+--------------+--------------------------------+-----------------+
; Vendor ; IP Core Name ; Version ; Release Date ; License Type ; Entity Instance                ; IP Include File ;
+--------+--------------+---------+--------------+--------------+--------------------------------+-----------------+
; Altera ; LPM_SHIFTREG ; 9.1     ; N/A          ; N/A          ; |Kmeans_CalcMap|ShiftReg:inst1 ; ShiftReg.vhd    ;
+--------+--------------+---------+--------------+--------------+--------------------------------+-----------------+


+------------------------------------------------------+
; General Register Statistics                          ;
+----------------------------------------------+-------+
; Statistic                                    ; Value ;
+----------------------------------------------+-------+
; Total registers                              ; 453   ;
; Number of registers using Synchronous Clear  ; 0     ;
; Number of registers using Synchronous Load   ; 188   ;
; Number of registers using Asynchronous Clear ; 5     ;
; Number of registers using Asynchronous Load  ; 0     ;
; Number of registers using Clock Enable       ; 448   ;
; Number of registers using Preset             ; 0     ;
+----------------------------------------------+-------+


+-------------------------------------------------------------------------------------------------+
; Parameter Settings for User Entity Instance: ShiftReg:inst1|lpm_shiftreg:lpm_shiftreg_component ;
+------------------------+---------------+--------------------------------------------------------+
; Parameter Name         ; Value         ; Type                                                   ;
+------------------------+---------------+--------------------------------------------------------+
; LPM_WIDTH              ; 4             ; Signed Integer                                         ;
; LPM_DIRECTION          ; LEFT          ; Untyped                                                ;
; LPM_AVALUE             ; UNUSED        ; Untyped                                                ;
; LPM_SVALUE             ; UNUSED        ; Untyped                                                ;
; DEVICE_FAMILY          ; Cyclone IV GX ; Untyped                                                ;
; AUTO_CARRY_CHAINS      ; ON            ; AUTO_CARRY                                             ;
; IGNORE_CARRY_BUFFERS   ; OFF           ; IGNORE_CARRY                                           ;
; AUTO_CASCADE_CHAINS    ; ON            ; AUTO_CASCADE                                           ;
; IGNORE_CASCADE_BUFFERS ; OFF           ; IGNORE_CASCADE                                         ;
+------------------------+---------------+--------------------------------------------------------+
Note: In order to hide this table in the UI and the text report file, please set the "Show Parameter Settings in Synthesis Report" option in "Analysis and Synthesis Settings -> More Settings" to "Off".


+-------------------------------------------------------------------+
; Parameter Settings for User Entity Instance: CalcMinDistance:inst ;
+------------------+-------+----------------------------------------+
; Parameter Name   ; Value ; Type                                   ;
+------------------+-------+----------------------------------------+
; palavra          ; 64    ; Signed Integer                         ;
; palavraxy        ; 32    ; Signed Integer                         ;
; tamanhosoma      ; 128   ; Signed Integer                         ;
; maxcentroidsbits ; 10    ; Signed Integer                         ;
+------------------+-------+----------------------------------------+
Note: In order to hide this table in the UI and the text report file, please set the "Show Parameter Settings in Synthesis Report" option in "Analysis and Synthesis Settings -> More Settings" to "Off".


+--------------------------------------------------------------------------------------+
; Parameter Settings for Inferred Entity Instance: CalcMinDistance:inst|lpm_mult:Mult1 ;
+------------------------------------------------+---------------+---------------------+
; Parameter Name                                 ; Value         ; Type                ;
+------------------------------------------------+---------------+---------------------+
; AUTO_CARRY_CHAINS                              ; ON            ; AUTO_CARRY          ;
; IGNORE_CARRY_BUFFERS                           ; OFF           ; IGNORE_CARRY        ;
; AUTO_CASCADE_CHAINS                            ; ON            ; AUTO_CASCADE        ;
; IGNORE_CASCADE_BUFFERS                         ; OFF           ; IGNORE_CASCADE      ;
; LPM_WIDTHA                                     ; 32            ; Untyped             ;
; LPM_WIDTHB                                     ; 32            ; Untyped             ;
; LPM_WIDTHP                                     ; 64            ; Untyped             ;
; LPM_WIDTHR                                     ; 64            ; Untyped             ;
; LPM_WIDTHS                                     ; 1             ; Untyped             ;
; LPM_REPRESENTATION                             ; SIGNED        ; Untyped             ;
; LPM_PIPELINE                                   ; 0             ; Untyped             ;
; LATENCY                                        ; 0             ; Untyped             ;
; INPUT_A_IS_CONSTANT                            ; NO            ; Untyped             ;
; INPUT_B_IS_CONSTANT                            ; NO            ; Untyped             ;
; USE_EAB                                        ; OFF           ; Untyped             ;
; MAXIMIZE_SPEED                                 ; 5             ; Untyped             ;
; DEVICE_FAMILY                                  ; Cyclone IV GX ; Untyped             ;
; CARRY_CHAIN                                    ; MANUAL        ; Untyped             ;
; APEX20K_TECHNOLOGY_MAPPER                      ; LUT           ; TECH_MAPPER_APEX20K ;
; DEDICATED_MULTIPLIER_CIRCUITRY                 ; AUTO          ; Untyped             ;
; DEDICATED_MULTIPLIER_MIN_INPUT_WIDTH_FOR_AUTO  ; 0             ; Untyped             ;
; DEDICATED_MULTIPLIER_MIN_OUTPUT_WIDTH_FOR_AUTO ; 0             ; Untyped             ;
; CBXI_PARAMETER                                 ; mult_u9t      ; Untyped             ;
; INPUT_A_FIXED_VALUE                            ; Bx            ; Untyped             ;
; INPUT_B_FIXED_VALUE                            ; Bx            ; Untyped             ;
; USE_AHDL_IMPLEMENTATION                        ; OFF           ; Untyped             ;
+------------------------------------------------+---------------+---------------------+
Note: In order to hide this table in the UI and the text report file, please set the "Show Parameter Settings in Synthesis Report" option in "Analysis and Synthesis Settings -> More Settings" to "Off".


+--------------------------------------------------------------------------------------+
; Parameter Settings for Inferred Entity Instance: CalcMinDistance:inst|lpm_mult:Mult0 ;
+------------------------------------------------+---------------+---------------------+
; Parameter Name                                 ; Value         ; Type                ;
+------------------------------------------------+---------------+---------------------+
; AUTO_CARRY_CHAINS                              ; ON            ; AUTO_CARRY          ;
; IGNORE_CARRY_BUFFERS                           ; OFF           ; IGNORE_CARRY        ;
; AUTO_CASCADE_CHAINS                            ; ON            ; AUTO_CASCADE        ;
; IGNORE_CASCADE_BUFFERS                         ; OFF           ; IGNORE_CASCADE      ;
; LPM_WIDTHA                                     ; 32            ; Untyped             ;
; LPM_WIDTHB                                     ; 32            ; Untyped             ;
; LPM_WIDTHP                                     ; 64            ; Untyped             ;
; LPM_WIDTHR                                     ; 64            ; Untyped             ;
; LPM_WIDTHS                                     ; 1             ; Untyped             ;
; LPM_REPRESENTATION                             ; SIGNED        ; Untyped             ;
; LPM_PIPELINE                                   ; 0             ; Untyped             ;
; LATENCY                                        ; 0             ; Untyped             ;
; INPUT_A_IS_CONSTANT                            ; NO            ; Untyped             ;
; INPUT_B_IS_CONSTANT                            ; NO            ; Untyped             ;
; USE_EAB                                        ; OFF           ; Untyped             ;
; MAXIMIZE_SPEED                                 ; 5             ; Untyped             ;
; DEVICE_FAMILY                                  ; Cyclone IV GX ; Untyped             ;
; CARRY_CHAIN                                    ; MANUAL        ; Untyped             ;
; APEX20K_TECHNOLOGY_MAPPER                      ; LUT           ; TECH_MAPPER_APEX20K ;
; DEDICATED_MULTIPLIER_CIRCUITRY                 ; AUTO          ; Untyped             ;
; DEDICATED_MULTIPLIER_MIN_INPUT_WIDTH_FOR_AUTO  ; 0             ; Untyped             ;
; DEDICATED_MULTIPLIER_MIN_OUTPUT_WIDTH_FOR_AUTO ; 0             ; Untyped             ;
; CBXI_PARAMETER                                 ; mult_u9t      ; Untyped             ;
; INPUT_A_FIXED_VALUE                            ; Bx            ; Untyped             ;
; INPUT_B_FIXED_VALUE                            ; Bx            ; Untyped             ;
; USE_AHDL_IMPLEMENTATION                        ; OFF           ; Untyped             ;
+------------------------------------------------+---------------+---------------------+
Note: In order to hide this table in the UI and the text report file, please set the "Show Parameter Settings in Synthesis Report" option in "Analysis and Synthesis Settings -> More Settings" to "Off".


+---------------------------------------------------------------------------------+
; lpm_shiftreg Parameter Settings by Entity Instance                              ;
+----------------------------+----------------------------------------------------+
; Name                       ; Value                                              ;
+----------------------------+----------------------------------------------------+
; Number of entity instances ; 1                                                  ;
; Entity Instance            ; ShiftReg:inst1|lpm_shiftreg:lpm_shiftreg_component ;
;     -- LPM_WIDTH           ; 4                                                  ;
;     -- LPM_DIRECTION       ; LEFT                                               ;
+----------------------------+----------------------------------------------------+


+-----------------------------------------------------------------------------+
; lpm_mult Parameter Settings by Entity Instance                              ;
+---------------------------------------+-------------------------------------+
; Name                                  ; Value                               ;
+---------------------------------------+-------------------------------------+
; Number of entity instances            ; 2                                   ;
; Entity Instance                       ; CalcMinDistance:inst|lpm_mult:Mult1 ;
;     -- LPM_WIDTHA                     ; 32                                  ;
;     -- LPM_WIDTHB                     ; 32                                  ;
;     -- LPM_WIDTHP                     ; 64                                  ;
;     -- LPM_REPRESENTATION             ; SIGNED                              ;
;     -- INPUT_A_IS_CONSTANT            ; NO                                  ;
;     -- INPUT_B_IS_CONSTANT            ; NO                                  ;
;     -- USE_EAB                        ; OFF                                 ;
;     -- DEDICATED_MULTIPLIER_CIRCUITRY ; AUTO                                ;
;     -- INPUT_A_FIXED_VALUE            ; Bx                                  ;
;     -- INPUT_B_FIXED_VALUE            ; Bx                                  ;
; Entity Instance                       ; CalcMinDistance:inst|lpm_mult:Mult0 ;
;     -- LPM_WIDTHA                     ; 32                                  ;
;     -- LPM_WIDTHB                     ; 32                                  ;
;     -- LPM_WIDTHP                     ; 64                                  ;
;     -- LPM_REPRESENTATION             ; SIGNED                              ;
;     -- INPUT_A_IS_CONSTANT            ; NO                                  ;
;     -- INPUT_B_IS_CONSTANT            ; NO                                  ;
;     -- USE_EAB                        ; OFF                                 ;
;     -- DEDICATED_MULTIPLIER_CIRCUITRY ; AUTO                                ;
;     -- INPUT_A_FIXED_VALUE            ; Bx                                  ;
;     -- INPUT_B_FIXED_VALUE            ; Bx                                  ;
+---------------------------------------+-------------------------------------+


+-----------------------------------------------------+
; Post-Synthesis Netlist Statistics for Top Partition ;
+-----------------------+-----------------------------+
; Type                  ; Count                       ;
+-----------------------+-----------------------------+
; boundary_port         ; 260                         ;
; cycloneiii_ff         ; 453                         ;
;     CLR               ; 5                           ;
;     ENA               ; 260                         ;
;     ENA SLD           ; 188                         ;
; cycloneiii_lcell_comb ; 442                         ;
;     arith             ; 429                         ;
;         2 data inputs ; 52                          ;
;         3 data inputs ; 377                         ;
;     normal            ; 13                          ;
;         0 data inputs ; 2                           ;
;         2 data inputs ; 11                          ;
; cycloneiii_mac_mult   ; 8                           ;
; cycloneiii_mac_out    ; 8                           ;
;                       ;                             ;
; Max LUT depth         ; 7.30                        ;
; Average LUT depth     ; 3.05                        ;
+-----------------------+-----------------------------+


+-------------------------------+
; Elapsed Time Per Partition    ;
+----------------+--------------+
; Partition Name ; Elapsed Time ;
+----------------+--------------+
; Top            ; 00:00:02     ;
+----------------+--------------+


+-------------------------------+
; Analysis & Synthesis Messages ;
+-------------------------------+
Info: *******************************************************************
Info: Running Quartus Prime Analysis & Synthesis
    Info: Version 16.1.0 Build 196 10/24/2016 SJ Lite Edition
    Info: Processing started: Thu Apr  6 13:57:22 2017
Info: Command: quartus_map --read_settings_files=on --write_settings_files=off Kmeans_CalcMap -c Kmeans_CalcMap
Warning (18236): Number of processors has not been specified which may cause overloading on shared machines.  Set the global assignment NUM_PARALLEL_PROCESSORS in your QSF to an appropriate value for best performance.
Info (20030): Parallel compilation is enabled and will use 6 of the 6 processors detected
Info (12021): Found 2 design units, including 1 entities, in source file ShiftReg.vhd
    Info (12022): Found design unit 1: shiftreg-SYN File: /home/lucasandrade/Documents/Lucas/Int+Float-64 bits-16 dimensoes/Kmeans_Processador/Kmeans_CalcMap/ShiftReg.vhd Line: 53
    Info (12023): Found entity 1: ShiftReg File: /home/lucasandrade/Documents/Lucas/Int+Float-64 bits-16 dimensoes/Kmeans_Processador/Kmeans_CalcMap/ShiftReg.vhd Line: 42
Info (12021): Found 2 design units, including 1 entities, in source file CalcMinDistance.vhd
    Info (12022): Found design unit 1: CalcMinDistance-arch File: /home/lucasandrade/Documents/Lucas/Int+Float-64 bits-16 dimensoes/Kmeans_Processador/Kmeans_CalcMap/CalcMinDistance.vhd Line: 35
    Info (12023): Found entity 1: CalcMinDistance File: /home/lucasandrade/Documents/Lucas/Int+Float-64 bits-16 dimensoes/Kmeans_Processador/Kmeans_CalcMap/CalcMinDistance.vhd Line: 14
Info (12021): Found 1 design units, including 1 entities, in source file Kmeans_CalcMap.bdf
    Info (12023): Found entity 1: Kmeans_CalcMap
Info (12127): Elaborating entity "Kmeans_CalcMap" for the top level hierarchy
Info (12128): Elaborating entity "ShiftReg" for hierarchy "ShiftReg:inst1"
Info (12128): Elaborating entity "lpm_shiftreg" for hierarchy "ShiftReg:inst1|lpm_shiftreg:lpm_shiftreg_component" File: /home/lucasandrade/Documents/Lucas/Int+Float-64 bits-16 dimensoes/Kmeans_Processador/Kmeans_CalcMap/ShiftReg.vhd Line: 76
Info (12130): Elaborated megafunction instantiation "ShiftReg:inst1|lpm_shiftreg:lpm_shiftreg_component" File: /home/lucasandrade/Documents/Lucas/Int+Float-64 bits-16 dimensoes/Kmeans_Processador/Kmeans_CalcMap/ShiftReg.vhd Line: 76
Info (12133): Instantiated megafunction "ShiftReg:inst1|lpm_shiftreg:lpm_shiftreg_component" with the following parameter: File: /home/lucasandrade/Documents/Lucas/Int+Float-64 bits-16 dimensoes/Kmeans_Processador/Kmeans_CalcMap/ShiftReg.vhd Line: 76
    Info (12134): Parameter "lpm_direction" = "LEFT"
    Info (12134): Parameter "lpm_type" = "LPM_SHIFTREG"
    Info (12134): Parameter "lpm_width" = "4"
Info (12128): Elaborating entity "CalcMinDistance" for hierarchy "CalcMinDistance:inst"
Info (278001): Inferred 2 megafunctions from design logic
    Info (278003): Inferred multiplier megafunction ("lpm_mult") from the following logic: "CalcMinDistance:inst|Mult1" File: /home/lucasandrade/Documents/Lucas/Int+Float-64 bits-16 dimensoes/Kmeans_Processador/Kmeans_CalcMap/CalcMinDistance.vhd Line: 86
    Info (278003): Inferred multiplier megafunction ("lpm_mult") from the following logic: "CalcMinDistance:inst|Mult0" File: /home/lucasandrade/Documents/Lucas/Int+Float-64 bits-16 dimensoes/Kmeans_Processador/Kmeans_CalcMap/CalcMinDistance.vhd Line: 80
Info (12130): Elaborated megafunction instantiation "CalcMinDistance:inst|lpm_mult:Mult1" File: /home/lucasandrade/Documents/Lucas/Int+Float-64 bits-16 dimensoes/Kmeans_Processador/Kmeans_CalcMap/CalcMinDistance.vhd Line: 86
Info (12133): Instantiated megafunction "CalcMinDistance:inst|lpm_mult:Mult1" with the following parameter: File: /home/lucasandrade/Documents/Lucas/Int+Float-64 bits-16 dimensoes/Kmeans_Processador/Kmeans_CalcMap/CalcMinDistance.vhd Line: 86
    Info (12134): Parameter "LPM_WIDTHA" = "32"
    Info (12134): Parameter "LPM_WIDTHB" = "32"
    Info (12134): Parameter "LPM_WIDTHP" = "64"
    Info (12134): Parameter "LPM_WIDTHR" = "64"
    Info (12134): Parameter "LPM_WIDTHS" = "1"
    Info (12134): Parameter "LPM_REPRESENTATION" = "SIGNED"
    Info (12134): Parameter "INPUT_A_IS_CONSTANT" = "NO"
    Info (12134): Parameter "INPUT_B_IS_CONSTANT" = "NO"
    Info (12134): Parameter "MAXIMIZE_SPEED" = "5"
Info (12021): Found 1 design units, including 1 entities, in source file db/mult_u9t.tdf
    Info (12023): Found entity 1: mult_u9t File: /home/lucasandrade/Documents/Lucas/Int+Float-64 bits-16 dimensoes/Kmeans_Processador/Kmeans_CalcMap/db/mult_u9t.tdf Line: 31
Info (13014): Ignored 496 buffer(s)
    Info (13019): Ignored 496 SOFT buffer(s)
Info (286030): Timing-Driven Synthesis is running
Info (16010): Generating hard_block partition "hard_block:auto_generated_inst"
    Info (16011): Adding 0 node(s), including 0 DDIO, 0 PLL, 0 transceiver and 0 LCELL
Info (21057): Implemented 950 device resources after synthesis - the final resource count might be different
    Info (21058): Implemented 131 input pins
    Info (21059): Implemented 129 output pins
    Info (21061): Implemented 674 logic cells
    Info (21062): Implemented 16 DSP elements
Info: Quartus Prime Analysis & Synthesis was successful. 0 errors, 1 warning
    Info: Peak virtual memory: 1108 megabytes
    Info: Processing ended: Thu Apr  6 13:57:41 2017
    Info: Elapsed time: 00:00:19
    Info: Total CPU time (on all processors): 00:00:40


