Analysis & Synthesis report for Kmeans_DualRamMemory
Fri Jan 20 16:14:38 2017
Quartus II Version 9.1 Build 350 03/24/2010 Service Pack 2 SJ Web Edition


---------------------
; Table of Contents ;
---------------------
  1. Legal Notice
  2. Analysis & Synthesis Summary
  3. Analysis & Synthesis Settings
  4. Parallel Compilation
  5. Analysis & Synthesis Source Files Read
  6. Analysis & Synthesis Resource Usage Summary
  7. Analysis & Synthesis Resource Utilization by Entity
  8. Analysis & Synthesis RAM Summary
  9. General Register Statistics
 10. Source assignments for altsyncram:altsyncram_component|altsyncram_l5i2:auto_generated
 11. Parameter Settings for User Entity Instance: altsyncram:altsyncram_component
 12. altsyncram Parameter Settings by Entity Instance
 13. Analysis & Synthesis Messages



----------------
; Legal Notice ;
----------------
Copyright (C) 1991-2010 Altera Corporation
Your use of Altera Corporation's design tools, logic functions 
and other software and tools, and its AMPP partner logic 
functions, and any output files from any of the foregoing 
(including device programming or simulation files), and any 
associated documentation or information are expressly subject 
to the terms and conditions of the Altera Program License 
Subscription Agreement, Altera MegaCore Function License 
Agreement, or other applicable license agreement, including, 
without limitation, that your use is for the sole purpose of 
programming logic devices manufactured by Altera and sold by 
Altera or its authorized distributors.  Please refer to the 
applicable agreement for further details.



+-----------------------------------------------------------------------------------+
; Analysis & Synthesis Summary                                                      ;
+------------------------------------+----------------------------------------------+
; Analysis & Synthesis Status        ; Successful - Fri Jan 20 16:14:38 2017        ;
; Quartus II Version                 ; 9.1 Build 350 03/24/2010 SP 2 SJ Web Edition ;
; Revision Name                      ; Kmeans_DualRamMemory                         ;
; Top-level Entity Name              ; Kmeans_DualRamMemory                         ;
; Family                             ; Cyclone III                                  ;
; Total logic elements               ; 276                                          ;
;     Total combinational functions  ; 272                                          ;
;     Dedicated logic registers      ; 4                                            ;
; Total registers                    ; 4                                            ;
; Total pins                         ; 289                                          ;
; Total virtual pins                 ; 0                                            ;
; Total memory bits                  ; 2,097,152                                    ;
; Embedded Multiplier 9-bit elements ; 0                                            ;
; Total PLLs                         ; 0                                            ;
+------------------------------------+----------------------------------------------+


+--------------------------------------------------------------------------------------------------------------------------+
; Analysis & Synthesis Settings                                                                                            ;
+----------------------------------------------------------------------------+----------------------+----------------------+
; Option                                                                     ; Setting              ; Default Value        ;
+----------------------------------------------------------------------------+----------------------+----------------------+
; Device                                                                     ; EP3C120F780I7        ;                      ;
; Top-level entity name                                                      ; Kmeans_DualRamMemory ; Kmeans_DualRamMemory ;
; Family name                                                                ; Cyclone III          ; Stratix II           ;
; Use Generated Physical Constraints File                                    ; Off                  ;                      ;
; Use smart compilation                                                      ; Off                  ; Off                  ;
; Enable parallel Assembler and TimeQuest Timing Analyzer during compilation ; On                   ; On                   ;
; Enable compact report table                                                ; Off                  ; Off                  ;
; Restructure Multiplexers                                                   ; Auto                 ; Auto                 ;
; Create Debugging Nodes for IP Cores                                        ; Off                  ; Off                  ;
; Preserve fewer node names                                                  ; On                   ; On                   ;
; Disable OpenCore Plus hardware evaluation                                  ; Off                  ; Off                  ;
; Verilog Version                                                            ; Verilog_2001         ; Verilog_2001         ;
; VHDL Version                                                               ; VHDL_1993            ; VHDL_1993            ;
; State Machine Processing                                                   ; Auto                 ; Auto                 ;
; Safe State Machine                                                         ; Off                  ; Off                  ;
; Extract Verilog State Machines                                             ; On                   ; On                   ;
; Extract VHDL State Machines                                                ; On                   ; On                   ;
; Ignore Verilog initial constructs                                          ; Off                  ; Off                  ;
; Iteration limit for constant Verilog loops                                 ; 5000                 ; 5000                 ;
; Iteration limit for non-constant Verilog loops                             ; 250                  ; 250                  ;
; Add Pass-Through Logic to Inferred RAMs                                    ; On                   ; On                   ;
; Parallel Synthesis                                                         ; On                   ; On                   ;
; DSP Block Balancing                                                        ; Auto                 ; Auto                 ;
; NOT Gate Push-Back                                                         ; On                   ; On                   ;
; Power-Up Don't Care                                                        ; On                   ; On                   ;
; Remove Redundant Logic Cells                                               ; Off                  ; Off                  ;
; Remove Duplicate Registers                                                 ; On                   ; On                   ;
; Ignore CARRY Buffers                                                       ; Off                  ; Off                  ;
; Ignore CASCADE Buffers                                                     ; Off                  ; Off                  ;
; Ignore GLOBAL Buffers                                                      ; Off                  ; Off                  ;
; Ignore ROW GLOBAL Buffers                                                  ; Off                  ; Off                  ;
; Ignore LCELL Buffers                                                       ; Off                  ; Off                  ;
; Ignore SOFT Buffers                                                        ; On                   ; On                   ;
; Limit AHDL Integers to 32 Bits                                             ; Off                  ; Off                  ;
; Optimization Technique                                                     ; Balanced             ; Balanced             ;
; Carry Chain Length                                                         ; 70                   ; 70                   ;
; Auto Carry Chains                                                          ; On                   ; On                   ;
; Auto Open-Drain Pins                                                       ; On                   ; On                   ;
; Perform WYSIWYG Primitive Resynthesis                                      ; Off                  ; Off                  ;
; Auto ROM Replacement                                                       ; On                   ; On                   ;
; Auto RAM Replacement                                                       ; On                   ; On                   ;
; Auto DSP Block Replacement                                                 ; On                   ; On                   ;
; Auto Shift Register Replacement                                            ; Auto                 ; Auto                 ;
; Auto Clock Enable Replacement                                              ; On                   ; On                   ;
; Strict RAM Replacement                                                     ; Off                  ; Off                  ;
; Allow Synchronous Control Signals                                          ; On                   ; On                   ;
; Force Use of Synchronous Clear Signals                                     ; Off                  ; Off                  ;
; Auto RAM Block Balancing                                                   ; On                   ; On                   ;
; Auto RAM to Logic Cell Conversion                                          ; Off                  ; Off                  ;
; Auto Resource Sharing                                                      ; Off                  ; Off                  ;
; Allow Any RAM Size For Recognition                                         ; Off                  ; Off                  ;
; Allow Any ROM Size For Recognition                                         ; Off                  ; Off                  ;
; Allow Any Shift Register Size For Recognition                              ; Off                  ; Off                  ;
; Use LogicLock Constraints during Resource Balancing                        ; On                   ; On                   ;
; Ignore translate_off and synthesis_off directives                          ; Off                  ; Off                  ;
; Timing-Driven Synthesis                                                    ; On                   ; On                   ;
; Show Parameter Settings Tables in Synthesis Report                         ; On                   ; On                   ;
; Ignore Maximum Fan-Out Assignments                                         ; Off                  ; Off                  ;
; Synchronization Register Chain Length                                      ; 2                    ; 2                    ;
; PowerPlay Power Optimization                                               ; Normal compilation   ; Normal compilation   ;
; HDL message level                                                          ; Level2               ; Level2               ;
; Suppress Register Optimization Related Messages                            ; Off                  ; Off                  ;
; Number of Removed Registers Reported in Synthesis Report                   ; 5000                 ; 5000                 ;
; Number of Inverted Registers Reported in Synthesis Report                  ; 100                  ; 100                  ;
; Clock MUX Protection                                                       ; On                   ; On                   ;
; Auto Gated Clock Conversion                                                ; Off                  ; Off                  ;
; Block Design Naming                                                        ; Auto                 ; Auto                 ;
; SDC constraint protection                                                  ; Off                  ; Off                  ;
; Synthesis Effort                                                           ; Auto                 ; Auto                 ;
; Shift Register Replacement - Allow Asynchronous Clear Signal               ; On                   ; On                   ;
; Analysis & Synthesis Message Level                                         ; Medium               ; Medium               ;
; Disable Register Merging Across Hierarchies                                ; Auto                 ; Auto                 ;
; Resource Aware Inference For Block RAM                                     ; On                   ; On                   ;
+----------------------------------------------------------------------------+----------------------+----------------------+


Parallel compilation was disabled, but you have multiple processors available. Enable parallel compilation to reduce compilation time.
+-------------------------------------+
; Parallel Compilation                ;
+----------------------------+--------+
; Processors                 ; Number ;
+----------------------------+--------+
; Number detected on machine ; 2      ;
; Maximum allowed            ; 1      ;
+----------------------------+--------+


+---------------------------------------------------------------------------------------------------------------------------------------------------------------------------------------------------------------+
; Analysis & Synthesis Source Files Read                                                                                                                                                                        ;
+----------------------------------+-----------------+------------------------------+---------------------------------------------------------------------------------------------------------------------------+
; File Name with User-Entered Path ; Used in Netlist ; File Type                    ; File Name with Absolute Path                                                                                              ;
+----------------------------------+-----------------+------------------------------+---------------------------------------------------------------------------------------------------------------------------+
; Kmeans_DualRamMemory.vhd         ; yes             ; User Wizard-Generated File   ; C:/Users/Lucas/Documents/PUC/Iniciação Científica/KMeans/Kmeans_Processador/Kmeans_DualRamMemory/Kmeans_DualRamMemory.vhd ;
; altsyncram.tdf                   ; yes             ; Megafunction                 ; c:/altera/91sp2/quartus/libraries/megafunctions/altsyncram.tdf                                                            ;
; db/altsyncram_l5i2.tdf           ; yes             ; Auto-Generated Megafunction  ; C:/Users/Lucas/Documents/PUC/Iniciação Científica/KMeans/Kmeans_Processador/Kmeans_DualRamMemory/db/altsyncram_l5i2.tdf   ;
; db/decode_dra.tdf                ; yes             ; Auto-Generated Megafunction  ; C:/Users/Lucas/Documents/PUC/Iniciação Científica/KMeans/Kmeans_Processador/Kmeans_DualRamMemory/db/decode_dra.tdf        ;
; db/decode_67a.tdf                ; yes             ; Auto-Generated Megafunction  ; C:/Users/Lucas/Documents/PUC/Iniciação Científica/KMeans/Kmeans_Processador/Kmeans_DualRamMemory/db/decode_67a.tdf        ;
; db/mux_fnb.tdf                   ; yes             ; Auto-Generated Megafunction  ; C:/Users/Lucas/Documents/PUC/Iniciação Científica/KMeans/Kmeans_Processador/Kmeans_DualRamMemory/db/mux_fnb.tdf           ;
+----------------------------------+-----------------+------------------------------+---------------------------------------------------------------------------------------------------------------------------+


+-----------------------------------------------------------+
; Analysis & Synthesis Resource Usage Summary               ;
+---------------------------------------------+-------------+
; Resource                                    ; Usage       ;
+---------------------------------------------+-------------+
; Estimated Total logic elements              ; 276         ;
;                                             ;             ;
; Total combinational functions               ; 272         ;
; Logic element usage by number of LUT inputs ;             ;
;     -- 4 input functions                    ; 256         ;
;     -- 3 input functions                    ; 8           ;
;     -- <=2 input functions                  ; 8           ;
;                                             ;             ;
; Logic elements by mode                      ;             ;
;     -- normal mode                          ; 272         ;
;     -- arithmetic mode                      ; 0           ;
;                                             ;             ;
; Total registers                             ; 4           ;
;     -- Dedicated logic registers            ; 4           ;
;     -- I/O registers                        ; 0           ;
;                                             ;             ;
; I/O pins                                    ; 289         ;
; Total memory bits                           ; 2097152     ;
; Maximum fan-out node                        ; clock~input ;
; Maximum fan-out                             ; 260         ;
; Total fan-out                               ; 9937        ;
; Average fan-out                             ; 8.95        ;
+---------------------------------------------+-------------+


+-----------------------------------------------------------------------------------------------------------------------------------------------------------------------------------------------------------------------------------------------------------------------------+
; Analysis & Synthesis Resource Utilization by Entity                                                                                                                                                                                                                         ;
+----------------------------------------+-------------------+--------------+-------------+--------------+---------+-----------+------+--------------+---------------------------------------------------------------------------------------------------------+--------------+
; Compilation Hierarchy Node             ; LC Combinationals ; LC Registers ; Memory Bits ; DSP Elements ; DSP 9x9 ; DSP 18x18 ; Pins ; Virtual Pins ; Full Hierarchy Name                                                                                     ; Library Name ;
+----------------------------------------+-------------------+--------------+-------------+--------------+---------+-----------+------+--------------+---------------------------------------------------------------------------------------------------------+--------------+
; |Kmeans_DualRamMemory                  ; 272 (0)           ; 4 (0)        ; 2097152     ; 0            ; 0       ; 0         ; 289  ; 0            ; |Kmeans_DualRamMemory                                                                                   ; work         ;
;    |altsyncram:altsyncram_component|   ; 272 (0)           ; 4 (0)        ; 2097152     ; 0            ; 0       ; 0         ; 0    ; 0            ; |Kmeans_DualRamMemory|altsyncram:altsyncram_component                                                   ;              ;
;       |altsyncram_l5i2:auto_generated| ; 272 (0)           ; 4 (4)        ; 2097152     ; 0            ; 0       ; 0         ; 0    ; 0            ; |Kmeans_DualRamMemory|altsyncram:altsyncram_component|altsyncram_l5i2:auto_generated                    ;              ;
;          |decode_dra:decode2|          ; 8 (8)             ; 0 (0)        ; 0           ; 0            ; 0       ; 0         ; 0    ; 0            ; |Kmeans_DualRamMemory|altsyncram:altsyncram_component|altsyncram_l5i2:auto_generated|decode_dra:decode2 ; work         ;
;          |decode_dra:decode3|          ; 8 (8)             ; 0 (0)        ; 0           ; 0            ; 0       ; 0         ; 0    ; 0            ; |Kmeans_DualRamMemory|altsyncram:altsyncram_component|altsyncram_l5i2:auto_generated|decode_dra:decode3 ;              ;
;          |mux_fnb:mux4|                ; 128 (128)         ; 0 (0)        ; 0           ; 0            ; 0       ; 0         ; 0    ; 0            ; |Kmeans_DualRamMemory|altsyncram:altsyncram_component|altsyncram_l5i2:auto_generated|mux_fnb:mux4       ;              ;
;          |mux_fnb:mux5|                ; 128 (128)         ; 0 (0)        ; 0           ; 0            ; 0       ; 0         ; 0    ; 0            ; |Kmeans_DualRamMemory|altsyncram:altsyncram_component|altsyncram_l5i2:auto_generated|mux_fnb:mux5       ; work         ;
+----------------------------------------+-------------------+--------------+-------------+--------------+---------+-----------+------+--------------+---------------------------------------------------------------------------------------------------------+--------------+
Note: For table entries with two numbers listed, the numbers in parentheses indicate the number of resources of the given type used by the specific entity alone. The numbers listed outside of parentheses indicate the total resources of the given type used by the specific entity and all of its sub-entities in the hierarchy.


+--------------------------------------------------------------------------------------------------------------------------------------------------------------------------------+
; Analysis & Synthesis RAM Summary                                                                                                                                               ;
+---------------------------------------------------------------------------+------+----------------+--------------+--------------+--------------+--------------+---------+------+
; Name                                                                      ; Type ; Mode           ; Port A Depth ; Port A Width ; Port B Depth ; Port B Width ; Size    ; MIF  ;
+---------------------------------------------------------------------------+------+----------------+--------------+--------------+--------------+--------------+---------+------+
; altsyncram:altsyncram_component|altsyncram_l5i2:auto_generated|ALTSYNCRAM ; AUTO ; True Dual Port ; 32768        ; 64           ; 32768        ; 64           ; 2097152 ; None ;
+---------------------------------------------------------------------------+------+----------------+--------------+--------------+--------------+--------------+---------+------+


+------------------------------------------------------+
; General Register Statistics                          ;
+----------------------------------------------+-------+
; Statistic                                    ; Value ;
+----------------------------------------------+-------+
; Total registers                              ; 4     ;
; Number of registers using Synchronous Clear  ; 0     ;
; Number of registers using Synchronous Load   ; 0     ;
; Number of registers using Asynchronous Clear ; 0     ;
; Number of registers using Asynchronous Load  ; 0     ;
; Number of registers using Clock Enable       ; 0     ;
; Number of registers using Preset             ; 0     ;
+----------------------------------------------+-------+


+---------------------------------------------------------------------------------------+
; Source assignments for altsyncram:altsyncram_component|altsyncram_l5i2:auto_generated ;
+---------------------------------+--------------------+------+-------------------------+
; Assignment                      ; Value              ; From ; To                      ;
+---------------------------------+--------------------+------+-------------------------+
; OPTIMIZE_POWER_DURING_SYNTHESIS ; NORMAL_COMPILATION ; -    ; -                       ;
+---------------------------------+--------------------+------+-------------------------+


+------------------------------------------------------------------------------+
; Parameter Settings for User Entity Instance: altsyncram:altsyncram_component ;
+------------------------------------+------------------------+----------------+
; Parameter Name                     ; Value                  ; Type           ;
+------------------------------------+------------------------+----------------+
; BYTE_SIZE_BLOCK                    ; 8                      ; Untyped        ;
; AUTO_CARRY_CHAINS                  ; ON                     ; AUTO_CARRY     ;
; IGNORE_CARRY_BUFFERS               ; OFF                    ; IGNORE_CARRY   ;
; AUTO_CASCADE_CHAINS                ; ON                     ; AUTO_CASCADE   ;
; IGNORE_CASCADE_BUFFERS             ; OFF                    ; IGNORE_CASCADE ;
; WIDTH_BYTEENA                      ; 1                      ; Untyped        ;
; OPERATION_MODE                     ; BIDIR_DUAL_PORT        ; Untyped        ;
; WIDTH_A                            ; 64                     ; Signed Integer ;
; WIDTHAD_A                          ; 15                     ; Signed Integer ;
; NUMWORDS_A                         ; 32768                  ; Signed Integer ;
; OUTDATA_REG_A                      ; UNREGISTERED           ; Untyped        ;
; ADDRESS_ACLR_A                     ; NONE                   ; Untyped        ;
; OUTDATA_ACLR_A                     ; NONE                   ; Untyped        ;
; WRCONTROL_ACLR_A                   ; NONE                   ; Untyped        ;
; INDATA_ACLR_A                      ; NONE                   ; Untyped        ;
; BYTEENA_ACLR_A                     ; NONE                   ; Untyped        ;
; WIDTH_B                            ; 64                     ; Signed Integer ;
; WIDTHAD_B                          ; 15                     ; Signed Integer ;
; NUMWORDS_B                         ; 32768                  ; Signed Integer ;
; INDATA_REG_B                       ; CLOCK0                 ; Untyped        ;
; WRCONTROL_WRADDRESS_REG_B          ; CLOCK0                 ; Untyped        ;
; RDCONTROL_REG_B                    ; CLOCK1                 ; Untyped        ;
; ADDRESS_REG_B                      ; CLOCK0                 ; Untyped        ;
; OUTDATA_REG_B                      ; UNREGISTERED           ; Untyped        ;
; BYTEENA_REG_B                      ; CLOCK1                 ; Untyped        ;
; INDATA_ACLR_B                      ; NONE                   ; Untyped        ;
; WRCONTROL_ACLR_B                   ; NONE                   ; Untyped        ;
; ADDRESS_ACLR_B                     ; NONE                   ; Untyped        ;
; OUTDATA_ACLR_B                     ; NONE                   ; Untyped        ;
; RDCONTROL_ACLR_B                   ; NONE                   ; Untyped        ;
; BYTEENA_ACLR_B                     ; NONE                   ; Untyped        ;
; WIDTH_BYTEENA_A                    ; 1                      ; Signed Integer ;
; WIDTH_BYTEENA_B                    ; 1                      ; Signed Integer ;
; RAM_BLOCK_TYPE                     ; AUTO                   ; Untyped        ;
; BYTE_SIZE                          ; 8                      ; Untyped        ;
; READ_DURING_WRITE_MODE_MIXED_PORTS ; DONT_CARE              ; Untyped        ;
; READ_DURING_WRITE_MODE_PORT_A      ; NEW_DATA_WITH_NBE_READ ; Untyped        ;
; READ_DURING_WRITE_MODE_PORT_B      ; NEW_DATA_WITH_NBE_READ ; Untyped        ;
; INIT_FILE                          ; UNUSED                 ; Untyped        ;
; INIT_FILE_LAYOUT                   ; PORT_A                 ; Untyped        ;
; MAXIMUM_DEPTH                      ; 0                      ; Untyped        ;
; CLOCK_ENABLE_INPUT_A               ; BYPASS                 ; Untyped        ;
; CLOCK_ENABLE_INPUT_B               ; BYPASS                 ; Untyped        ;
; CLOCK_ENABLE_OUTPUT_A              ; BYPASS                 ; Untyped        ;
; CLOCK_ENABLE_OUTPUT_B              ; BYPASS                 ; Untyped        ;
; CLOCK_ENABLE_CORE_A                ; USE_INPUT_CLKEN        ; Untyped        ;
; CLOCK_ENABLE_CORE_B                ; USE_INPUT_CLKEN        ; Untyped        ;
; ENABLE_ECC                         ; FALSE                  ; Untyped        ;
; DEVICE_FAMILY                      ; Cyclone III            ; Untyped        ;
; CBXI_PARAMETER                     ; altsyncram_l5i2        ; Untyped        ;
+------------------------------------+------------------------+----------------+
Note: In order to hide this table in the UI and the text report file, please set the "Show Parameter Settings Tables in Synthesis Report" option in "Analysis and Synthesis Settings -> More Settings" to "Off".


+-----------------------------------------------------------------------------+
; altsyncram Parameter Settings by Entity Instance                            ;
+-------------------------------------------+---------------------------------+
; Name                                      ; Value                           ;
+-------------------------------------------+---------------------------------+
; Number of entity instances                ; 1                               ;
; Entity Instance                           ; altsyncram:altsyncram_component ;
;     -- OPERATION_MODE                     ; BIDIR_DUAL_PORT                 ;
;     -- WIDTH_A                            ; 64                              ;
;     -- NUMWORDS_A                         ; 32768                           ;
;     -- OUTDATA_REG_A                      ; UNREGISTERED                    ;
;     -- WIDTH_B                            ; 64                              ;
;     -- NUMWORDS_B                         ; 32768                           ;
;     -- ADDRESS_REG_B                      ; CLOCK0                          ;
;     -- OUTDATA_REG_B                      ; UNREGISTERED                    ;
;     -- RAM_BLOCK_TYPE                     ; AUTO                            ;
;     -- READ_DURING_WRITE_MODE_MIXED_PORTS ; DONT_CARE                       ;
+-------------------------------------------+---------------------------------+


+-------------------------------+
; Analysis & Synthesis Messages ;
+-------------------------------+
Info: *******************************************************************
Info: Running Quartus II Analysis & Synthesis
    Info: Version 9.1 Build 350 03/24/2010 Service Pack 2 SJ Web Edition
    Info: Processing started: Fri Jan 20 16:14:31 2017
Info: Command: quartus_map --read_settings_files=on --write_settings_files=off Kmeans_DualRamMemory -c Kmeans_DualRamMemory
Info: Found 2 design units, including 1 entities, in source file kmeans_dualrammemory.vhd
    Info: Found design unit 1: kmeans_dualrammemory-SYN
    Info: Found entity 1: Kmeans_DualRamMemory
Info: Elaborating entity "Kmeans_DualRamMemory" for the top level hierarchy
Info: Elaborating entity "altsyncram" for hierarchy "altsyncram:altsyncram_component"
Info: Elaborated megafunction instantiation "altsyncram:altsyncram_component"
Info: Instantiated megafunction "altsyncram:altsyncram_component" with the following parameter:
    Info: Parameter "address_reg_b" = "CLOCK0"
    Info: Parameter "clock_enable_input_a" = "BYPASS"
    Info: Parameter "clock_enable_input_b" = "BYPASS"
    Info: Parameter "clock_enable_output_a" = "BYPASS"
    Info: Parameter "clock_enable_output_b" = "BYPASS"
    Info: Parameter "indata_reg_b" = "CLOCK0"
    Info: Parameter "intended_device_family" = "Cyclone III"
    Info: Parameter "lpm_type" = "altsyncram"
    Info: Parameter "numwords_a" = "32768"
    Info: Parameter "numwords_b" = "32768"
    Info: Parameter "operation_mode" = "BIDIR_DUAL_PORT"
    Info: Parameter "outdata_aclr_a" = "NONE"
    Info: Parameter "outdata_aclr_b" = "NONE"
    Info: Parameter "outdata_reg_a" = "UNREGISTERED"
    Info: Parameter "outdata_reg_b" = "UNREGISTERED"
    Info: Parameter "power_up_uninitialized" = "FALSE"
    Info: Parameter "read_during_write_mode_mixed_ports" = "DONT_CARE"
    Info: Parameter "read_during_write_mode_port_a" = "NEW_DATA_WITH_NBE_READ"
    Info: Parameter "read_during_write_mode_port_b" = "NEW_DATA_WITH_NBE_READ"
    Info: Parameter "widthad_a" = "15"
    Info: Parameter "widthad_b" = "15"
    Info: Parameter "width_a" = "64"
    Info: Parameter "width_b" = "64"
    Info: Parameter "width_byteena_a" = "1"
    Info: Parameter "width_byteena_b" = "1"
    Info: Parameter "wrcontrol_wraddress_reg_b" = "CLOCK0"
Info: Found 1 design units, including 1 entities, in source file db/altsyncram_l5i2.tdf
    Info: Found entity 1: altsyncram_l5i2
Info: Elaborating entity "altsyncram_l5i2" for hierarchy "altsyncram:altsyncram_component|altsyncram_l5i2:auto_generated"
Info: Found 1 design units, including 1 entities, in source file db/decode_dra.tdf
    Info: Found entity 1: decode_dra
Info: Elaborating entity "decode_dra" for hierarchy "altsyncram:altsyncram_component|altsyncram_l5i2:auto_generated|decode_dra:decode2"
Info: Found 1 design units, including 1 entities, in source file db/decode_67a.tdf
    Info: Found entity 1: decode_67a
Info: Elaborating entity "decode_67a" for hierarchy "altsyncram:altsyncram_component|altsyncram_l5i2:auto_generated|decode_67a:rden_decode_a"
Info: Found 1 design units, including 1 entities, in source file db/mux_fnb.tdf
    Info: Found entity 1: mux_fnb
Info: Elaborating entity "mux_fnb" for hierarchy "altsyncram:altsyncram_component|altsyncram_l5i2:auto_generated|mux_fnb:mux4"
Info: Timing-Driven Synthesis is running
Info: Implemented 821 device resources after synthesis - the final resource count might be different
    Info: Implemented 161 input pins
    Info: Implemented 128 output pins
    Info: Implemented 276 logic cells
    Info: Implemented 256 RAM segments
Info: Quartus II Analysis & Synthesis was successful. 0 errors, 0 warnings
    Info: Peak virtual memory: 302 megabytes
    Info: Processing ended: Fri Jan 20 16:14:38 2017
    Info: Elapsed time: 00:00:07
    Info: Total CPU time (on all processors): 00:00:07


