Flow report for Kmeans_DualRamMemory
Fri Jan 20 16:15:28 2017
Quartus II Version 9.1 Build 350 03/24/2010 Service Pack 2 SJ Web Edition


---------------------
; Table of Contents ;
---------------------
  1. Legal Notice
  2. Flow Summary
  3. Flow Settings
  4. Flow Non-Default Global Settings
  5. Flow Elapsed Time
  6. Flow OS Summary
  7. Flow Log



----------------
; Legal Notice ;
----------------
Copyright (C) 1991-2010 Altera Corporation
Your use of Altera Corporation's design tools, logic functions 
and other software and tools, and its AMPP partner logic 
functions, and any output files from any of the foregoing 
(including device programming or simulation files), and any 
associated documentation or information are expressly subject 
to the terms and conditions of the Altera Program License 
Subscription Agreement, Altera MegaCore Function License 
Agreement, or other applicable license agreement, including, 
without limitation, that your use is for the sole purpose of 
programming logic devices manufactured by Altera and sold by 
Altera or its authorized distributors.  Please refer to the 
applicable agreement for further details.



+-----------------------------------------------------------------------------------+
; Flow Summary                                                                      ;
+------------------------------------+----------------------------------------------+
; Flow Status                        ; Successful - Fri Jan 20 16:15:28 2017        ;
; Quartus II Version                 ; 9.1 Build 350 03/24/2010 SP 2 SJ Web Edition ;
; Revision Name                      ; Kmeans_DualRamMemory                         ;
; Top-level Entity Name              ; Kmeans_DualRamMemory                         ;
; Family                             ; Cyclone III                                  ;
; Device                             ; EP3C120F780I7                                ;
; Timing Models                      ; Final                                        ;
; Met timing requirements            ; N/A                                          ;
; Total logic elements               ; 272 / 119,088 ( < 1 % )                      ;
;     Total combinational functions  ; 272 / 119,088 ( < 1 % )                      ;
;     Dedicated logic registers      ; 4 / 119,088 ( < 1 % )                        ;
; Total registers                    ; 4                                            ;
; Total pins                         ; 289 / 532 ( 54 % )                           ;
; Total virtual pins                 ; 0                                            ;
; Total memory bits                  ; 2,097,152 / 3,981,312 ( 53 % )               ;
; Embedded Multiplier 9-bit elements ; 0 / 576 ( 0 % )                              ;
; Total PLLs                         ; 0 / 4 ( 0 % )                                ;
+------------------------------------+----------------------------------------------+


+------------------------------------------+
; Flow Settings                            ;
+-------------------+----------------------+
; Option            ; Setting              ;
+-------------------+----------------------+
; Start date & time ; 01/20/2017 16:14:32  ;
; Main task         ; Compilation          ;
; Revision Name     ; Kmeans_DualRamMemory ;
+-------------------+----------------------+


+---------------------------------------------------------------------------------------------------------------------+
; Flow Non-Default Global Settings                                                                                    ;
+------------------------------------+---------------------------------+---------------+-------------+----------------+
; Assignment Name                    ; Value                           ; Default Value ; Entity Name ; Section Id     ;
+------------------------------------+---------------------------------+---------------+-------------+----------------+
; COMPILER_SIGNATURE_ID              ; 141761621757010.148493607103000 ; --            ; --          ; --             ;
; IP_TOOL_NAME                       ; RAM: 2-PORT                     ; --            ; --          ; --             ;
; IP_TOOL_VERSION                    ; 9.1                             ; --            ; --          ; --             ;
; MAX_CORE_JUNCTION_TEMP             ; 100                             ; --            ; --          ; --             ;
; MIN_CORE_JUNCTION_TEMP             ; -40                             ; --            ; --          ; --             ;
; MISC_FILE                          ; Kmeans_DualRamMemory.bsf        ; --            ; --          ; --             ;
; MISC_FILE                          ; Kmeans_DualRamMemory.cmp        ; --            ; --          ; --             ;
; NOMINAL_CORE_SUPPLY_VOLTAGE        ; 1.2V                            ; --            ; --          ; --             ;
; PARTITION_COLOR                    ; 16764057                        ; --            ; --          ; Top            ;
; PARTITION_NETLIST_TYPE             ; SOURCE                          ; --            ; --          ; Top            ;
; USE_GENERATED_PHYSICAL_CONSTRAINTS ; Off                             ; --            ; --          ; eda_blast_fpga ;
+------------------------------------+---------------------------------+---------------+-------------+----------------+


+-------------------------------------------------------------------------------------------------------------------------------+
; Flow Elapsed Time                                                                                                             ;
+---------------------------+--------------+-------------------------+---------------------+------------------------------------+
; Module Name               ; Elapsed Time ; Average Processors Used ; Peak Virtual Memory ; Total CPU Time (on all processors) ;
+---------------------------+--------------+-------------------------+---------------------+------------------------------------+
; Analysis & Synthesis      ; 00:00:07     ; 1.0                     ; 302 MB              ; 00:00:06                           ;
; Fitter                    ; 00:00:37     ; 1.0                     ; 411 MB              ; 00:00:37                           ;
; TimeQuest Timing Analyzer ; 00:00:10     ; 1.0                     ; 320 MB              ; 00:00:10                           ;
; Assembler                 ; 00:00:10     ; 1.0                     ; 458 MB              ; 00:00:09                           ;
; Total                     ; 00:00:54     ; --                      ; --                  ; 00:00:53                           ;
+---------------------------+--------------+-------------------------+---------------------+------------------------------------+


+--------------------------------------------------------------------------------------------+
; Flow OS Summary                                                                            ;
+---------------------------+------------------+---------------+------------+----------------+
; Module Name               ; Machine Hostname ; OS Name       ; OS Version ; Processor type ;
+---------------------------+------------------+---------------+------------+----------------+
; Analysis & Synthesis      ; LUCAS-PC         ; Windows Vista ; 6.2        ; x86_64         ;
; Fitter                    ; LUCAS-PC         ; Windows Vista ; 6.2        ; x86_64         ;
; Assembler                 ; LUCAS-PC         ; Windows Vista ; 6.2        ; x86_64         ;
; TimeQuest Timing Analyzer ; LUCAS-PC         ; Windows Vista ; 6.2        ; x86_64         ;
+---------------------------+------------------+---------------+------------+----------------+


------------
; Flow Log ;
------------
quartus_map --read_settings_files=on --write_settings_files=off Kmeans_DualRamMemory -c Kmeans_DualRamMemory
quartus_fit --read_settings_files=off --write_settings_files=off Kmeans_DualRamMemory -c Kmeans_DualRamMemory
quartus_asm --read_settings_files=off --write_settings_files=off Kmeans_DualRamMemory -c Kmeans_DualRamMemory
quartus_sta Kmeans_DualRamMemory -c Kmeans_DualRamMemory



